#
# There is insufficient memory for the Java Runtime Environment to continue.
# Native memory allocation (mmap) failed to map 38797312 bytes for Failed to commit area from 0x000000008b700000 to 0x000000008dc00000 of length 38797312.
# Possible reasons:
#   The system is out of physical RAM or swap space
#   The process is running with CompressedOops enabled, and the Java Heap may be blocking the growth of the native heap
# Possible solutions:
#   Reduce memory load on the system
#   Increase physical memory or swap space
#   Check if swap backing store is full
#   Decrease Java heap size (-Xmx/-Xms)
#   Decrease number of Java threads
#   Decrease Java thread stack sizes (-Xss)
#   Set larger code cache with -XX:ReservedCodeCacheSize=
#   JVM is running with Unscaled Compressed Oops mode in which the Java heap is
#     placed in the first 4GB address space. The Java Heap base address is the
#     maximum limit for the native heap growth. Please use -XX:HeapBaseMinAddress
#     to set the Java Heap base and to place the Java Heap above 4GB virtual address.
# This output file may be truncated or incomplete.
#
#  Out of Memory Error (./src/hotspot/os/windows/os_windows.cpp:3303), pid=13364, tid=11204
#
# JRE version: OpenJDK Runtime Environment (11.0.8+10) (build 11.0.8+10-b944.6842174)
# Java VM: OpenJDK 64-Bit Server VM (11.0.8+10-b944.6842174, mixed mode, tiered, compressed oops, g1 gc, windows-amd64)
# No core dump will be written. Minidumps are not enabled by default on client versions of Windows
#

---------------  S U M M A R Y ------------

Command Line: --add-opens=java.base/java.util=ALL-UNNAMED --add-opens=java.base/java.lang=ALL-UNNAMED --add-opens=java.base/java.lang.invoke=ALL-UNNAMED --add-opens=java.prefs/java.util.prefs=ALL-UNNAMED -Xmx2048m -Dfile.encoding=UTF-8 -Duser.country=US -Duser.language=en -Duser.variant org.gradle.launcher.daemon.bootstrap.GradleDaemon 6.7.1

Host: Intel(R) Core(TM) i5-9300H CPU @ 2.40GHz, 8 cores, 7G,  Windows 10 , 64 bit Build 19041 (10.0.19041.1023)
Time: Fri Jun 25 21:32:02 2021 India Standard Time elapsed time: 8 seconds (0d 0h 0m 8s)

---------------  T H R E A D  ---------------

Current thread (0x000001367f47c800):  VMThread "VM Thread" [stack: 0x00000001d3f00000,0x00000001d4000000] [id=11204]

Stack: [0x00000001d3f00000,0x00000001d4000000]
[error occurred during error reporting (printing stack bounds), id 0xc0000005, EXCEPTION_ACCESS_VIOLATION (0xc0000005) at pc=0x000001366c330dad]

Native frames: (J=compiled Java code, j=interpreted, Vv=VM code, C=native code)
V  [jvm.dll+0x5de50a]
V  [jvm.dll+0x7122f5]
V  [jvm.dll+0x71384d]
V  [jvm.dll+0x713e65]
V  [jvm.dll+0x713e1b]
V  [jvm.dll+0x5dd958]
V  [jvm.dll+0x5de0f8]
C  [ntdll.dll+0xa217f]
C  [ntdll.dll+0x51454]
C  [ntdll.dll+0xa0cae]
C  0x000001366c330dad

VM_Operation (0x00000001d54f8a90): G1CollectForAllocation, mode: safepoint, requested by thread 0x0000013604c4e000


---------------  P R O C E S S  ---------------

Threads class SMR info:
_java_thread_list=0x0000013609123720, length=147, elements={
0x00000136671eb800, 0x000001367f484800, 0x000001367f485800, 0x0000013604042800,
0x000001367f49a000, 0x000001367f49e000, 0x000001367f4a2000, 0x000001367f4ab000,
0x0000013604194000, 0x0000013604194800, 0x0000013605b85800, 0x0000013605a42000,
0x0000013605666800, 0x0000013605628000, 0x0000013605b38800, 0x0000013605d1a000,
0x0000013604c4e000, 0x0000013605bce000, 0x0000013604f24000, 0x000001360617b800,
0x0000013606871000, 0x0000013606871800, 0x000001360686e800, 0x000001360686f000,
0x0000013606870000, 0x000001360686d800, 0x0000013606872800, 0x000001360686c800,
0x0000013606873800, 0x00000136086fb000, 0x00000136086f9800, 0x0000013608700000,
0x00000136086fe000, 0x00000136086fa000, 0x0000013608701800, 0x0000013608700800,
0x00000136086fc800, 0x00000136086fc000, 0x00000136086ff000, 0x00000136086fd800,
0x0000013608706800, 0x0000013608707000, 0x0000013608702800, 0x0000013608708000,
0x0000013608703000, 0x0000013608704000, 0x0000013608705000, 0x0000013608705800,
0x000001360689c000, 0x000001360689a000, 0x000001360689e000, 0x000001360689b800,
0x000001360689d000, 0x0000013606899000, 0x00000136068a2000, 0x00000136068a1000,
0x000001360689f800, 0x00000136068a3800, 0x00000136068a2800, 0x00000136068a0800,
0x00000136068a4800, 0x000001360689e800, 0x00000136068a7000, 0x00000136068a7800,
0x00000136068a5000, 0x00000136068a6000, 0x000001360827e800, 0x0000013608283000,
0x000001360827f000, 0x0000013608281800, 0x0000013608281000, 0x0000013608280000,
0x0000013608282800, 0x000001360827d800, 0x0000013608289800, 0x0000013608289000,
0x0000013608284000, 0x0000013608286800, 0x0000013608288000, 0x0000013608285000,
0x0000013608287800, 0x0000013608285800, 0x000001360828a800, 0x000001360828b800,
0x000001360828c000, 0x000001360887a000, 0x000001360887c800, 0x000001360887f000,
0x000001360887e000, 0x0000013608879000, 0x000001360887d000, 0x0000013608880800,
0x000001360887f800, 0x000001360887b000, 0x0000013608881800, 0x000001360887b800,
0x0000013608884000, 0x0000013608886000, 0x0000013608884800, 0x0000013608887000,
0x0000013608888000, 0x0000013608882000, 0x0000013608883000, 0x0000013608885800,
0x00000136062fc800, 0x0000013606303000, 0x00000136062fe800, 0x00000136062fd000,
0x0000013606303800, 0x00000136062fe000, 0x0000013606304800, 0x0000013606300800,
0x0000013606302000, 0x0000013606305800, 0x00000136062ff800, 0x0000013606301000,
0x0000013606309800, 0x0000013606308800, 0x000001360630a000, 0x000001360630b000,
0x0000013606306000, 0x0000013606307000, 0x0000013606307800, 0x000001360c219800,
0x000001360c21e000, 0x000001360c21d000, 0x000001360c21b800, 0x000001360c21c000,
0x000001360c21e800, 0x000001360c219000, 0x000001360c21f800, 0x000001360c220000,
0x000001360c21a800, 0x000001360c222000, 0x000001360c225000, 0x000001360c222800,
0x000001360c227000, 0x000001360c223800, 0x000001360c221000, 0x000001360c224800,
0x000001360c227800, 0x0000013609e3a000, 0x0000013609e39000, 0x0000013609e3b000,
0x0000013609e3b800, 0x0000013609e3f000, 0x000001360a8be000
}

Java Threads: ( => current thread )
  0x00000136671eb800 JavaThread "main" [_thread_blocked, id=3152, stack(0x00000001d3900000,0x00000001d3a00000)]
  0x000001367f484800 JavaThread "Reference Handler" daemon [_thread_blocked, id=10040, stack(0x00000001d4000000,0x00000001d4100000)]
  0x000001367f485800 JavaThread "Finalizer" daemon [_thread_blocked, id=864, stack(0x00000001d4100000,0x00000001d4200000)]
  0x0000013604042800 JavaThread "Signal Dispatcher" daemon [_thread_blocked, id=14760, stack(0x00000001d4200000,0x00000001d4300000)]
  0x000001367f49a000 JavaThread "Attach Listener" daemon [_thread_blocked, id=8388, stack(0x00000001d4300000,0x00000001d4400000)]
  0x000001367f49e000 JavaThread "C2 CompilerThread0" daemon [_thread_in_native, id=1412, stack(0x00000001d4400000,0x00000001d4500000)]
  0x000001367f4a2000 JavaThread "C1 CompilerThread0" daemon [_thread_blocked, id=1408, stack(0x00000001d4500000,0x00000001d4600000)]
  0x000001367f4ab000 JavaThread "Sweeper thread" daemon [_thread_blocked, id=10556, stack(0x00000001d4600000,0x00000001d4700000)]
  0x0000013604194000 JavaThread "Common-Cleaner" daemon [_thread_blocked, id=7888, stack(0x00000001d4700000,0x00000001d4800000)]
  0x0000013604194800 JavaThread "Service Thread" daemon [_thread_blocked, id=3756, stack(0x00000001d4800000,0x00000001d4900000)]
  0x0000013605b85800 JavaThread "Daemon health stats" [_thread_blocked, id=13080, stack(0x00000001d4e00000,0x00000001d4f00000)]
  0x0000013605a42000 JavaThread "Incoming local TCP Connector on port 64305" [_thread_in_native, id=4296, stack(0x00000001d4f00000,0x00000001d5000000)]
  0x0000013605666800 JavaThread "Daemon periodic checks" [_thread_blocked, id=5852, stack(0x00000001d5000000,0x00000001d5100000)]
  0x0000013605628000 JavaThread "Daemon" [_thread_blocked, id=15368, stack(0x00000001d5100000,0x00000001d5200000)]
  0x0000013605b38800 JavaThread "Handler for socket connection from /127.0.0.1:64305 to /127.0.0.1:64306" [_thread_in_native, id=5316, stack(0x00000001d5200000,0x00000001d5300000)]
  0x0000013605d1a000 JavaThread "Cancel handler" [_thread_blocked, id=13232, stack(0x00000001d5300000,0x00000001d5400000)]
  0x0000013604c4e000 JavaThread "Daemon worker" [_thread_blocked, id=2928, stack(0x00000001d5400000,0x00000001d5500000)]
  0x0000013605bce000 JavaThread "Asynchronous log dispatcher for DefaultDaemonConnection: socket connection from /127.0.0.1:64305 to /127.0.0.1:64306" [_thread_blocked, id=14944, stack(0x00000001d5500000,0x00000001d5600000)]
  0x0000013604f24000 JavaThread "Stdin handler" [_thread_blocked, id=13936, stack(0x00000001d5600000,0x00000001d5700000)]
  0x000001360617b800 JavaThread "Thread-8" [_thread_blocked, id=9972, stack(0x00000001d5700000,0x00000001d5800000)]
  0x0000013606871000 JavaThread "Cache worker for file hash cache (C:\Users\maddy\.gradle\caches\6.7.1\fileHashes)" [_thread_blocked, id=3984, stack(0x00000001d5d00000,0x00000001d5e00000)]
  0x0000013606871800 JavaThread "File lock request listener" [_thread_in_native, id=2452, stack(0x00000001d5e00000,0x00000001d5f00000)]
  0x000001360686e800 JavaThread "Cache worker for journal cache (C:\Users\maddy\.gradle\caches\journal-1)" [_thread_blocked, id=15872, stack(0x00000001d6000000,0x00000001d6100000)]
  0x000001360686f000 JavaThread "Cache worker for file hash cache (C:\Users\maddy\AndroidStudioProjects\Joya2\.gradle\6.7.1\fileHashes)" [_thread_blocked, id=15000, stack(0x00000001d6300000,0x00000001d6400000)]
  0x0000013606870000 JavaThread "jar transforms" [_thread_blocked, id=6196, stack(0x00000001d6400000,0x00000001d6500000)]
  0x000001360686d800 JavaThread "jar transforms Thread 2" [_thread_blocked, id=13608, stack(0x00000001d6500000,0x00000001d6600000)]
  0x0000013606872800 JavaThread "jar transforms Thread 3" [_thread_blocked, id=13320, stack(0x00000001d6600000,0x00000001d6700000)]
  0x000001360686c800 JavaThread "jar transforms Thread 4" [_thread_blocked, id=3464, stack(0x00000001d6700000,0x00000001d6800000)]
  0x0000013606873800 JavaThread "jar transforms Thread 5" [_thread_blocked, id=1276, stack(0x00000001d6800000,0x00000001d6900000)]
  0x00000136086fb000 JavaThread "jar transforms Thread 6" [_thread_blocked, id=2720, stack(0x00000001d6900000,0x00000001d6a00000)]
  0x00000136086f9800 JavaThread "jar transforms Thread 7" [_thread_blocked, id=6352, stack(0x00000001d6a00000,0x00000001d6b00000)]
  0x0000013608700000 JavaThread "jar transforms Thread 8" [_thread_blocked, id=8392, stack(0x00000001d6b00000,0x00000001d6c00000)]
  0x00000136086fe000 JavaThread "jar transforms Thread 9" [_thread_blocked, id=6632, stack(0x00000001d6c00000,0x00000001d6d00000)]
  0x00000136086fa000 JavaThread "jar transforms Thread 10" [_thread_blocked, id=9892, stack(0x00000001d6d00000,0x00000001d6e00000)]
  0x0000013608701800 JavaThread "jar transforms Thread 11" [_thread_blocked, id=14420, stack(0x00000001d6e00000,0x00000001d6f00000)]
  0x0000013608700800 JavaThread "jar transforms Thread 12" [_thread_blocked, id=2100, stack(0x00000001d6f00000,0x00000001d7000000)]
  0x00000136086fc800 JavaThread "jar transforms Thread 13" [_thread_blocked, id=10132, stack(0x00000001d7000000,0x00000001d7100000)]
  0x00000136086fc000 JavaThread "jar transforms Thread 14" [_thread_blocked, id=14152, stack(0x00000001d7100000,0x00000001d7200000)]
  0x00000136086ff000 JavaThread "jar transforms Thread 15" [_thread_blocked, id=6344, stack(0x00000001d7200000,0x00000001d7300000)]
  0x00000136086fd800 JavaThread "jar transforms Thread 16" [_thread_blocked, id=15500, stack(0x00000001d7300000,0x00000001d7400000)]
  0x0000013608706800 JavaThread "jar transforms Thread 17" [_thread_blocked, id=15496, stack(0x00000001d7400000,0x00000001d7500000)]
  0x0000013608707000 JavaThread "jar transforms Thread 18" [_thread_blocked, id=15492, stack(0x00000001d7500000,0x00000001d7600000)]
  0x0000013608702800 JavaThread "jar transforms Thread 19" [_thread_blocked, id=15488, stack(0x00000001d7600000,0x00000001d7700000)]
  0x0000013608708000 JavaThread "jar transforms Thread 20" [_thread_blocked, id=11700, stack(0x00000001d7700000,0x00000001d7800000)]
  0x0000013608703000 JavaThread "jar transforms Thread 21" [_thread_blocked, id=7304, stack(0x00000001d7800000,0x00000001d7900000)]
  0x0000013608704000 JavaThread "Cache worker for checksums cache (C:\Users\maddy\AndroidStudioProjects\Joya2\.gradle\checksums)" [_thread_blocked, id=15972, stack(0x00000001d7900000,0x00000001d7a00000)]
  0x0000013608705000 JavaThread "Cache worker for cache directory md-supplier (C:\Users\maddy\.gradle\caches\6.7.1\md-supplier)" [_thread_blocked, id=10664, stack(0x00000001d7a00000,0x00000001d7b00000)]
  0x0000013608705800 JavaThread "Cache worker for cache directory md-rule (C:\Users\maddy\.gradle\caches\6.7.1\md-rule)" [_thread_blocked, id=13136, stack(0x00000001d7b00000,0x00000001d7c00000)]
  0x000001360689c000 JavaThread "Cache worker for execution history cache (C:\Users\maddy\.gradle\caches\6.7.1\executionHistory)" [_thread_blocked, id=7464, stack(0x00000001d7c00000,0x00000001d7d00000)]
  0x000001360689a000 JavaThread "Cache worker for file content cache (C:\Users\maddy\.gradle\caches\6.7.1\fileContent)" [_thread_blocked, id=3868, stack(0x00000001d7d00000,0x00000001d7e00000)]
  0x000001360689e000 JavaThread "Cache worker for Build Output Cleanup Cache (C:\Users\maddy\AndroidStudioProjects\Joya2\.gradle\buildOutputCleanup)" [_thread_blocked, id=16276, stack(0x00000001d7e00000,0x00000001d7f00000)]
  0x000001360689b800 JavaThread "Build operations" [_thread_blocked, id=9292, stack(0x00000001d7f00000,0x00000001d8000000)]
  0x000001360689d000 JavaThread "Build operations Thread 2" [_thread_blocked, id=5780, stack(0x00000001d8000000,0x00000001d8100000)]
  0x0000013606899000 JavaThread "Build operations Thread 3" [_thread_blocked, id=14684, stack(0x00000001d8100000,0x00000001d8200000)]
  0x00000136068a2000 JavaThread "Build operations Thread 4" [_thread_blocked, id=11340, stack(0x00000001d8200000,0x00000001d8300000)]
  0x00000136068a1000 JavaThread "Build operations Thread 5" [_thread_blocked, id=15088, stack(0x00000001d8300000,0x00000001d8400000)]
  0x000001360689f800 JavaThread "Build operations Thread 6" [_thread_blocked, id=10200, stack(0x00000001d8400000,0x00000001d8500000)]
  0x00000136068a3800 JavaThread "Build operations Thread 7" [_thread_blocked, id=2696, stack(0x00000001d8500000,0x00000001d8600000)]
  0x00000136068a2800 JavaThread "Build operations Thread 8" [_thread_blocked, id=14344, stack(0x00000001d8600000,0x00000001d8700000)]
  0x00000136068a0800 JavaThread "jar transforms Thread 22" [_thread_blocked, id=13572, stack(0x00000001d8700000,0x00000001d8800000)]
  0x00000136068a4800 JavaThread "jar transforms Thread 23" [_thread_blocked, id=15012, stack(0x00000001d8800000,0x00000001d8900000)]
  0x000001360689e800 JavaThread "jar transforms Thread 24" [_thread_blocked, id=16280, stack(0x00000001d8900000,0x00000001d8a00000)]
  0x00000136068a7000 JavaThread "jar transforms Thread 25" [_thread_blocked, id=7920, stack(0x00000001d8a00000,0x00000001d8b00000)]
  0x00000136068a7800 JavaThread "jar transforms Thread 26" [_thread_blocked, id=15956, stack(0x00000001d8b00000,0x00000001d8c00000)]
  0x00000136068a5000 JavaThread "jar transforms Thread 27" [_thread_blocked, id=15536, stack(0x00000001d8c00000,0x00000001d8d00000)]
  0x00000136068a6000 JavaThread "jar transforms Thread 28" [_thread_blocked, id=13644, stack(0x00000001d8d00000,0x00000001d8e00000)]
  0x000001360827e800 JavaThread "jar transforms Thread 29" [_thread_blocked, id=9368, stack(0x00000001d8e00000,0x00000001d8f00000)]
  0x0000013608283000 JavaThread "jar transforms Thread 30" [_thread_blocked, id=9900, stack(0x00000001d8f00000,0x00000001d9000000)]
  0x000001360827f000 JavaThread "jar transforms Thread 31" [_thread_blocked, id=1376, stack(0x00000001d9000000,0x00000001d9100000)]
  0x0000013608281800 JavaThread "jar transforms Thread 32" [_thread_blocked, id=1372, stack(0x00000001d9100000,0x00000001d9200000)]
  0x0000013608281000 JavaThread "jar transforms Thread 33" [_thread_blocked, id=3164, stack(0x00000001d9200000,0x00000001d9300000)]
  0x0000013608280000 JavaThread "jar transforms Thread 34" [_thread_blocked, id=4032, stack(0x00000001d9300000,0x00000001d9400000)]
  0x0000013608282800 JavaThread "jar transforms Thread 35" [_thread_blocked, id=2260, stack(0x00000001d9400000,0x00000001d9500000)]
  0x000001360827d800 JavaThread "jar transforms Thread 36" [_thread_blocked, id=12456, stack(0x00000001d9500000,0x00000001d9600000)]
  0x0000013608289800 JavaThread "jar transforms Thread 37" [_thread_blocked, id=3988, stack(0x00000001d9600000,0x00000001d9700000)]
  0x0000013608289000 JavaThread "jar transforms Thread 38" [_thread_blocked, id=3936, stack(0x00000001d9700000,0x00000001d9800000)]
  0x0000013608284000 JavaThread "jar transforms Thread 39" [_thread_blocked, id=11996, stack(0x00000001d9800000,0x00000001d9900000)]
  0x0000013608286800 JavaThread "jar transforms Thread 40" [_thread_blocked, id=14060, stack(0x00000001d9900000,0x00000001d9a00000)]
  0x0000013608288000 JavaThread "jar transforms Thread 41" [_thread_blocked, id=3492, stack(0x00000001d9a00000,0x00000001d9b00000)]
  0x0000013608285000 JavaThread "jar transforms Thread 42" [_thread_blocked, id=10052, stack(0x00000001d9b00000,0x00000001d9c00000)]
  0x0000013608287800 JavaThread "jar transforms Thread 43" [_thread_blocked, id=5352, stack(0x00000001d9c00000,0x00000001d9d00000)]
  0x0000013608285800 JavaThread "jar transforms Thread 44" [_thread_blocked, id=6484, stack(0x00000001d9d00000,0x00000001d9e00000)]
  0x000001360828a800 JavaThread "jar transforms Thread 45" [_thread_blocked, id=4920, stack(0x00000001d9e00000,0x00000001d9f00000)]
  0x000001360828b800 JavaThread "jar transforms Thread 46" [_thread_blocked, id=3584, stack(0x00000001d9f00000,0x00000001da000000)]
  0x000001360828c000 JavaThread "jar transforms Thread 47" [_thread_blocked, id=15292, stack(0x00000001da000000,0x00000001da100000)]
  0x000001360887a000 JavaThread "jar transforms Thread 48" [_thread_blocked, id=4452, stack(0x00000001da100000,0x00000001da200000)]
  0x000001360887c800 JavaThread "jar transforms Thread 49" [_thread_blocked, id=14980, stack(0x00000001da200000,0x00000001da300000)]
  0x000001360887f000 JavaThread "jar transforms Thread 50" [_thread_blocked, id=15800, stack(0x00000001da300000,0x00000001da400000)]
  0x000001360887e000 JavaThread "jar transforms Thread 51" [_thread_blocked, id=15808, stack(0x00000001da400000,0x00000001da500000)]
  0x0000013608879000 JavaThread "jar transforms Thread 52" [_thread_blocked, id=9308, stack(0x00000001da500000,0x00000001da600000)]
  0x000001360887d000 JavaThread "jar transforms Thread 53" [_thread_blocked, id=15836, stack(0x00000001da600000,0x00000001da700000)]
  0x0000013608880800 JavaThread "jar transforms Thread 54" [_thread_blocked, id=13360, stack(0x00000001da700000,0x00000001da800000)]
  0x000001360887f800 JavaThread "jar transforms Thread 55" [_thread_blocked, id=4988, stack(0x00000001da800000,0x00000001da900000)]
  0x000001360887b000 JavaThread "jar transforms Thread 56" [_thread_blocked, id=11536, stack(0x00000001da900000,0x00000001daa00000)]
  0x0000013608881800 JavaThread "jar transforms Thread 57" [_thread_blocked, id=14536, stack(0x00000001daa00000,0x00000001dab00000)]
  0x000001360887b800 JavaThread "jar transforms Thread 58" [_thread_blocked, id=11028, stack(0x00000001dab00000,0x00000001dac00000)]
  0x0000013608884000 JavaThread "jar transforms Thread 59" [_thread_blocked, id=9896, stack(0x00000001dac00000,0x00000001dad00000)]
  0x0000013608886000 JavaThread "jar transforms Thread 60" [_thread_blocked, id=1488, stack(0x00000001dad00000,0x00000001dae00000)]
  0x0000013608884800 JavaThread "jar transforms Thread 61" [_thread_blocked, id=15844, stack(0x00000001dae00000,0x00000001daf00000)]
  0x0000013608887000 JavaThread "jar transforms Thread 62" [_thread_blocked, id=6220, stack(0x00000001daf00000,0x00000001db000000)]
  0x0000013608888000 JavaThread "jar transforms Thread 63" [_thread_blocked, id=15636, stack(0x00000001db000000,0x00000001db100000)]
  0x0000013608882000 JavaThread "jar transforms Thread 64" [_thread_blocked, id=3472, stack(0x00000001db100000,0x00000001db200000)]
  0x0000013608883000 JavaThread "jar transforms Thread 65" [_thread_blocked, id=1124, stack(0x00000001db200000,0x00000001db300000)]
  0x0000013608885800 JavaThread "jar transforms Thread 66" [_thread_blocked, id=16256, stack(0x00000001db300000,0x00000001db400000)]
  0x00000136062fc800 JavaThread "jar transforms Thread 67" [_thread_blocked, id=3080, stack(0x00000001db400000,0x00000001db500000)]
  0x0000013606303000 JavaThread "jar transforms Thread 68" [_thread_blocked, id=276, stack(0x00000001db500000,0x00000001db600000)]
  0x00000136062fe800 JavaThread "jar transforms Thread 69" [_thread_blocked, id=13460, stack(0x00000001db600000,0x00000001db700000)]
  0x00000136062fd000 JavaThread "jar transforms Thread 70" [_thread_blocked, id=15112, stack(0x00000001db700000,0x00000001db800000)]
  0x0000013606303800 JavaThread "jar transforms Thread 71" [_thread_blocked, id=11448, stack(0x00000001db800000,0x00000001db900000)]
  0x00000136062fe000 JavaThread "jar transforms Thread 72" [_thread_blocked, id=9236, stack(0x00000001db900000,0x00000001dba00000)]
  0x0000013606304800 JavaThread "jar transforms Thread 73" [_thread_blocked, id=3116, stack(0x00000001dba00000,0x00000001dbb00000)]
  0x0000013606300800 JavaThread "jar transforms Thread 74" [_thread_blocked, id=16320, stack(0x00000001dbb00000,0x00000001dbc00000)]
  0x0000013606302000 JavaThread "jar transforms Thread 75" [_thread_blocked, id=14560, stack(0x00000001dbc00000,0x00000001dbd00000)]
  0x0000013606305800 JavaThread "jar transforms Thread 76" [_thread_blocked, id=16364, stack(0x00000001dbd00000,0x00000001dbe00000)]
  0x00000136062ff800 JavaThread "jar transforms Thread 77" [_thread_blocked, id=12836, stack(0x00000001dbe00000,0x00000001dbf00000)]
  0x0000013606301000 JavaThread "jar transforms Thread 78" [_thread_blocked, id=1524, stack(0x00000001dbf00000,0x00000001dc000000)]
  0x0000013606309800 JavaThread "jar transforms Thread 79" [_thread_blocked, id=16124, stack(0x00000001dc000000,0x00000001dc100000)]
  0x0000013606308800 JavaThread "jar transforms Thread 80" [_thread_blocked, id=11600, stack(0x00000001dc100000,0x00000001dc200000)]
  0x000001360630a000 JavaThread "jar transforms Thread 81" [_thread_blocked, id=6984, stack(0x00000001dc200000,0x00000001dc300000)]
  0x000001360630b000 JavaThread "jar transforms Thread 82" [_thread_blocked, id=10980, stack(0x00000001dc300000,0x00000001dc400000)]
  0x0000013606306000 JavaThread "jar transforms Thread 83" [_thread_blocked, id=2344, stack(0x00000001dc400000,0x00000001dc500000)]
  0x0000013606307000 JavaThread "jar transforms Thread 84" [_thread_blocked, id=1060, stack(0x00000001dc500000,0x00000001dc600000)]
  0x0000013606307800 JavaThread "jar transforms Thread 85" [_thread_blocked, id=7856, stack(0x00000001dc600000,0x00000001dc700000)]
  0x000001360c219800 JavaThread "jar transforms Thread 86" [_thread_blocked, id=5868, stack(0x00000001dc700000,0x00000001dc800000)]
  0x000001360c21e000 JavaThread "jar transforms Thread 87" [_thread_blocked, id=10184, stack(0x00000001dc800000,0x00000001dc900000)]
  0x000001360c21d000 JavaThread "jar transforms Thread 88" [_thread_blocked, id=16116, stack(0x00000001dc900000,0x00000001dca00000)]
  0x000001360c21b800 JavaThread "jar transforms Thread 89" [_thread_blocked, id=13752, stack(0x00000001dca00000,0x00000001dcb00000)]
  0x000001360c21c000 JavaThread "jar transforms Thread 90" [_thread_blocked, id=14116, stack(0x00000001dcb00000,0x00000001dcc00000)]
  0x000001360c21e800 JavaThread "jar transforms Thread 91" [_thread_blocked, id=15480, stack(0x00000001dcc00000,0x00000001dcd00000)]
  0x000001360c219000 JavaThread "jar transforms Thread 92" [_thread_blocked, id=11940, stack(0x00000001dcd00000,0x00000001dce00000)]
  0x000001360c21f800 JavaThread "jar transforms Thread 93" [_thread_blocked, id=3304, stack(0x00000001dce00000,0x00000001dcf00000)]
  0x000001360c220000 JavaThread "jar transforms Thread 94" [_thread_blocked, id=14868, stack(0x00000001dcf00000,0x00000001dd000000)]
  0x000001360c21a800 JavaThread "jar transforms Thread 95" [_thread_blocked, id=15444, stack(0x00000001dd000000,0x00000001dd100000)]
  0x000001360c222000 JavaThread "jar transforms Thread 96" [_thread_blocked, id=15672, stack(0x00000001dd100000,0x00000001dd200000)]
  0x000001360c225000 JavaThread "jar transforms Thread 97" [_thread_blocked, id=2316, stack(0x00000001dd200000,0x00000001dd300000)]
  0x000001360c222800 JavaThread "jar transforms Thread 98" [_thread_blocked, id=14320, stack(0x00000001dd300000,0x00000001dd400000)]
  0x000001360c227000 JavaThread "jar transforms Thread 99" [_thread_blocked, id=14020, stack(0x00000001dd400000,0x00000001dd500000)]
  0x000001360c223800 JavaThread "Memory manager" [_thread_blocked, id=13084, stack(0x00000001dd500000,0x00000001dd600000)]
  0x000001360c221000 JavaThread "pool-3-thread-1" [_thread_blocked, id=15776, stack(0x00000001dd600000,0x00000001dd700000)]
  0x000001360c224800 JavaThread "Keep-Alive-Timer" daemon [_thread_blocked, id=14204, stack(0x00000001d6100000,0x00000001d6200000)]
  0x000001360c227800 JavaThread "pool-4-thread-1" [_thread_in_native, id=4268, stack(0x00000001dd700000,0x00000001dd800000)]
  0x0000013609e3a000 JavaThread "pool-4-thread-3" [_thread_blocked, id=7284, stack(0x00000001dd900000,0x00000001dda00000)]
  0x0000013609e39000 JavaThread "pool-4-thread-4" [_thread_in_native, id=15740, stack(0x00000001dda00000,0x00000001ddb00000)]
  0x0000013609e3b000 JavaThread "pool-4-thread-5" [_thread_in_native, id=2212, stack(0x00000001ddb00000,0x00000001ddc00000)]
  0x0000013609e3b800 JavaThread "pool-4-thread-6" [_thread_in_native, id=1924, stack(0x00000001ddc00000,0x00000001ddd00000)]
  0x0000013609e3f000 JavaThread "pool-4-thread-7" [_thread_in_native, id=3720, stack(0x00000001ddd00000,0x00000001dde00000)]
  0x000001360a8be000 JavaThread "pool-4-thread-12" [_thread_blocked, id=15664, stack(0x00000001de200000,0x00000001de300000)]

Other Threads:
=>0x000001367f47c800 VMThread "VM Thread" [stack: 0x00000001d3f00000,0x00000001d4000000] [id=11204]
  0x000001360419a000 WatcherThread [stack: 0x00000001d4900000,0x00000001d4a00000] [id=12324]
  0x0000013667203800 GCTaskThread "GC Thread#0" [stack: 0x00000001d3a00000,0x00000001d3b00000] [id=3784]
  0x0000013604cac800 GCTaskThread "GC Thread#1" [stack: 0x00000001d4b00000,0x00000001d4c00000] [id=13668]
  0x0000013604578800 GCTaskThread "GC Thread#2" [stack: 0x00000001d4c00000,0x00000001d4d00000] [id=7092]
  0x000001360620f000 GCTaskThread "GC Thread#3" [stack: 0x00000001d5800000,0x00000001d5900000] [id=7700]
  0x00000136061d0800 GCTaskThread "GC Thread#4" [stack: 0x00000001d5900000,0x00000001d5a00000] [id=2264]
  0x0000013606178800 GCTaskThread "GC Thread#5" [stack: 0x00000001d5a00000,0x00000001d5b00000] [id=14832]
  0x0000013605f23800 GCTaskThread "GC Thread#6" [stack: 0x00000001d5b00000,0x00000001d5c00000] [id=14396]
  0x0000013605740800 GCTaskThread "GC Thread#7" [stack: 0x00000001d5c00000,0x00000001d5d00000] [id=7632]
  0x0000013667235000 ConcurrentGCThread "G1 Main Marker" [stack: 0x00000001d3b00000,0x00000001d3c00000] [id=13304]
  0x0000013667236800 ConcurrentGCThread "G1 Conc#0" [stack: 0x00000001d3c00000,0x00000001d3d00000] [id=1064]
  0x0000013605eea800 ConcurrentGCThread "G1 Conc#1" [stack: 0x00000001d5f00000,0x00000001d6000000] [id=5972]
  0x000001367f2d0800 ConcurrentGCThread "G1 Refine#0" [stack: 0x00000001d3d00000,0x00000001d3e00000] [id=13116]
  0x000001367f2d1800 ConcurrentGCThread "G1 Young RemSet Sampling" [stack: 0x00000001d3e00000,0x00000001d3f00000] [id=1416]

Threads with active compile tasks:
C2 CompilerThread0   8408 8005   !   4       java.lang.reflect.Field::declaredAnnotations (82 bytes)

VM state:at safepoint (normal execution)

VM Mutex/Monitor currently owned by a thread:  ([mutex/lock_event])
[0x00000136671e8210] Threads_lock - owner thread: 0x000001367f47c800
[0x00000136671e7e20] Heap_lock - owner thread: 0x0000013604c4e000

Heap address: 0x0000000080000000, size: 2048 MB, Compressed Oops mode: 32-bit
Narrow klass base: 0x0000000000000000, Narrow klass shift: 3
Compressed class space size: 1073741824 Address: 0x0000000100000000

Heap:
 garbage-first heap   total 225280K, used 87105K [0x0000000080000000, 0x0000000100000000)
  region size 1024K, 7 young (7168K), 7 survivors (7168K)
 Metaspace       used 86176K, capacity 88252K, committed 88448K, reserved 1126400K
  class space    used 11146K, capacity 11830K, committed 11904K, reserved 1048576K
Heap Regions: E=young(eden), S=young(survivor), O=old, HS=humongous(starts), HC=humongous(continues), CS=collection set, F=free, A=archive, TAMS=top-at-mark-start (previous, next)
|   0|0x0000000080000000, 0x0000000080100000, 0x0000000080100000|100%| O|  |TAMS 0x0000000080100000, 0x0000000080000000| Untracked 
|   1|0x0000000080100000, 0x0000000080200000, 0x0000000080200000|100%| O|  |TAMS 0x0000000080200000, 0x0000000080100000| Untracked 
|   2|0x0000000080200000, 0x0000000080300000, 0x0000000080300000|100%| O|  |TAMS 0x0000000080300000, 0x0000000080200000| Untracked 
|   3|0x0000000080300000, 0x0000000080400000, 0x0000000080400000|100%|HS|  |TAMS 0x0000000080400000, 0x0000000080300000| Complete 
|   4|0x0000000080400000, 0x0000000080500000, 0x0000000080500000|100%|HC|  |TAMS 0x0000000080500000, 0x0000000080400000| Complete 
|   5|0x0000000080500000, 0x0000000080600000, 0x0000000080600000|100%|HC|  |TAMS 0x0000000080600000, 0x0000000080500000| Complete 
|   6|0x0000000080600000, 0x0000000080700000, 0x0000000080700000|100%| O|  |TAMS 0x0000000080700000, 0x0000000080600000| Untracked 
|   7|0x0000000080700000, 0x0000000080800000, 0x0000000080800000|100%| O|  |TAMS 0x0000000080800000, 0x0000000080700000| Untracked 
|   8|0x0000000080800000, 0x0000000080900000, 0x0000000080900000|100%| O|  |TAMS 0x0000000080900000, 0x0000000080800000| Untracked 
|   9|0x0000000080900000, 0x0000000080a00000, 0x0000000080a00000|100%| O|  |TAMS 0x0000000080a00000, 0x0000000080900000| Untracked 
|  10|0x0000000080a00000, 0x0000000080b00000, 0x0000000080b00000|100%| O|  |TAMS 0x0000000080b00000, 0x0000000080a00000| Untracked 
|  11|0x0000000080b00000, 0x0000000080c00000, 0x0000000080c00000|100%| O|  |TAMS 0x0000000080c00000, 0x0000000080b00000| Untracked 
|  12|0x0000000080c00000, 0x0000000080d00000, 0x0000000080d00000|100%| O|  |TAMS 0x0000000080d00000, 0x0000000080c00000| Untracked 
|  13|0x0000000080d00000, 0x0000000080e00000, 0x0000000080e00000|100%| O|  |TAMS 0x0000000080e00000, 0x0000000080d00000| Untracked 
|  14|0x0000000080e00000, 0x0000000080f00000, 0x0000000080f00000|100%| O|  |TAMS 0x0000000080f00000, 0x0000000080e00000| Untracked 
|  15|0x0000000080f00000, 0x0000000081000000, 0x0000000081000000|100%| O|  |TAMS 0x0000000081000000, 0x0000000080f00000| Untracked 
|  16|0x0000000081000000, 0x0000000081100000, 0x0000000081100000|100%|HS|  |TAMS 0x0000000081100000, 0x0000000081000000| Complete 
|  17|0x0000000081100000, 0x0000000081200000, 0x0000000081200000|100%|HC|  |TAMS 0x0000000081200000, 0x0000000081100000| Complete 
|  18|0x0000000081200000, 0x0000000081300000, 0x0000000081300000|100%|HS|  |TAMS 0x0000000081300000, 0x0000000081200000| Complete 
|  19|0x0000000081300000, 0x0000000081400000, 0x0000000081400000|100%|HC|  |TAMS 0x0000000081400000, 0x0000000081300000| Complete 
|  20|0x0000000081400000, 0x0000000081500000, 0x0000000081500000|100%|HC|  |TAMS 0x0000000081500000, 0x0000000081400000| Complete 
|  21|0x0000000081500000, 0x0000000081600000, 0x0000000081600000|100%|HS|  |TAMS 0x0000000081600000, 0x0000000081500000| Complete 
|  22|0x0000000081600000, 0x0000000081700000, 0x0000000081700000|100%|HC|  |TAMS 0x0000000081700000, 0x0000000081600000| Complete 
|  23|0x0000000081700000, 0x0000000081800000, 0x0000000081800000|100%|HC|  |TAMS 0x0000000081800000, 0x0000000081700000| Complete 
|  24|0x0000000081800000, 0x0000000081900000, 0x0000000081900000|100%|HC|  |TAMS 0x0000000081900000, 0x0000000081800000| Complete 
|  25|0x0000000081900000, 0x0000000081a00000, 0x0000000081a00000|100%| O|  |TAMS 0x0000000081a00000, 0x0000000081900000| Untracked 
|  26|0x0000000081a00000, 0x0000000081b00000, 0x0000000081b00000|100%| O|  |TAMS 0x0000000081b00000, 0x0000000081a00000| Untracked 
|  27|0x0000000081b00000, 0x0000000081c00000, 0x0000000081c00000|100%| O|  |TAMS 0x0000000081c00000, 0x0000000081b00000| Untracked 
|  28|0x0000000081c00000, 0x0000000081d00000, 0x0000000081d00000|100%| O|  |TAMS 0x0000000081d00000, 0x0000000081c00000| Untracked 
|  29|0x0000000081d00000, 0x0000000081e00000, 0x0000000081e00000|100%| O|  |TAMS 0x0000000081e00000, 0x0000000081d00000| Untracked 
|  30|0x0000000081e00000, 0x0000000081f00000, 0x0000000081f00000|100%| O|  |TAMS 0x0000000081f00000, 0x0000000081e00000| Untracked 
|  31|0x0000000081f00000, 0x0000000082000000, 0x0000000082000000|100%| O|  |TAMS 0x0000000082000000, 0x0000000081f00000| Untracked 
|  32|0x0000000082000000, 0x0000000082100000, 0x0000000082100000|100%|HS|  |TAMS 0x0000000082100000, 0x0000000082000000| Complete 
|  33|0x0000000082100000, 0x0000000082200000, 0x0000000082200000|100%|HC|  |TAMS 0x0000000082200000, 0x0000000082100000| Complete 
|  34|0x0000000082200000, 0x0000000082300000, 0x0000000082300000|100%|HC|  |TAMS 0x0000000082300000, 0x0000000082200000| Complete 
|  35|0x0000000082300000, 0x0000000082400000, 0x0000000082400000|100%|HC|  |TAMS 0x0000000082400000, 0x0000000082300000| Complete 
|  36|0x0000000082400000, 0x0000000082500000, 0x0000000082500000|100%|HS|  |TAMS 0x0000000082500000, 0x0000000082400000| Complete 
|  37|0x0000000082500000, 0x0000000082600000, 0x0000000082600000|100%|HC|  |TAMS 0x0000000082600000, 0x0000000082500000| Complete 
|  38|0x0000000082600000, 0x0000000082700000, 0x0000000082700000|100%|HC|  |TAMS 0x0000000082700000, 0x0000000082600000| Complete 
|  39|0x0000000082700000, 0x0000000082800000, 0x0000000082800000|100%| O|  |TAMS 0x0000000082800000, 0x0000000082700000| Untracked 
|  40|0x0000000082800000, 0x0000000082900000, 0x0000000082900000|100%| O|  |TAMS 0x0000000082900000, 0x0000000082800000| Untracked 
|  41|0x0000000082900000, 0x0000000082a00000, 0x0000000082a00000|100%| O|  |TAMS 0x0000000082a00000, 0x0000000082900000| Untracked 
|  42|0x0000000082a00000, 0x0000000082b00000, 0x0000000082b00000|100%| O|  |TAMS 0x0000000082b00000, 0x0000000082a00000| Untracked 
|  43|0x0000000082b00000, 0x0000000082c00000, 0x0000000082c00000|100%| O|  |TAMS 0x0000000082c00000, 0x0000000082b00000| Untracked 
|  44|0x0000000082c00000, 0x0000000082d00000, 0x0000000082d00000|100%| O|  |TAMS 0x0000000082d00000, 0x0000000082c00000| Untracked 
|  45|0x0000000082d00000, 0x0000000082e00000, 0x0000000082e00000|100%| O|  |TAMS 0x0000000082e00000, 0x0000000082d00000| Untracked 
|  46|0x0000000082e00000, 0x0000000082f00000, 0x0000000082f00000|100%| O|  |TAMS 0x0000000082f00000, 0x0000000082e00000| Untracked 
|  47|0x0000000082f00000, 0x0000000083000000, 0x0000000083000000|100%|HS|  |TAMS 0x0000000083000000, 0x0000000082f00000| Complete 
|  48|0x0000000083000000, 0x0000000083100000, 0x0000000083100000|100%|HS|  |TAMS 0x0000000083100000, 0x0000000083000000| Complete 
|  49|0x0000000083100000, 0x0000000083200000, 0x0000000083200000|100%|HC|  |TAMS 0x0000000083200000, 0x0000000083100000| Complete 
|  50|0x0000000083200000, 0x0000000083300000, 0x0000000083300000|100%| O|  |TAMS 0x0000000083300000, 0x0000000083200000| Untracked 
|  51|0x0000000083300000, 0x0000000083400000, 0x0000000083400000|100%| O|  |TAMS 0x0000000083400000, 0x0000000083300000| Untracked 
|  52|0x0000000083400000, 0x0000000083500000, 0x0000000083500000|100%| O|  |TAMS 0x0000000083500000, 0x0000000083400000| Untracked 
|  53|0x0000000083500000, 0x0000000083600000, 0x0000000083600000|100%| O|  |TAMS 0x0000000083600000, 0x0000000083500000| Untracked 
|  54|0x0000000083600000, 0x0000000083700000, 0x0000000083700000|100%| O|  |TAMS 0x0000000083700000, 0x0000000083600000| Untracked 
|  55|0x0000000083700000, 0x0000000083800000, 0x0000000083800000|100%| O|  |TAMS 0x0000000083800000, 0x0000000083700000| Untracked 
|  56|0x0000000083800000, 0x0000000083900000, 0x0000000083900000|100%| O|  |TAMS 0x0000000083900000, 0x0000000083800000| Untracked 
|  57|0x0000000083900000, 0x0000000083a00000, 0x0000000083a00000|100%| O|  |TAMS 0x0000000083a00000, 0x0000000083900000| Untracked 
|  58|0x0000000083a00000, 0x0000000083b00000, 0x0000000083b00000|100%| O|  |TAMS 0x0000000083b00000, 0x0000000083a00000| Untracked 
|  59|0x0000000083b00000, 0x0000000083c00000, 0x0000000083c00000|100%| O|  |TAMS 0x0000000083b84600, 0x0000000083b00000| Untracked 
|  60|0x0000000083c00000, 0x0000000083d00000, 0x0000000083d00000|100%| O|  |TAMS 0x0000000083c00000, 0x0000000083c00000| Untracked 
|  61|0x0000000083d00000, 0x0000000083e00000, 0x0000000083e00000|100%| O|  |TAMS 0x0000000083d00000, 0x0000000083d00000| Untracked 
|  62|0x0000000083e00000, 0x0000000083f00000, 0x0000000083f00000|100%| O|  |TAMS 0x0000000083e00000, 0x0000000083e00000| Untracked 
|  63|0x0000000083f00000, 0x0000000084000000, 0x0000000084000000|100%| O|  |TAMS 0x0000000083f00000, 0x0000000083f00000| Untracked 
|  64|0x0000000084000000, 0x0000000084100000, 0x0000000084100000|100%| O|  |TAMS 0x0000000084000000, 0x0000000084000000| Untracked 
|  65|0x0000000084100000, 0x0000000084200000, 0x0000000084200000|100%| O|  |TAMS 0x0000000084100000, 0x0000000084100000| Untracked 
|  66|0x0000000084200000, 0x0000000084300000, 0x0000000084300000|100%| O|  |TAMS 0x0000000084200000, 0x0000000084200000| Untracked 
|  67|0x0000000084300000, 0x0000000084400000, 0x0000000084400000|100%| O|  |TAMS 0x0000000084300000, 0x0000000084300000| Untracked 
|  68|0x0000000084400000, 0x0000000084500000, 0x0000000084500000|100%| O|  |TAMS 0x0000000084400000, 0x0000000084400000| Untracked 
|  69|0x0000000084500000, 0x0000000084600000, 0x0000000084600000|100%| O|  |TAMS 0x0000000084500000, 0x0000000084500000| Untracked 
|  70|0x0000000084600000, 0x0000000084700000, 0x0000000084700000|100%| O|  |TAMS 0x0000000084600000, 0x0000000084600000| Untracked 
|  71|0x0000000084700000, 0x0000000084800000, 0x0000000084800000|100%| O|  |TAMS 0x0000000084700000, 0x0000000084700000| Untracked 
|  72|0x0000000084800000, 0x0000000084900000, 0x0000000084900000|100%| O|  |TAMS 0x0000000084800000, 0x0000000084800000| Untracked 
|  73|0x0000000084900000, 0x0000000084a00000, 0x0000000084a00000|100%| O|  |TAMS 0x0000000084900000, 0x0000000084900000| Untracked 
|  74|0x0000000084a00000, 0x0000000084b00000, 0x0000000084b00000|100%| O|  |TAMS 0x0000000084a00000, 0x0000000084a00000| Untracked 
|  75|0x0000000084b00000, 0x0000000084c00000, 0x0000000084c00000|100%| O|  |TAMS 0x0000000084b00000, 0x0000000084b00000| Untracked 
|  76|0x0000000084c00000, 0x0000000084d00000, 0x0000000084d00000|100%| O|  |TAMS 0x0000000084c00000, 0x0000000084c00000| Untracked 
|  77|0x0000000084d00000, 0x0000000084e00000, 0x0000000084e00000|100%| O|  |TAMS 0x0000000084d00000, 0x0000000084d00000| Untracked 
|  78|0x0000000084e00000, 0x0000000084e17e00, 0x0000000084f00000|  9%| O|  |TAMS 0x0000000084e00000, 0x0000000084e00000| Untracked 
|  79|0x0000000084f00000, 0x0000000084f00000, 0x0000000085000000|  0%| F|  |TAMS 0x0000000084f00000, 0x0000000084f00000| Untracked 
|  80|0x0000000085000000, 0x0000000085000000, 0x0000000085100000|  0%| F|  |TAMS 0x0000000085000000, 0x0000000085000000| Untracked 
|  81|0x0000000085100000, 0x0000000085100000, 0x0000000085200000|  0%| F|  |TAMS 0x0000000085100000, 0x0000000085100000| Untracked 
|  82|0x0000000085200000, 0x0000000085200000, 0x0000000085300000|  0%| F|  |TAMS 0x0000000085200000, 0x0000000085200000| Untracked 
|  83|0x0000000085300000, 0x0000000085300000, 0x0000000085400000|  0%| F|  |TAMS 0x0000000085300000, 0x0000000085300000| Untracked 
|  84|0x0000000085400000, 0x0000000085400000, 0x0000000085500000|  0%| F|  |TAMS 0x0000000085400000, 0x0000000085400000| Untracked 
|  85|0x0000000085500000, 0x0000000085500000, 0x0000000085600000|  0%| F|  |TAMS 0x0000000085500000, 0x0000000085500000| Untracked 
|  86|0x0000000085600000, 0x0000000085600000, 0x0000000085700000|  0%| F|  |TAMS 0x0000000085600000, 0x0000000085600000| Untracked 
|  87|0x0000000085700000, 0x0000000085700000, 0x0000000085800000|  0%| F|  |TAMS 0x0000000085700000, 0x0000000085700000| Untracked 
|  88|0x0000000085800000, 0x0000000085800000, 0x0000000085900000|  0%| F|  |TAMS 0x0000000085800000, 0x0000000085800000| Untracked 
|  89|0x0000000085900000, 0x0000000085900000, 0x0000000085a00000|  0%| F|  |TAMS 0x0000000085900000, 0x0000000085900000| Untracked 
|  90|0x0000000085a00000, 0x0000000085a00000, 0x0000000085b00000|  0%| F|  |TAMS 0x0000000085a00000, 0x0000000085a00000| Untracked 
|  91|0x0000000085b00000, 0x0000000085b00000, 0x0000000085c00000|  0%| F|  |TAMS 0x0000000085b00000, 0x0000000085b00000| Untracked 
|  92|0x0000000085c00000, 0x0000000085c00000, 0x0000000085d00000|  0%| F|  |TAMS 0x0000000085c00000, 0x0000000085c00000| Untracked 
|  93|0x0000000085d00000, 0x0000000085d00000, 0x0000000085e00000|  0%| F|  |TAMS 0x0000000085d00000, 0x0000000085d00000| Untracked 
|  94|0x0000000085e00000, 0x0000000085e00000, 0x0000000085f00000|  0%| F|  |TAMS 0x0000000085e00000, 0x0000000085e00000| Untracked 
|  95|0x0000000085f00000, 0x0000000085f00000, 0x0000000086000000|  0%| F|  |TAMS 0x0000000085f00000, 0x0000000085f00000| Untracked 
|  96|0x0000000086000000, 0x0000000086000000, 0x0000000086100000|  0%| F|  |TAMS 0x0000000086000000, 0x0000000086000000| Untracked 
|  97|0x0000000086100000, 0x0000000086100000, 0x0000000086200000|  0%| F|  |TAMS 0x0000000086100000, 0x0000000086100000| Untracked 
|  98|0x0000000086200000, 0x0000000086200000, 0x0000000086300000|  0%| F|  |TAMS 0x0000000086200000, 0x0000000086200000| Untracked 
|  99|0x0000000086300000, 0x0000000086300000, 0x0000000086400000|  0%| F|  |TAMS 0x0000000086300000, 0x0000000086300000| Untracked 
| 100|0x0000000086400000, 0x0000000086400000, 0x0000000086500000|  0%| F|  |TAMS 0x0000000086400000, 0x0000000086400000| Untracked 
| 101|0x0000000086500000, 0x0000000086500000, 0x0000000086600000|  0%| F|  |TAMS 0x0000000086500000, 0x0000000086500000| Untracked 
| 102|0x0000000086600000, 0x0000000086600000, 0x0000000086700000|  0%| F|  |TAMS 0x0000000086600000, 0x0000000086600000| Untracked 
| 103|0x0000000086700000, 0x0000000086700000, 0x0000000086800000|  0%| F|  |TAMS 0x0000000086700000, 0x0000000086700000| Untracked 
| 104|0x0000000086800000, 0x0000000086800000, 0x0000000086900000|  0%| F|  |TAMS 0x0000000086800000, 0x0000000086800000| Untracked 
| 105|0x0000000086900000, 0x0000000086900000, 0x0000000086a00000|  0%| F|  |TAMS 0x0000000086900000, 0x0000000086900000| Untracked 
| 106|0x0000000086a00000, 0x0000000086a00000, 0x0000000086b00000|  0%| F|  |TAMS 0x0000000086a00000, 0x0000000086a00000| Untracked 
| 107|0x0000000086b00000, 0x0000000086b00000, 0x0000000086c00000|  0%| F|  |TAMS 0x0000000086b00000, 0x0000000086b00000| Untracked 
| 108|0x0000000086c00000, 0x0000000086c00000, 0x0000000086d00000|  0%| F|  |TAMS 0x0000000086c00000, 0x0000000086c00000| Untracked 
| 109|0x0000000086d00000, 0x0000000086d00000, 0x0000000086e00000|  0%| F|  |TAMS 0x0000000086d00000, 0x0000000086d00000| Untracked 
| 110|0x0000000086e00000, 0x0000000086e00000, 0x0000000086f00000|  0%| F|  |TAMS 0x0000000086e00000, 0x0000000086e00000| Untracked 
| 111|0x0000000086f00000, 0x0000000086ff87c0, 0x0000000087000000| 97%| S|CS|TAMS 0x0000000086f00000, 0x0000000086f00000| Complete 
| 112|0x0000000087000000, 0x0000000087100000, 0x0000000087100000|100%| S|CS|TAMS 0x0000000087000000, 0x0000000087000000| Complete 
| 113|0x0000000087100000, 0x0000000087200000, 0x0000000087200000|100%| S|CS|TAMS 0x0000000087100000, 0x0000000087100000| Complete 
| 114|0x0000000087200000, 0x0000000087300000, 0x0000000087300000|100%| S|CS|TAMS 0x0000000087200000, 0x0000000087200000| Complete 
| 115|0x0000000087300000, 0x0000000087400000, 0x0000000087400000|100%| S|CS|TAMS 0x0000000087300000, 0x0000000087300000| Complete 
| 116|0x0000000087400000, 0x0000000087500000, 0x0000000087500000|100%| S|CS|TAMS 0x0000000087400000, 0x0000000087400000| Complete 
| 117|0x0000000087500000, 0x0000000087600000, 0x0000000087600000|100%| S|CS|TAMS 0x0000000087500000, 0x0000000087500000| Complete 
| 118|0x0000000087600000, 0x0000000087600000, 0x0000000087700000|  0%| F|  |TAMS 0x0000000087600000, 0x0000000087600000| Untracked 
| 119|0x0000000087700000, 0x0000000087700000, 0x0000000087800000|  0%| F|  |TAMS 0x0000000087700000, 0x0000000087700000| Untracked 
| 120|0x0000000087800000, 0x0000000087800000, 0x0000000087900000|  0%| F|  |TAMS 0x0000000087800000, 0x0000000087800000| Untracked 
| 121|0x0000000087900000, 0x0000000087900000, 0x0000000087a00000|  0%| F|  |TAMS 0x0000000087900000, 0x0000000087900000| Untracked 
| 122|0x0000000087a00000, 0x0000000087a00000, 0x0000000087b00000|  0%| F|  |TAMS 0x0000000087a00000, 0x0000000087a00000| Untracked 
| 123|0x0000000087b00000, 0x0000000087b00000, 0x0000000087c00000|  0%| F|  |TAMS 0x0000000087b00000, 0x0000000087b00000| Untracked 
| 124|0x0000000087c00000, 0x0000000087c00000, 0x0000000087d00000|  0%| F|  |TAMS 0x0000000087c00000, 0x0000000087c00000| Untracked 
| 125|0x0000000087d00000, 0x0000000087d00000, 0x0000000087e00000|  0%| F|  |TAMS 0x0000000087d00000, 0x0000000087d00000| Untracked 
| 126|0x0000000087e00000, 0x0000000087e00000, 0x0000000087f00000|  0%| F|  |TAMS 0x0000000087e00000, 0x0000000087e00000| Untracked 
| 127|0x0000000087f00000, 0x0000000087f00000, 0x0000000088000000|  0%| F|  |TAMS 0x0000000087f00000, 0x0000000087f00000| Untracked 
| 128|0x0000000088000000, 0x0000000088000000, 0x0000000088100000|  0%| F|  |TAMS 0x0000000088000000, 0x0000000088000000| Untracked 
| 129|0x0000000088100000, 0x0000000088100000, 0x0000000088200000|  0%| F|  |TAMS 0x0000000088100000, 0x0000000088100000| Untracked 
| 130|0x0000000088200000, 0x0000000088200000, 0x0000000088300000|  0%| F|  |TAMS 0x0000000088200000, 0x0000000088200000| Untracked 
| 131|0x0000000088300000, 0x0000000088300000, 0x0000000088400000|  0%| F|  |TAMS 0x0000000088300000, 0x0000000088300000| Untracked 
| 132|0x0000000088400000, 0x0000000088400000, 0x0000000088500000|  0%| F|  |TAMS 0x0000000088400000, 0x0000000088400000| Untracked 
| 133|0x0000000088500000, 0x0000000088500000, 0x0000000088600000|  0%| F|  |TAMS 0x0000000088500000, 0x0000000088500000| Untracked 
| 134|0x0000000088600000, 0x0000000088600000, 0x0000000088700000|  0%| F|  |TAMS 0x0000000088600000, 0x0000000088600000| Untracked 
| 135|0x0000000088700000, 0x0000000088700000, 0x0000000088800000|  0%| F|  |TAMS 0x0000000088700000, 0x0000000088700000| Untracked 
| 136|0x0000000088800000, 0x0000000088800000, 0x0000000088900000|  0%| F|  |TAMS 0x0000000088800000, 0x0000000088800000| Untracked 
| 137|0x0000000088900000, 0x0000000088900000, 0x0000000088a00000|  0%| F|  |TAMS 0x0000000088900000, 0x0000000088900000| Untracked 
| 138|0x0000000088a00000, 0x0000000088a00000, 0x0000000088b00000|  0%| F|  |TAMS 0x0000000088a00000, 0x0000000088a00000| Untracked 
| 139|0x0000000088b00000, 0x0000000088b00000, 0x0000000088c00000|  0%| F|  |TAMS 0x0000000088b00000, 0x0000000088b00000| Untracked 
| 140|0x0000000088c00000, 0x0000000088c00000, 0x0000000088d00000|  0%| F|  |TAMS 0x0000000088c00000, 0x0000000088c00000| Untracked 
| 141|0x0000000088d00000, 0x0000000088d00000, 0x0000000088e00000|  0%| F|  |TAMS 0x0000000088d00000, 0x0000000088d00000| Untracked 
| 142|0x0000000088e00000, 0x0000000088e00000, 0x0000000088f00000|  0%| F|  |TAMS 0x0000000088e00000, 0x0000000088e00000| Untracked 
| 143|0x0000000088f00000, 0x0000000088f00000, 0x0000000089000000|  0%| F|  |TAMS 0x0000000088f00000, 0x0000000088f00000| Untracked 
| 144|0x0000000089000000, 0x0000000089000000, 0x0000000089100000|  0%| F|  |TAMS 0x0000000089000000, 0x0000000089000000| Untracked 
| 145|0x0000000089100000, 0x0000000089100000, 0x0000000089200000|  0%| F|  |TAMS 0x0000000089100000, 0x0000000089100000| Untracked 
| 146|0x0000000089200000, 0x0000000089200000, 0x0000000089300000|  0%| F|  |TAMS 0x0000000089200000, 0x0000000089200000| Untracked 
| 147|0x0000000089300000, 0x0000000089300000, 0x0000000089400000|  0%| F|  |TAMS 0x0000000089300000, 0x0000000089300000| Untracked 
| 148|0x0000000089400000, 0x0000000089400000, 0x0000000089500000|  0%| F|  |TAMS 0x0000000089400000, 0x0000000089400000| Untracked 
| 149|0x0000000089500000, 0x0000000089500000, 0x0000000089600000|  0%| F|  |TAMS 0x0000000089500000, 0x0000000089500000| Untracked 
| 150|0x0000000089600000, 0x0000000089600000, 0x0000000089700000|  0%| F|  |TAMS 0x0000000089600000, 0x0000000089600000| Untracked 
| 151|0x0000000089700000, 0x0000000089700000, 0x0000000089800000|  0%| F|  |TAMS 0x0000000089700000, 0x0000000089700000| Untracked 
| 152|0x0000000089800000, 0x0000000089800000, 0x0000000089900000|  0%| F|  |TAMS 0x0000000089800000, 0x0000000089800000| Untracked 
| 153|0x0000000089900000, 0x0000000089900000, 0x0000000089a00000|  0%| F|  |TAMS 0x0000000089900000, 0x0000000089900000| Untracked 
| 154|0x0000000089a00000, 0x0000000089a00000, 0x0000000089b00000|  0%| F|  |TAMS 0x0000000089a00000, 0x0000000089a00000| Untracked 
| 155|0x0000000089b00000, 0x0000000089b00000, 0x0000000089c00000|  0%| F|  |TAMS 0x0000000089b00000, 0x0000000089b00000| Untracked 
| 156|0x0000000089c00000, 0x0000000089c00000, 0x0000000089d00000|  0%| F|  |TAMS 0x0000000089c00000, 0x0000000089c00000| Untracked 
| 157|0x0000000089d00000, 0x0000000089d00000, 0x0000000089e00000|  0%| F|  |TAMS 0x0000000089d00000, 0x0000000089d00000| Untracked 
| 158|0x0000000089e00000, 0x0000000089e00000, 0x0000000089f00000|  0%| F|  |TAMS 0x0000000089e00000, 0x0000000089e00000| Untracked 
| 159|0x0000000089f00000, 0x0000000089f00000, 0x000000008a000000|  0%| F|  |TAMS 0x0000000089f00000, 0x0000000089f00000| Untracked 
| 160|0x000000008a000000, 0x000000008a000000, 0x000000008a100000|  0%| F|  |TAMS 0x000000008a000000, 0x000000008a000000| Untracked 
| 161|0x000000008a100000, 0x000000008a100000, 0x000000008a200000|  0%| F|  |TAMS 0x000000008a100000, 0x000000008a100000| Untracked 
| 162|0x000000008a200000, 0x000000008a200000, 0x000000008a300000|  0%| F|  |TAMS 0x000000008a200000, 0x000000008a200000| Untracked 
| 163|0x000000008a300000, 0x000000008a300000, 0x000000008a400000|  0%| F|  |TAMS 0x000000008a300000, 0x000000008a300000| Untracked 
| 164|0x000000008a400000, 0x000000008a400000, 0x000000008a500000|  0%| F|  |TAMS 0x000000008a400000, 0x000000008a400000| Untracked 
| 165|0x000000008a500000, 0x000000008a500000, 0x000000008a600000|  0%| F|  |TAMS 0x000000008a500000, 0x000000008a500000| Untracked 
| 166|0x000000008a600000, 0x000000008a600000, 0x000000008a700000|  0%| F|  |TAMS 0x000000008a600000, 0x000000008a600000| Untracked 
| 167|0x000000008a700000, 0x000000008a700000, 0x000000008a800000|  0%| F|  |TAMS 0x000000008a700000, 0x000000008a700000| Untracked 
| 168|0x000000008a800000, 0x000000008a800000, 0x000000008a900000|  0%| F|  |TAMS 0x000000008a800000, 0x000000008a800000| Untracked 
| 169|0x000000008a900000, 0x000000008a900000, 0x000000008aa00000|  0%| F|  |TAMS 0x000000008a900000, 0x000000008a900000| Untracked 
| 170|0x000000008aa00000, 0x000000008aa00000, 0x000000008ab00000|  0%| F|  |TAMS 0x000000008aa00000, 0x000000008aa00000| Untracked 
| 171|0x000000008ab00000, 0x000000008ab00000, 0x000000008ac00000|  0%| F|  |TAMS 0x000000008ab00000, 0x000000008ab00000| Untracked 
| 172|0x000000008ac00000, 0x000000008ac00000, 0x000000008ad00000|  0%| F|  |TAMS 0x000000008ac00000, 0x000000008ac00000| Untracked 
| 173|0x000000008ad00000, 0x000000008ad00000, 0x000000008ae00000|  0%| F|  |TAMS 0x000000008ad00000, 0x000000008ad00000| Untracked 
| 174|0x000000008ae00000, 0x000000008ae00000, 0x000000008af00000|  0%| F|  |TAMS 0x000000008ae00000, 0x000000008ae00000| Untracked 
| 175|0x000000008af00000, 0x000000008af00000, 0x000000008b000000|  0%| F|  |TAMS 0x000000008af00000, 0x000000008af00000| Untracked 
| 176|0x000000008b000000, 0x000000008b000000, 0x000000008b100000|  0%| F|  |TAMS 0x000000008b000000, 0x000000008b000000| Untracked 
| 177|0x000000008b100000, 0x000000008b100000, 0x000000008b200000|  0%| F|  |TAMS 0x000000008b100000, 0x000000008b100000| Untracked 
| 178|0x000000008b200000, 0x000000008b200000, 0x000000008b300000|  0%| F|  |TAMS 0x000000008b200000, 0x000000008b200000| Untracked 
| 179|0x000000008b300000, 0x000000008b300000, 0x000000008b400000|  0%| F|  |TAMS 0x000000008b300000, 0x000000008b300000| Untracked 
| 180|0x000000008b400000, 0x000000008b400000, 0x000000008b500000|  0%| F|  |TAMS 0x000000008b400000, 0x000000008b400000| Untracked 
| 181|0x000000008b500000, 0x000000008b500000, 0x000000008b600000|  0%| F|  |TAMS 0x000000008b500000, 0x000000008b500000| Untracked 
| 182|0x000000008b600000, 0x000000008b600000, 0x000000008b700000|  0%| F|  |TAMS 0x000000008b600000, 0x000000008b600000| Untracked 

Card table byte_map: [0x000001367c1b0000,0x000001367c5b0000] _byte_map_base: 0x000001367bdb0000

Marking Bits (Prev, Next): (CMBitMap*) 0x000001366722c188, (CMBitMap*) 0x000001366722c1c0
 Prev Bits: [0x000001367c9b0000, 0x000001367e9b0000)
 Next Bits: [0x0000013600000000, 0x0000013602000000)

Polling page: 0x00000136670a0000

Metaspace:

Usage:
  Non-class:     74.63 MB capacity,    73.27 MB ( 98%) used,     1.17 MB (  2%) free+waste,   194.81 KB ( <1%) overhead. 
      Class:     11.55 MB capacity,    10.89 MB ( 94%) used,   592.42 KB (  5%) free+waste,    90.88 KB ( <1%) overhead. 
       Both:     86.18 MB capacity,    84.16 MB ( 98%) used,     1.75 MB (  2%) free+waste,   285.69 KB ( <1%) overhead. 

Virtual space:
  Non-class space:       76.00 MB reserved,      74.75 MB ( 98%) committed 
      Class space:        1.00 GB reserved,      11.63 MB (  1%) committed 
             Both:        1.07 GB reserved,      86.38 MB (  8%) committed 

Chunk freelists:
   Non-Class:  58.00 KB
       Class:  0 bytes
        Both:  58.00 KB

MaxMetaspaceSize: 17179869184.00 GB
CompressedClassSpaceSize: 1.00 GB

CodeHeap 'non-profiled nmethods': size=120000Kb used=5250Kb max_used=5250Kb free=114749Kb
 bounds [0x0000013673e00000, 0x0000013674330000, 0x000001367b330000]
CodeHeap 'profiled nmethods': size=120000Kb used=17721Kb max_used=17721Kb free=102278Kb
 bounds [0x000001366c8d0000, 0x000001366da30000, 0x0000013673e00000]
CodeHeap 'non-nmethods': size=5760Kb used=2284Kb max_used=2323Kb free=3475Kb
 bounds [0x000001366c330000, 0x000001366c5a0000, 0x000001366c8d0000]
 total_blobs=8673 nmethods=7786 adapters=797
 compilation: enabled
              stopped_count=0, restarted_count=0
 full_count=0

Compilation events (20 events):
Event: 8.373 Thread 0x000001367f4a2000 8046       3       com.sun.org.apache.xerces.internal.xni.XMLString::toString (32 bytes)
Event: 8.373 Thread 0x000001367f4a2000 nmethod 8046 0x000001366da12f10 code [0x000001366da13100, 0x000001366da13458]
Event: 8.373 Thread 0x000001367f4a2000 8047       3       com.sun.org.apache.xerces.internal.impl.XMLDocumentFragmentScannerImpl::scanEntityReference (377 bytes)
Event: 8.374 Thread 0x000001367f4a2000 nmethod 8047 0x000001366da13610 code [0x000001366da13a80, 0x000001366da161a8]
Event: 8.374 Thread 0x000001367f4a2000 8048       3       com.sun.xml.internal.stream.XMLEntityStorage::isUnparsedEntity (25 bytes)
Event: 8.375 Thread 0x000001367f4a2000 nmethod 8048 0x000001366da16b10 code [0x000001366da16ce0, 0x000001366da17098]
Event: 8.378 Thread 0x000001367f4a2000 8049       3       javax.xml.bind.annotation.adapters.CollapsedStringAdapter::unmarshal (207 bytes)
Event: 8.380 Thread 0x000001367f4a2000 nmethod 8049 0x000001366da17190 code [0x000001366da175e0, 0x000001366da195a8]
Event: 8.380 Thread 0x000001367f4a2000 8050       3       com.sun.org.apache.xerces.internal.impl.XMLScanner::checkEntityLimit (317 bytes)
Event: 8.383 Thread 0x000001367f4a2000 nmethod 8050 0x000001366da1a310 code [0x000001366da1a940, 0x000001366da1e398]
Event: 8.383 Thread 0x000001367f4a2000 8051       3       java.util.regex.Matcher::find (69 bytes)
Event: 8.383 Thread 0x000001367f4a2000 nmethod 8051 0x000001366da1fa90 code [0x000001366da1fc60, 0x000001366da1ff48]
Event: 8.388 Thread 0x000001367f4a2000 8053       3       javax.xml.bind.annotation.adapters.CollapsedStringAdapter::unmarshal (9 bytes)
Event: 8.388 Thread 0x000001367f4a2000 nmethod 8053 0x000001366da20090 code [0x000001366da20260, 0x000001366da20488]
Event: 8.388 Thread 0x000001367f4a2000 8054       3       com.sun.xml.bind.v2.runtime.unmarshaller.Scope::hasStarted (13 bytes)
Event: 8.389 Thread 0x000001367f4a2000 nmethod 8054 0x000001366da20590 code [0x000001366da20740, 0x000001366da20898]
Event: 8.389 Thread 0x000001367f4a2000 8055       3       org.xml.sax.helpers.AttributesImpl::getURI (23 bytes)
Event: 8.389 Thread 0x000001367f4a2000 nmethod 8055 0x000001366da20910 code [0x000001366da20ac0, 0x000001366da20c98]
Event: 8.389 Thread 0x000001367f4a2000 8056       3       org.xml.sax.helpers.AttributesImpl::getLocalName (25 bytes)
Event: 8.389 Thread 0x000001367f4a2000 nmethod 8056 0x000001366da20d90 code [0x000001366da20f40, 0x000001366da21118]

GC Heap History (20 events):
Event: 3.108 GC heap after
{Heap after GC invocations=10 (full 0):
 garbage-first heap   total 155648K, used 47795K [0x0000000080000000, 0x0000000100000000)
  region size 1024K, 7 young (7168K), 7 survivors (7168K)
 Metaspace       used 43639K, capacity 44787K, committed 44928K, reserved 1087488K
  class space    used 5572K, capacity 5967K, committed 6016K, reserved 1048576K
}
Event: 3.524 GC heap before
{Heap before GC invocations=10 (full 0):
 garbage-first heap   total 155648K, used 97971K [0x0000000080000000, 0x0000000100000000)
  region size 1024K, 56 young (57344K), 7 survivors (7168K)
 Metaspace       used 46586K, capacity 47946K, committed 48256K, reserved 1091584K
  class space    used 5994K, capacity 6419K, committed 6528K, reserved 1048576K
}
Event: 3.530 GC heap after
{Heap after GC invocations=11 (full 0):
 garbage-first heap   total 155648K, used 50803K [0x0000000080000000, 0x0000000100000000)
  region size 1024K, 3 young (3072K), 3 survivors (3072K)
 Metaspace       used 46586K, capacity 47946K, committed 48256K, reserved 1091584K
  class space    used 5994K, capacity 6419K, committed 6528K, reserved 1048576K
}
Event: 3.889 GC heap before
{Heap before GC invocations=11 (full 0):
 garbage-first heap   total 155648K, used 104051K [0x0000000080000000, 0x0000000100000000)
  region size 1024K, 53 young (54272K), 3 survivors (3072K)
 Metaspace       used 51469K, capacity 52933K, committed 53120K, reserved 1095680K
  class space    used 6565K, capacity 7011K, committed 7040K, reserved 1048576K
}
Event: 3.892 GC heap after
{Heap after GC invocations=12 (full 0):
 garbage-first heap   total 155648K, used 60182K [0x0000000080000000, 0x0000000100000000)
  region size 1024K, 7 young (7168K), 7 survivors (7168K)
 Metaspace       used 51469K, capacity 52933K, committed 53120K, reserved 1095680K
  class space    used 6565K, capacity 7011K, committed 7040K, reserved 1048576K
}
Event: 4.344 GC heap before
{Heap before GC invocations=12 (full 0):
 garbage-first heap   total 155648K, used 108310K [0x0000000080000000, 0x0000000100000000)
  region size 1024K, 55 young (56320K), 7 survivors (7168K)
 Metaspace       used 57998K, capacity 59656K, committed 59776K, reserved 1101824K
  class space    used 7399K, capacity 7949K, committed 8064K, reserved 1048576K
}
Event: 4.350 GC heap after
{Heap after GC invocations=13 (full 0):
 garbage-first heap   total 155648K, used 64452K [0x0000000080000000, 0x0000000100000000)
  region size 1024K, 4 young (4096K), 4 survivors (4096K)
 Metaspace       used 57998K, capacity 59656K, committed 59776K, reserved 1101824K
  class space    used 7399K, capacity 7949K, committed 8064K, reserved 1048576K
}
Event: 4.391 GC heap before
{Heap before GC invocations=13 (full 0):
 garbage-first heap   total 155648K, used 68548K [0x0000000080000000, 0x0000000100000000)
  region size 1024K, 9 young (9216K), 4 survivors (4096K)
 Metaspace       used 58476K, capacity 60060K, committed 60160K, reserved 1101824K
  class space    used 7469K, capacity 8016K, committed 8064K, reserved 1048576K
}
Event: 4.394 GC heap after
{Heap after GC invocations=14 (full 0):
 garbage-first heap   total 155648K, used 64833K [0x0000000080000000, 0x0000000100000000)
  region size 1024K, 4 young (4096K), 4 survivors (4096K)
 Metaspace       used 58476K, capacity 60060K, committed 60160K, reserved 1101824K
  class space    used 7469K, capacity 8016K, committed 8064K, reserved 1048576K
}
Event: 4.767 GC heap before
{Heap before GC invocations=15 (full 0):
 garbage-first heap   total 155648K, used 111937K [0x0000000080000000, 0x0000000100000000)
  region size 1024K, 50 young (51200K), 4 survivors (4096K)
 Metaspace       used 61075K, capacity 62752K, committed 62976K, reserved 1103872K
  class space    used 7791K, capacity 8347K, committed 8448K, reserved 1048576K
}
Event: 4.777 GC heap after
{Heap after GC invocations=16 (full 0):
 garbage-first heap   total 155648K, used 68113K [0x0000000080000000, 0x0000000100000000)
  region size 1024K, 7 young (7168K), 7 survivors (7168K)
 Metaspace       used 61075K, capacity 62752K, committed 62976K, reserved 1103872K
  class space    used 7791K, capacity 8347K, committed 8448K, reserved 1048576K
}
Event: 5.171 GC heap before
{Heap before GC invocations=17 (full 0):
 garbage-first heap   total 155648K, used 115217K [0x0000000080000000, 0x0000000100000000)
  region size 1024K, 53 young (54272K), 7 survivors (7168K)
 Metaspace       used 66089K, capacity 67859K, committed 68096K, reserved 1107968K
  class space    used 8604K, capacity 9171K, committed 9216K, reserved 1048576K
}
Event: 5.179 GC heap after
{Heap after GC invocations=18 (full 0):
 garbage-first heap   total 187392K, used 71425K [0x0000000080000000, 0x0000000100000000)
  region size 1024K, 7 young (7168K), 7 survivors (7168K)
 Metaspace       used 66089K, capacity 67859K, committed 68096K, reserved 1107968K
  class space    used 8604K, capacity 9171K, committed 9216K, reserved 1048576K
}
Event: 5.585 GC heap before
{Heap before GC invocations=18 (full 0):
 garbage-first heap   total 187392K, used 128769K [0x0000000080000000, 0x0000000100000000)
  region size 1024K, 63 young (64512K), 7 survivors (7168K)
 Metaspace       used 68922K, capacity 70716K, committed 70784K, reserved 1110016K
  class space    used 9025K, capacity 9590K, committed 9600K, reserved 1048576K
}
Event: 5.592 GC heap after
{Heap after GC invocations=19 (full 0):
 garbage-first heap   total 187392K, used 75876K [0x0000000080000000, 0x0000000100000000)
  region size 1024K, 8 young (8192K), 8 survivors (8192K)
 Metaspace       used 68922K, capacity 70716K, committed 70784K, reserved 1110016K
  class space    used 9025K, capacity 9590K, committed 9600K, reserved 1048576K
}
Event: 6.127 GC heap before
{Heap before GC invocations=19 (full 0):
 garbage-first heap   total 187392K, used 133220K [0x0000000080000000, 0x0000000100000000)
  region size 1024K, 65 young (66560K), 8 survivors (8192K)
 Metaspace       used 73654K, capacity 75666K, committed 75776K, reserved 1114112K
  class space    used 9579K, capacity 10205K, committed 10240K, reserved 1048576K
}
Event: 6.135 GC heap after
{Heap after GC invocations=20 (full 0):
 garbage-first heap   total 187392K, used 79672K [0x0000000080000000, 0x0000000100000000)
  region size 1024K, 9 young (9216K), 9 survivors (9216K)
 Metaspace       used 73654K, capacity 75666K, committed 75776K, reserved 1114112K
  class space    used 9579K, capacity 10205K, committed 10240K, reserved 1048576K
}
Event: 6.646 GC heap before
{Heap before GC invocations=20 (full 0):
 garbage-first heap   total 187392K, used 138040K [0x0000000080000000, 0x0000000100000000)
  region size 1024K, 66 young (67584K), 9 survivors (9216K)
 Metaspace       used 80938K, capacity 82862K, committed 82944K, reserved 1120256K
  class space    used 10557K, capacity 11186K, committed 11264K, reserved 1048576K
}
Event: 6.654 GC heap after
{Heap after GC invocations=21 (full 0):
 garbage-first heap   total 187392K, used 82635K [0x0000000080000000, 0x0000000100000000)
  region size 1024K, 7 young (7168K), 7 survivors (7168K)
 Metaspace       used 80938K, capacity 82862K, committed 82944K, reserved 1120256K
  class space    used 10557K, capacity 11186K, committed 11264K, reserved 1048576K
}
Event: 8.389 GC heap before
{Heap before GC invocations=21 (full 0):
 garbage-first heap   total 187392K, used 141003K [0x0000000080000000, 0x0000000100000000)
  region size 1024K, 65 young (66560K), 7 survivors (7168K)
 Metaspace       used 86176K, capacity 88252K, committed 88448K, reserved 1126400K
  class space    used 11146K, capacity 11830K, committed 11904K, reserved 1048576K
}

Deoptimization events (20 events):
Event: 8.263 Thread 0x0000013604c4e000 DEOPT PACKING pc=0x000001366d9343eb sp=0x00000001d54f93f0
Event: 8.263 Thread 0x0000013604c4e000 DEOPT UNPACKING pc=0x000001366c3572ce sp=0x00000001d54f8828 mode 0
Event: 8.265 Thread 0x0000013604c4e000 DEOPT PACKING pc=0x000001366d9343eb sp=0x00000001d54f93f0
Event: 8.265 Thread 0x0000013604c4e000 DEOPT UNPACKING pc=0x000001366c3572ce sp=0x00000001d54f8828 mode 0
Event: 8.265 Thread 0x0000013604c4e000 DEOPT PACKING pc=0x000001366d9fd3da sp=0x00000001d54f9340
Event: 8.265 Thread 0x0000013604c4e000 DEOPT UNPACKING pc=0x000001366c3572ce sp=0x00000001d54f8860 mode 0
Event: 8.267 Thread 0x0000013604c4e000 DEOPT PACKING pc=0x000001366d9343eb sp=0x00000001d54f93f0
Event: 8.267 Thread 0x0000013604c4e000 DEOPT UNPACKING pc=0x000001366c3572ce sp=0x00000001d54f8828 mode 0
Event: 8.375 Thread 0x0000013604c4e000 DEOPT PACKING pc=0x000001366d9fd3da sp=0x00000001d54f9340
Event: 8.375 Thread 0x0000013604c4e000 DEOPT UNPACKING pc=0x000001366c3572ce sp=0x00000001d54f8860 mode 0
Event: 8.379 Thread 0x0000013604c4e000 DEOPT PACKING pc=0x000001366d9fd3da sp=0x00000001d54f9340
Event: 8.379 Thread 0x0000013604c4e000 DEOPT UNPACKING pc=0x000001366c3572ce sp=0x00000001d54f8860 mode 0
Event: 8.381 Thread 0x0000013604c4e000 Uncommon trap: trap_request=0xffffff4d fr.pc=0x0000013674281d98 relative=0x0000000000000618
Event: 8.381 Thread 0x0000013604c4e000 Uncommon trap: reason=unstable_if action=reinterpret pc=0x0000013674281d98 method=java.util.regex.Matcher.find()Z @ 34 c2
Event: 8.381 Thread 0x0000013604c4e000 DEOPT PACKING pc=0x0000013674281d98 sp=0x00000001d54f92d0
Event: 8.381 Thread 0x0000013604c4e000 DEOPT UNPACKING pc=0x000001366c3574af sp=0x00000001d54f9290 mode 2
Event: 8.383 Thread 0x0000013604c4e000 DEOPT PACKING pc=0x000001366d9fd3da sp=0x00000001d54f9340
Event: 8.383 Thread 0x0000013604c4e000 DEOPT UNPACKING pc=0x000001366c3572ce sp=0x00000001d54f8860 mode 0
Event: 8.388 Thread 0x0000013604c4e000 DEOPT PACKING pc=0x000001366d9fd3da sp=0x00000001d54f9340
Event: 8.388 Thread 0x0000013604c4e000 DEOPT UNPACKING pc=0x000001366c3572ce sp=0x00000001d54f8860 mode 0

Classes redefined (0 events):
No events

Internal exceptions (20 events):
Event: 6.626 Thread 0x0000013604c4e000 Exception <a 'sun/nio/fs/WindowsException'{0x00000000881951b8}> (0x00000000881951b8) thrown at [./src/hotspot/share/prims/jni.cpp, line 615]
Event: 6.626 Thread 0x0000013604c4e000 Exception <a 'sun/nio/fs/WindowsException'{0x0000000088195238}> (0x0000000088195238) thrown at [./src/hotspot/share/prims/jni.cpp, line 615]
Event: 6.626 Thread 0x0000013604c4e000 Exception <a 'sun/nio/fs/WindowsException'{0x0000000088197618}> (0x0000000088197618) thrown at [./src/hotspot/share/prims/jni.cpp, line 615]
Event: 6.626 Thread 0x0000013604c4e000 Exception <a 'sun/nio/fs/WindowsException'{0x0000000088197698}> (0x0000000088197698) thrown at [./src/hotspot/share/prims/jni.cpp, line 615]
Event: 6.626 Thread 0x0000013604c4e000 Exception <a 'sun/nio/fs/WindowsException'{0x000000008819b9f0}> (0x000000008819b9f0) thrown at [./src/hotspot/share/prims/jni.cpp, line 615]
Event: 6.626 Thread 0x0000013604c4e000 Exception <a 'sun/nio/fs/WindowsException'{0x000000008819ba70}> (0x000000008819ba70) thrown at [./src/hotspot/share/prims/jni.cpp, line 615]
Event: 6.626 Thread 0x0000013604c4e000 Exception <a 'sun/nio/fs/WindowsException'{0x000000008819de40}> (0x000000008819de40) thrown at [./src/hotspot/share/prims/jni.cpp, line 615]
Event: 6.626 Thread 0x0000013604c4e000 Exception <a 'sun/nio/fs/WindowsException'{0x000000008819dec0}> (0x000000008819dec0) thrown at [./src/hotspot/share/prims/jni.cpp, line 615]
Event: 6.627 Thread 0x0000013604c4e000 Exception <a 'sun/nio/fs/WindowsException'{0x00000000881a21e8}> (0x00000000881a21e8) thrown at [./src/hotspot/share/prims/jni.cpp, line 615]
Event: 6.627 Thread 0x0000013604c4e000 Exception <a 'sun/nio/fs/WindowsException'{0x00000000881a2268}> (0x00000000881a2268) thrown at [./src/hotspot/share/prims/jni.cpp, line 615]
Event: 6.627 Thread 0x0000013604c4e000 Exception <a 'sun/nio/fs/WindowsException'{0x00000000881a4638}> (0x00000000881a4638) thrown at [./src/hotspot/share/prims/jni.cpp, line 615]
Event: 6.627 Thread 0x0000013604c4e000 Exception <a 'sun/nio/fs/WindowsException'{0x00000000881a46b8}> (0x00000000881a46b8) thrown at [./src/hotspot/share/prims/jni.cpp, line 615]
Event: 6.627 Thread 0x0000013604c4e000 Exception <a 'sun/nio/fs/WindowsException'{0x00000000881a8100}> (0x00000000881a8100) thrown at [./src/hotspot/share/prims/jni.cpp, line 615]
Event: 6.627 Thread 0x0000013604c4e000 Exception <a 'sun/nio/fs/WindowsException'{0x00000000881a8180}> (0x00000000881a8180) thrown at [./src/hotspot/share/prims/jni.cpp, line 615]
Event: 6.627 Thread 0x0000013604c4e000 Exception <a 'sun/nio/fs/WindowsException'{0x00000000881aa550}> (0x00000000881aa550) thrown at [./src/hotspot/share/prims/jni.cpp, line 615]
Event: 6.627 Thread 0x0000013604c4e000 Exception <a 'sun/nio/fs/WindowsException'{0x00000000881aa5d0}> (0x00000000881aa5d0) thrown at [./src/hotspot/share/prims/jni.cpp, line 615]
Event: 6.692 Thread 0x0000013604c4e000 Exception <a 'sun/nio/fs/WindowsException'{0x000000008b444c48}> (0x000000008b444c48) thrown at [./src/hotspot/share/prims/jni.cpp, line 615]
Event: 6.697 Thread 0x0000013604c4e000 Exception <a 'java/lang/IncompatibleClassChangeError'{0x000000008b466a90}: Found class java.lang.Object, but interface was expected> (0x000000008b466a90) thrown at [./src/hotspot/share/interpreter/linkResolver.cpp, line 839]
Event: 7.249 Thread 0x0000013604c4e000 Exception <a 'sun/nio/fs/WindowsException'{0x000000008a7105e8}> (0x000000008a7105e8) thrown at [./src/hotspot/share/prims/jni.cpp, line 615]
Event: 7.249 Thread 0x0000013604c4e000 Exception <a 'sun/nio/fs/WindowsException'{0x000000008a710668}> (0x000000008a710668) thrown at [./src/hotspot/share/prims/jni.cpp, line 615]

Events (20 events):
Event: 7.316 Thread 0x000001360a8c0800 Thread exited: 0x000001360a8c0800
Event: 7.316 Thread 0x000001360a8ba000 Thread exited: 0x000001360a8ba000
Event: 7.567 loading class sun/net/www/protocol/http/EmptyInputStream
Event: 7.567 loading class sun/net/www/protocol/http/EmptyInputStream done
Event: 7.569 Thread 0x00000136066e6800 Thread exited: 0x00000136066e6800
Event: 7.570 loading class com/android/repository/impl/manager/RemoteRepoLoaderImpl$1
Event: 7.570 loading class com/android/repository/impl/manager/RemoteRepoLoaderImpl$1 done
Event: 7.570 Thread 0x0000013609e3e000 Thread exited: 0x0000013609e3e000
Event: 7.571 Thread 0x0000013609e3d800 Thread exited: 0x0000013609e3d800
Event: 7.581 Thread 0x0000013609e3c800 Thread exited: 0x0000013609e3c800
Event: 7.583 Thread 0x00000136066e6800 Thread added: 0x00000136066e6800
Event: 7.646 loading class com/android/repository/util/InstallerUtil
Event: 7.646 loading class com/android/repository/util/InstallerUtil done
Event: 7.780 Thread 0x00000136066e6800 Thread exited: 0x00000136066e6800
Event: 7.913 Thread 0x000001360656f800 Thread exited: 0x000001360656f800
Event: 8.244 Thread 0x000001360c226000 Thread exited: 0x000001360c226000
Event: 8.268 Thread 0x000001360656f800 Thread added: 0x000001360656f800
Event: 8.372 Thread 0x0000013609e3f800 Thread exited: 0x0000013609e3f800
Event: 8.381 Thread 0x000001360656f800 Thread exited: 0x000001360656f800
Event: 8.389 Executing VM operation: G1CollectForAllocation


Dynamic libraries:
0x00007ff699e70000 - 0x00007ff699e7a000 	C:\Program Files\Android\Android Studio\jre\bin\java.exe
0x00007ffd10650000 - 0x00007ffd10845000 	C:\Windows\SYSTEM32\ntdll.dll
0x00007ffd0fd60000 - 0x00007ffd0fe1d000 	C:\Windows\System32\KERNEL32.DLL
0x00007ffd0df40000 - 0x00007ffd0e208000 	C:\Windows\System32\KERNELBASE.dll
0x00007ffd0e5c0000 - 0x00007ffd0e6c0000 	C:\Windows\System32\ucrtbase.dll
0x00007ffd09470000 - 0x00007ffd09487000 	C:\Program Files\Android\Android Studio\jre\bin\VCRUNTIME140.dll
0x00007ffd09500000 - 0x00007ffd09519000 	C:\Program Files\Android\Android Studio\jre\bin\jli.dll
0x00007ffd0ee60000 - 0x00007ffd0f000000 	C:\Windows\System32\USER32.dll
0x00007ffd0e430000 - 0x00007ffd0e452000 	C:\Windows\System32\win32u.dll
0x00007ffd10450000 - 0x00007ffd1047a000 	C:\Windows\System32\GDI32.dll
0x00007ffcee760000 - 0x00007ffcee9fa000 	C:\Windows\WinSxS\amd64_microsoft.windows.common-controls_6595b64144ccf1df_6.0.19041.1052_none_60b8f8fd71f5e8cb\COMCTL32.dll
0x00007ffd0e210000 - 0x00007ffd0e31b000 	C:\Windows\System32\gdi32full.dll
0x00007ffd0ec00000 - 0x00007ffd0ec9e000 	C:\Windows\System32\msvcrt.dll
0x00007ffd0ddf0000 - 0x00007ffd0de8d000 	C:\Windows\System32\msvcp_win.dll
0x00007ffd0edd0000 - 0x00007ffd0ee00000 	C:\Windows\System32\IMM32.DLL
0x00007ffcd9000000 - 0x00007ffcd909d000 	C:\Program Files\Android\Android Studio\jre\bin\msvcp140.dll
0x00007ffc91870000 - 0x00007ffc9232c000 	C:\Program Files\Android\Android Studio\jre\bin\server\jvm.dll
0x00007ffd0e6c0000 - 0x00007ffd0e76c000 	C:\Windows\System32\ADVAPI32.dll
0x00007ffd0fe30000 - 0x00007ffd0fecb000 	C:\Windows\System32\sechost.dll
0x00007ffd0f740000 - 0x00007ffd0f86b000 	C:\Windows\System32\RPCRT4.dll
0x00007ffd0fe20000 - 0x00007ffd0fe28000 	C:\Windows\System32\PSAPI.DLL
0x00007ffd0aff0000 - 0x00007ffd0aff9000 	C:\Windows\SYSTEM32\WSOCK32.dll
0x00007ffcefd50000 - 0x00007ffcefd77000 	C:\Windows\SYSTEM32\WINMM.dll
0x00007ffd0f8f0000 - 0x00007ffd0f95b000 	C:\Windows\System32\WS2_32.dll
0x00007ffd07760000 - 0x00007ffd0776a000 	C:\Windows\SYSTEM32\VERSION.dll
0x00007ffd0c680000 - 0x00007ffd0c692000 	C:\Windows\SYSTEM32\kernel.appcore.dll
0x00007ffcfd1f0000 - 0x00007ffcfd201000 	C:\Program Files\Android\Android Studio\jre\bin\verify.dll
0x00007ffd0bc90000 - 0x00007ffd0be74000 	C:\Windows\SYSTEM32\DBGHELP.DLL
0x00007ffcf2750000 - 0x00007ffcf277c000 	C:\Windows\SYSTEM32\dbgcore.DLL
0x00007ffd0e3a0000 - 0x00007ffd0e423000 	C:\Windows\System32\bcryptPrimitives.dll
0x00007ffce6580000 - 0x00007ffce65a9000 	C:\Program Files\Android\Android Studio\jre\bin\java.dll
0x00007ffd0afe0000 - 0x00007ffd0afeb000 	C:\Program Files\Android\Android Studio\jre\bin\jimage.dll
0x00007ffcc94b0000 - 0x00007ffcc94c8000 	C:\Program Files\Android\Android Studio\jre\bin\zip.dll
0x00007ffd0f000000 - 0x00007ffd0f73f000 	C:\Windows\System32\SHELL32.dll
0x00007ffd0bea0000 - 0x00007ffd0c630000 	C:\Windows\SYSTEM32\windows.storage.dll
0x00007ffd0ff40000 - 0x00007ffd10295000 	C:\Windows\System32\combase.dll
0x00007ffd0d800000 - 0x00007ffd0d82c000 	C:\Windows\SYSTEM32\Wldp.dll
0x00007ffd0fb80000 - 0x00007ffd0fc2e000 	C:\Windows\System32\SHCORE.dll
0x00007ffd0f9f0000 - 0x00007ffd0fa45000 	C:\Windows\System32\shlwapi.dll
0x00007ffd0dcd0000 - 0x00007ffd0dcef000 	C:\Windows\SYSTEM32\profapi.dll
0x00007ffcc9490000 - 0x00007ffcc94aa000 	C:\Program Files\Android\Android Studio\jre\bin\net.dll
0x00007ffcfb580000 - 0x00007ffcfb68b000 	C:\Windows\SYSTEM32\WINHTTP.dll
0x00007ffd0d570000 - 0x00007ffd0d5da000 	C:\Windows\system32\mswsock.dll
0x00007ffcc9470000 - 0x00007ffcc9484000 	C:\Program Files\Android\Android Studio\jre\bin\nio.dll
0x00007ffc924c0000 - 0x00007ffc924e7000 	C:\Users\maddy\.gradle\native\fdc75f09e3144964f2cf3f50f0aa648679c211496f362492102eb8c894070792\windows-amd64\native-platform.dll
0x00007ffc914b0000 - 0x00007ffc91646000 	C:\Users\maddy\.gradle\native\12488b8bf47d2d4c9fbf2f6322a914ad602e24e48041cd04a747c6da556b65c4\windows-amd64\native-platform-file-events.dll
0x00007ffd06380000 - 0x00007ffd0638a000 	C:\Program Files\Android\Android Studio\jre\bin\management.dll
0x00007ffd06350000 - 0x00007ffd0635c000 	C:\Program Files\Android\Android Studio\jre\bin\management_ext.dll
0x00007ffd0d740000 - 0x00007ffd0d758000 	C:\Windows\SYSTEM32\CRYPTSP.dll
0x00007ffd0cea0000 - 0x00007ffd0ced4000 	C:\Windows\system32\rsaenh.dll
0x00007ffd0e320000 - 0x00007ffd0e347000 	C:\Windows\System32\bcrypt.dll
0x00007ffd0dc90000 - 0x00007ffd0dcbe000 	C:\Windows\SYSTEM32\USERENV.dll
0x00007ffd0d760000 - 0x00007ffd0d76c000 	C:\Windows\SYSTEM32\CRYPTBASE.dll
0x00007ffd0d210000 - 0x00007ffd0d24b000 	C:\Windows\SYSTEM32\IPHLPAPI.DLL
0x00007ffd0fa50000 - 0x00007ffd0fa58000 	C:\Windows\System32\NSI.dll
0x00007ffd0ba60000 - 0x00007ffd0ba77000 	C:\Windows\SYSTEM32\dhcpcsvc6.DLL
0x00007ffd0ba40000 - 0x00007ffd0ba5d000 	C:\Windows\SYSTEM32\dhcpcsvc.DLL
0x00007ffd0d260000 - 0x00007ffd0d32c000 	C:\Windows\SYSTEM32\DNSAPI.dll
0x00007ffd063c0000 - 0x00007ffd063cb000 	C:\Windows\SYSTEM32\WINNSI.DLL
0x00007ffc92790000 - 0x00007ffc927b7000 	C:\Program Files\Android\Android Studio\jre\bin\sunec.dll
0x00007ffcfaf00000 - 0x00007ffcfaf0a000 	C:\Windows\System32\rasadhlp.dll
0x00007ffcfaf50000 - 0x00007ffcfafcf000 	C:\Windows\System32\fwpuclnt.dll

dbghelp: loaded successfully - version: 4.0.5 - missing functions: none
symbol engine: initialized successfully - sym options: 0x614 - pdb path: .;C:\Program Files\Android\Android Studio\jre\bin;C:\Windows\SYSTEM32;C:\Windows\WinSxS\amd64_microsoft.windows.common-controls_6595b64144ccf1df_6.0.19041.1052_none_60b8f8fd71f5e8cb;C:\Program Files\Android\Android Studio\jre\bin\server;C:\Users\maddy\.gradle\native\fdc75f09e3144964f2cf3f50f0aa648679c211496f362492102eb8c894070792\windows-amd64;C:\Users\maddy\.gradle\native\12488b8bf47d2d4c9fbf2f6322a914ad602e24e48041cd04a747c6da556b65c4\windows-amd64

VM Arguments:
jvm_args: --add-opens=java.base/java.util=ALL-UNNAMED --add-opens=java.base/java.lang=ALL-UNNAMED --add-opens=java.base/java.lang.invoke=ALL-UNNAMED --add-opens=java.prefs/java.util.prefs=ALL-UNNAMED -Xmx2048m -Dfile.encoding=UTF-8 -Duser.country=US -Duser.language=en -Duser.variant 
java_command: org.gradle.launcher.daemon.bootstrap.GradleDaemon 6.7.1
java_class_path (initial): C:\Users\maddy\.gradle\wrapper\dists\gradle-6.7.1-bin\bwlcbys1h7rz3272sye1xwiv6\gradle-6.7.1\lib\gradle-launcher-6.7.1.jar
Launcher Type: SUN_STANDARD

[Global flags]
     intx CICompilerCount                          = 4                                         {product} {ergonomic}
     uint ConcGCThreads                            = 2                                         {product} {ergonomic}
     uint G1ConcRefinementThreads                  = 8                                         {product} {ergonomic}
   size_t G1HeapRegionSize                         = 1048576                                   {product} {ergonomic}
    uintx GCDrainStackTargetSize                   = 64                                        {product} {ergonomic}
   size_t InitialHeapSize                          = 132120576                                 {product} {ergonomic}
   size_t MarkStackSize                            = 4194304                                   {product} {ergonomic}
   size_t MaxHeapSize                              = 2147483648                                {product} {command line}
   size_t MaxNewSize                               = 1287651328                                {product} {ergonomic}
   size_t MinHeapDeltaBytes                        = 1048576                                   {product} {ergonomic}
    uintx NonNMethodCodeHeapSize                   = 5836300                                {pd product} {ergonomic}
    uintx NonProfiledCodeHeapSize                  = 122910970                              {pd product} {ergonomic}
    uintx ProfiledCodeHeapSize                     = 122910970                              {pd product} {ergonomic}
    uintx ReservedCodeCacheSize                    = 251658240                              {pd product} {ergonomic}
     bool SegmentedCodeCache                       = true                                      {product} {ergonomic}
     bool UseCompressedClassPointers               = true                                 {lp64_product} {ergonomic}
     bool UseCompressedOops                        = true                                 {lp64_product} {ergonomic}
     bool UseG1GC                                  = true                                      {product} {ergonomic}
     bool UseLargePagesIndividualAllocation        = false                                  {pd product} {ergonomic}

Logging:
Log output configuration:
 #0: stdout all=warning uptime,level,tags
 #1: stderr all=off uptime,level,tags

Environment Variables:
PATH=C:\Program Files (x86)\Google\Chrome\Application;C:\Python39\Scripts\;C:\Python39\;C:\Windows\system32;C:\Windows;C:\Windows\System32\Wbem;C:\Windows\System32\WindowsPowerShell\v1.0\;C:\Windows\System32\OpenSSH\;C:\Program Files (x86)\NVIDIA Corporation\PhysX\Common;C:\Program Files\NVIDIA Corporation\NVIDIA NvDLISR;C:\Users\maddy\AppData\Local\Microsoft\WindowsApps;C:\adb;C:\Program Files\Git\cmd;C:\ProgramData\chocolatey\bin;;C:\TDM-GCC-64\bin;C:\xampp\php;C:\ProgramData\ComposerSetup\bin;C:\Windows\system32;C:\Windows;C:\Windows\System32\Wbem;C:\Windows\System32\WindowsPowerShell\v1.0\;C:\Windows\System32\OpenSSH\;C:\Program Files\nodejs\;C:\Users\maddy\AppData\Local\Programs\Python\Python36\Scripts\;C:\Users\maddy\AppData\Local\Programs\Python\Python36\;C:\Users\maddy\AppData\Local\Microsoft\WindowsApps;C:\Program Files\Java\jdk-13.0.2\bin;C:\Users\maddy\AppData\Local\Programs\Python\Python38\Scripts;;C:\Program Files\JetBrains\PyCharm 2020.2.2\bin;;C:\Users\maddy\AppData\Roaming\Composer\vendor\bin;C:\Users\maddy\AppData\Roaming\npm
USERNAME=maddy
OS=Windows_NT
PROCESSOR_IDENTIFIER=Intel64 Family 6 Model 158 Stepping 10, GenuineIntel



---------------  S Y S T E M  ---------------

OS: Windows 10 , 64 bit Build 19041 (10.0.19041.1023)
OS uptime: 0 days 2:49 hours

CPU:total 8 (initial active 8) (4 cores per cpu, 2 threads per core) family 6 model 158 stepping 10, cmov, cx8, fxsr, mmx, sse, sse2, sse3, ssse3, sse4.1, sse4.2, popcnt, avx, avx2, aes, clmul, erms, 3dnowpref, lzcnt, ht, tsc, tscinvbit, bmi1, bmi2, adx, fma

Memory: 4k page, system-wide physical 7999M (1470M free)
TotalPageFile size 8531M (AvailPageFile size 13M)
current process WorkingSet (physical memory assigned to process): 444M, peak: 447M
current process commit charge ("private bytes"): 480M, peak: 521M

vm_info: OpenJDK 64-Bit Server VM (11.0.8+10-b944.6842174) for windows-amd64 JRE (11.0.8+10-b944.6842174), built on Sep 19 2020 01:11:42 by "builder" with MS VC++ 14.0 (VS2015)

END.
