#
# There is insufficient memory for the Java Runtime Environment to continue.
# Native memory allocation (malloc) failed to allocate 1934416 bytes for Chunk::new
# Possible reasons:
#   The system is out of physical RAM or swap space
#   The process is running with CompressedOops enabled, and the Java Heap may be blocking the growth of the native heap
# Possible solutions:
#   Reduce memory load on the system
#   Increase physical memory or swap space
#   Check if swap backing store is full
#   Decrease Java heap size (-Xmx/-Xms)
#   Decrease number of Java threads
#   Decrease Java thread stack sizes (-Xss)
#   Set larger code cache with -XX:ReservedCodeCacheSize=
#   JVM is running with Unscaled Compressed Oops mode in which the Java heap is
#     placed in the first 4GB address space. The Java Heap base address is the
#     maximum limit for the native heap growth. Please use -XX:HeapBaseMinAddress
#     to set the Java Heap base and to place the Java Heap above 4GB virtual address.
# This output file may be truncated or incomplete.
#
#  Out of Memory Error (./src/hotspot/share/memory/arena.cpp:197), pid=7452, tid=6552
#
# JRE version: OpenJDK Runtime Environment (11.0.8+10) (build 11.0.8+10-b944.6842174)
# Java VM: OpenJDK 64-Bit Server VM (11.0.8+10-b944.6842174, mixed mode, tiered, compressed oops, g1 gc, windows-amd64)
# No core dump will be written. Minidumps are not enabled by default on client versions of Windows
#

---------------  S U M M A R Y ------------

Command Line: --add-opens=java.base/java.util=ALL-UNNAMED --add-opens=java.base/java.lang=ALL-UNNAMED --add-opens=java.base/java.lang.invoke=ALL-UNNAMED --add-opens=java.prefs/java.util.prefs=ALL-UNNAMED -Xmx2048m -Dfile.encoding=UTF-8 -Duser.country=US -Duser.language=en -Duser.variant org.gradle.launcher.daemon.bootstrap.GradleDaemon 6.7.1

Host: Intel(R) Core(TM) i5-9300H CPU @ 2.40GHz, 8 cores, 7G,  Windows 10 , 64 bit Build 19041 (10.0.19041.1023)
Time: Fri Jun 25 21:31:44 2021 India Standard Time elapsed time: 8 seconds (0d 0h 0m 8s)

---------------  T H R E A D  ---------------

Current thread (0x0000020c3c598000):  JavaThread "C2 CompilerThread0" daemon [_thread_in_native, id=6552, stack(0x000000ebefb00000,0x000000ebefc00000)]


Current CompileTask:
C2:   8041 7417       4       groovy.lang.MetaClassImpl::inheritInterfaceNewMetaMethods (199 bytes)

Stack: [0x000000ebefb00000,0x000000ebefc00000]
Native frames: (J=compiled Java code, j=interpreted, Vv=VM code, C=native code)
V  [jvm.dll+0x5de50a]
V  [jvm.dll+0x7122f5]
V  [jvm.dll+0x71384d]
V  [jvm.dll+0x713f03]
V  [jvm.dll+0x23e728]
V  [jvm.dll+0xb899c]
V  [jvm.dll+0xb8e9c]
V  [jvm.dll+0x35020b]
V  [jvm.dll+0x31dea3]
V  [jvm.dll+0x31d39a]
V  [jvm.dll+0x1f7702]
V  [jvm.dll+0x1f68d4]
V  [jvm.dll+0x17f32c]
V  [jvm.dll+0x205047]
V  [jvm.dll+0x203891]
V  [jvm.dll+0x6dad3f]
V  [jvm.dll+0x6d3895]
V  [jvm.dll+0x5dd4a6]
C  [ucrtbase.dll+0x21bb2]
C  [KERNEL32.DLL+0x17034]
C  [ntdll.dll+0x52651]


---------------  P R O C E S S  ---------------

Threads class SMR info:
_java_thread_list=0x0000020c42742f50, length=141, elements={
0x0000020c2114b800, 0x0000020c3bc13800, 0x0000020c3bc1c800, 0x0000020c3c593800,
0x0000020c3c595000, 0x0000020c3c598000, 0x0000020c3c599000, 0x0000020c3c59d000,
0x0000020c3c6e9800, 0x0000020c3c6fc800, 0x0000020c3e6db000, 0x0000020c3c897000,
0x0000020c3ddf7000, 0x0000020c3e3b2000, 0x0000020c3f616000, 0x0000020c3f11f800,
0x0000020c3dc7c000, 0x0000020c3f617000, 0x0000020c3f037800, 0x0000020c3f038800,
0x0000020c3f614800, 0x0000020c3f612000, 0x0000020c3f613000, 0x0000020c3f614000,
0x0000020c3ff18000, 0x0000020c3ff1a800, 0x0000020c3ff1b000, 0x0000020c3ff1c000,
0x0000020c3ff19800, 0x0000020c3ff16800, 0x0000020c3ff17000, 0x0000020c3ff1d000,
0x0000020c3ff1d800, 0x0000020c3ff1e800, 0x0000020c3ff19000, 0x0000020c3ff24000,
0x0000020c3ff21000, 0x0000020c3ff22000, 0x0000020c3ff22800, 0x0000020c3ff23800,
0x0000020c3ff25000, 0x0000020c3ff1f800, 0x0000020c3ff20000, 0x0000020c3e90a800,
0x0000020c3e90d000, 0x0000020c3fe09000, 0x0000020c3e90b800, 0x0000020c3e908000,
0x0000020c3e90c000, 0x0000020c3e907800, 0x0000020c3e90e000, 0x0000020c400fe000,
0x0000020c3e913000, 0x0000020c3e910800, 0x0000020c3e915000, 0x0000020c3e913800,
0x0000020c3e911000, 0x0000020c3e912000, 0x0000020c3e916000, 0x0000020c3e914800,
0x0000020c43d9e000, 0x0000020c43da2800, 0x0000020c43da3000, 0x0000020c43da0800,
0x0000020c43da1800, 0x0000020c43d9d800, 0x0000020c43da4000, 0x0000020c43da4800,
0x0000020c43d9f000, 0x0000020c43da5800, 0x0000020c43da0000, 0x0000020c43daa800,
0x0000020c43dab000, 0x0000020c43da9000, 0x0000020c43dac000, 0x0000020c43da7000,
0x0000020c43da6800, 0x0000020c43da9800, 0x0000020c43da8000, 0x0000020c4199b000,
0x0000020c41998000, 0x0000020c4199a800, 0x0000020c4199c000, 0x0000020c41999000,
0x0000020c4199d000, 0x0000020c41997000, 0x0000020c4199e800, 0x0000020c4199d800,
0x0000020c4199f800, 0x0000020c41999800, 0x0000020c419a3800, 0x0000020c419a4000,
0x0000020c419a5000, 0x0000020c419a6000, 0x0000020c419a0000, 0x0000020c419a1000,
0x0000020c419a1800, 0x0000020c419a2800, 0x0000020c43398800, 0x0000020c4339b000,
0x0000020c43397800, 0x0000020c43399000, 0x0000020c4339a000, 0x0000020c43395000,
0x0000020c4339b800, 0x0000020c43396000, 0x0000020c4339c800, 0x0000020c43397000,
0x0000020c433a1800, 0x0000020c433a0800, 0x0000020c433a3000, 0x0000020c433a2000,
0x0000020c4339e000, 0x0000020c4339d800, 0x0000020c433a4000, 0x0000020c4339f000,
0x0000020c433a0000, 0x0000020c43d2d000, 0x0000020c43d30000, 0x0000020c43d31000,
0x0000020c43d31800, 0x0000020c43d2e800, 0x0000020c43d2f800, 0x0000020c43d32800,
0x0000020c43d2d800, 0x0000020c43d33800, 0x0000020c43d3a000, 0x0000020c43d39000,
0x0000020c43d37800, 0x0000020c43d38800, 0x0000020c43d34000, 0x0000020c43d3a800,
0x0000020c43d35000, 0x0000020c43d36000, 0x0000020c43d3b800, 0x0000020c43d36800,
0x0000020c42563000, 0x0000020c4255e800, 0x0000020c4255f000, 0x0000020c42565800,
0x0000020c42564000
}

Java Threads: ( => current thread )
  0x0000020c2114b800 JavaThread "main" [_thread_blocked, id=6684, stack(0x000000ebef000000,0x000000ebef100000)]
  0x0000020c3bc13800 JavaThread "Reference Handler" daemon [_thread_blocked, id=14472, stack(0x000000ebef700000,0x000000ebef800000)]
  0x0000020c3bc1c800 JavaThread "Finalizer" daemon [_thread_blocked, id=11580, stack(0x000000ebef800000,0x000000ebef900000)]
  0x0000020c3c593800 JavaThread "Signal Dispatcher" daemon [_thread_blocked, id=14148, stack(0x000000ebef900000,0x000000ebefa00000)]
  0x0000020c3c595000 JavaThread "Attach Listener" daemon [_thread_blocked, id=1824, stack(0x000000ebefa00000,0x000000ebefb00000)]
=>0x0000020c3c598000 JavaThread "C2 CompilerThread0" daemon [_thread_in_native, id=6552, stack(0x000000ebefb00000,0x000000ebefc00000)]
  0x0000020c3c599000 JavaThread "C1 CompilerThread0" daemon [_thread_in_vm, id=15916, stack(0x000000ebefc00000,0x000000ebefd00000)]
  0x0000020c3c59d000 JavaThread "Sweeper thread" daemon [_thread_blocked, id=2636, stack(0x000000ebefd00000,0x000000ebefe00000)]
  0x0000020c3c6e9800 JavaThread "Common-Cleaner" daemon [_thread_blocked, id=15068, stack(0x000000ebefe00000,0x000000ebeff00000)]
  0x0000020c3c6fc800 JavaThread "Service Thread" daemon [_thread_blocked, id=16244, stack(0x000000ebeff00000,0x000000ebf0000000)]
  0x0000020c3e6db000 JavaThread "Daemon health stats" [_thread_blocked, id=15548, stack(0x000000ebf0500000,0x000000ebf0600000)]
  0x0000020c3c897000 JavaThread "Incoming local TCP Connector on port 64280" [_thread_in_native, id=15648, stack(0x000000ebf0600000,0x000000ebf0700000)]
  0x0000020c3ddf7000 JavaThread "Daemon periodic checks" [_thread_blocked, id=15612, stack(0x000000ebf0700000,0x000000ebf0800000)]
  0x0000020c3e3b2000 JavaThread "Daemon" [_thread_blocked, id=15152, stack(0x000000ebf0800000,0x000000ebf0900000)]
  0x0000020c3f616000 JavaThread "Handler for socket connection from /127.0.0.1:64280 to /127.0.0.1:64281" [_thread_in_native, id=15980, stack(0x000000ebf0900000,0x000000ebf0a00000)]
  0x0000020c3f11f800 JavaThread "Cancel handler" [_thread_blocked, id=8416, stack(0x000000ebf0a00000,0x000000ebf0b00000)]
  0x0000020c3dc7c000 JavaThread "Daemon worker" [_thread_in_Java, id=4400, stack(0x000000ebf0b00000,0x000000ebf0c00000)]
  0x0000020c3f617000 JavaThread "Asynchronous log dispatcher for DefaultDaemonConnection: socket connection from /127.0.0.1:64280 to /127.0.0.1:64281" [_thread_blocked, id=14712, stack(0x000000ebf0d00000,0x000000ebf0e00000)]
  0x0000020c3f037800 JavaThread "Stdin handler" [_thread_blocked, id=13028, stack(0x000000ebf0e00000,0x000000ebf0f00000)]
  0x0000020c3f038800 JavaThread "Thread-8" [_thread_blocked, id=16200, stack(0x000000ebf0f00000,0x000000ebf1000000)]
  0x0000020c3f614800 JavaThread "Cache worker for file hash cache (C:\Users\maddy\.gradle\caches\6.7.1\fileHashes)" [_thread_blocked, id=5212, stack(0x000000ebf1500000,0x000000ebf1600000)]
  0x0000020c3f612000 JavaThread "File lock request listener" [_thread_in_native, id=1000, stack(0x000000ebf1600000,0x000000ebf1700000)]
  0x0000020c3f613000 JavaThread "Cache worker for journal cache (C:\Users\maddy\.gradle\caches\journal-1)" [_thread_blocked, id=15660, stack(0x000000ebf1800000,0x000000ebf1900000)]
  0x0000020c3f614000 JavaThread "Cache worker for file hash cache (C:\Users\maddy\AndroidStudioProjects\Joya2\.gradle\6.7.1\fileHashes)" [_thread_blocked, id=15300, stack(0x000000ebf1900000,0x000000ebf1a00000)]
  0x0000020c3ff18000 JavaThread "jar transforms" [_thread_blocked, id=5748, stack(0x000000ebf1b00000,0x000000ebf1c00000)]
  0x0000020c3ff1a800 JavaThread "jar transforms Thread 2" [_thread_blocked, id=14636, stack(0x000000ebf1c00000,0x000000ebf1d00000)]
  0x0000020c3ff1b000 JavaThread "jar transforms Thread 3" [_thread_blocked, id=16076, stack(0x000000ebf1d00000,0x000000ebf1e00000)]
  0x0000020c3ff1c000 JavaThread "jar transforms Thread 4" [_thread_blocked, id=4288, stack(0x000000ebf1e00000,0x000000ebf1f00000)]
  0x0000020c3ff19800 JavaThread "jar transforms Thread 5" [_thread_blocked, id=12220, stack(0x000000ebf1f00000,0x000000ebf2000000)]
  0x0000020c3ff16800 JavaThread "jar transforms Thread 6" [_thread_blocked, id=7808, stack(0x000000ebf2000000,0x000000ebf2100000)]
  0x0000020c3ff17000 JavaThread "jar transforms Thread 7" [_thread_blocked, id=8368, stack(0x000000ebf2100000,0x000000ebf2200000)]
  0x0000020c3ff1d000 JavaThread "jar transforms Thread 8" [_thread_blocked, id=7720, stack(0x000000ebf2200000,0x000000ebf2300000)]
  0x0000020c3ff1d800 JavaThread "jar transforms Thread 9" [_thread_blocked, id=15384, stack(0x000000ebf2300000,0x000000ebf2400000)]
  0x0000020c3ff1e800 JavaThread "jar transforms Thread 10" [_thread_blocked, id=16224, stack(0x000000ebf2400000,0x000000ebf2500000)]
  0x0000020c3ff19000 JavaThread "jar transforms Thread 11" [_thread_blocked, id=10872, stack(0x000000ebf2500000,0x000000ebf2600000)]
  0x0000020c3ff24000 JavaThread "jar transforms Thread 12" [_thread_blocked, id=10160, stack(0x000000ebf2600000,0x000000ebf2700000)]
  0x0000020c3ff21000 JavaThread "jar transforms Thread 13" [_thread_blocked, id=2564, stack(0x000000ebf2700000,0x000000ebf2800000)]
  0x0000020c3ff22000 JavaThread "jar transforms Thread 14" [_thread_blocked, id=10356, stack(0x000000ebf2800000,0x000000ebf2900000)]
  0x0000020c3ff22800 JavaThread "jar transforms Thread 15" [_thread_blocked, id=2396, stack(0x000000ebf2900000,0x000000ebf2a00000)]
  0x0000020c3ff23800 JavaThread "jar transforms Thread 16" [_thread_blocked, id=5244, stack(0x000000ebf1a00000,0x000000ebf1b00000)]
  0x0000020c3ff25000 JavaThread "jar transforms Thread 17" [_thread_blocked, id=11948, stack(0x000000ebf0c00000,0x000000ebf0d00000)]
  0x0000020c3ff1f800 JavaThread "jar transforms Thread 18" [_thread_blocked, id=12528, stack(0x000000ebf2a00000,0x000000ebf2b00000)]
  0x0000020c3ff20000 JavaThread "jar transforms Thread 19" [_thread_blocked, id=9232, stack(0x000000ebf2b00000,0x000000ebf2c00000)]
  0x0000020c3e90a800 JavaThread "jar transforms Thread 20" [_thread_blocked, id=15628, stack(0x000000ebf2c00000,0x000000ebf2d00000)]
  0x0000020c3e90d000 JavaThread "jar transforms Thread 21" [_thread_blocked, id=9636, stack(0x000000ebf2d00000,0x000000ebf2e00000)]
  0x0000020c3fe09000 JavaThread "C2 CompilerThread1" daemon [_thread_in_native, id=12364, stack(0x000000ebf2e00000,0x000000ebf2f00000)]
  0x0000020c3e90b800 JavaThread "Cache worker for checksums cache (C:\Users\maddy\AndroidStudioProjects\Joya2\.gradle\checksums)" [_thread_blocked, id=16288, stack(0x000000ebf2f00000,0x000000ebf3000000)]
  0x0000020c3e908000 JavaThread "Cache worker for cache directory md-supplier (C:\Users\maddy\.gradle\caches\6.7.1\md-supplier)" [_thread_blocked, id=8348, stack(0x000000ebf3000000,0x000000ebf3100000)]
  0x0000020c3e90c000 JavaThread "Cache worker for cache directory md-rule (C:\Users\maddy\.gradle\caches\6.7.1\md-rule)" [_thread_blocked, id=2604, stack(0x000000ebf3100000,0x000000ebf3200000)]
  0x0000020c3e907800 JavaThread "Cache worker for execution history cache (C:\Users\maddy\.gradle\caches\6.7.1\executionHistory)" [_thread_blocked, id=14812, stack(0x000000ebf3200000,0x000000ebf3300000)]
  0x0000020c3e90e000 JavaThread "Cache worker for file content cache (C:\Users\maddy\.gradle\caches\6.7.1\fileContent)" [_thread_blocked, id=11084, stack(0x000000ebf3300000,0x000000ebf3400000)]
  0x0000020c400fe000 JavaThread "C2 CompilerThread2" daemon [_thread_blocked, id=6132, stack(0x000000ebf3400000,0x000000ebf3500000)]
  0x0000020c3e913000 JavaThread "Cache worker for Build Output Cleanup Cache (C:\Users\maddy\AndroidStudioProjects\Joya2\.gradle\buildOutputCleanup)" [_thread_blocked, id=7020, stack(0x000000ebf3500000,0x000000ebf3600000)]
  0x0000020c3e910800 JavaThread "Build operations" [_thread_blocked, id=15108, stack(0x000000ebf3600000,0x000000ebf3700000)]
  0x0000020c3e915000 JavaThread "Build operations Thread 2" [_thread_blocked, id=2688, stack(0x000000ebf3700000,0x000000ebf3800000)]
  0x0000020c3e913800 JavaThread "Build operations Thread 3" [_thread_blocked, id=6124, stack(0x000000ebf3800000,0x000000ebf3900000)]
  0x0000020c3e911000 JavaThread "Build operations Thread 4" [_thread_blocked, id=8144, stack(0x000000ebf3900000,0x000000ebf3a00000)]
  0x0000020c3e912000 JavaThread "Build operations Thread 5" [_thread_blocked, id=4768, stack(0x000000ebf3a00000,0x000000ebf3b00000)]
  0x0000020c3e916000 JavaThread "Build operations Thread 6" [_thread_blocked, id=9872, stack(0x000000ebf3b00000,0x000000ebf3c00000)]
  0x0000020c3e914800 JavaThread "Build operations Thread 7" [_thread_blocked, id=7244, stack(0x000000ebf3c00000,0x000000ebf3d00000)]
  0x0000020c43d9e000 JavaThread "Build operations Thread 8" [_thread_blocked, id=8288, stack(0x000000ebf3d00000,0x000000ebf3e00000)]
  0x0000020c43da2800 JavaThread "jar transforms Thread 22" [_thread_blocked, id=1944, stack(0x000000ebf3e00000,0x000000ebf3f00000)]
  0x0000020c43da3000 JavaThread "jar transforms Thread 23" [_thread_blocked, id=2064, stack(0x000000ebf3f00000,0x000000ebf4000000)]
  0x0000020c43da0800 JavaThread "jar transforms Thread 24" [_thread_blocked, id=3732, stack(0x000000ebf4000000,0x000000ebf4100000)]
  0x0000020c43da1800 JavaThread "jar transforms Thread 25" [_thread_blocked, id=4024, stack(0x000000ebf4100000,0x000000ebf4200000)]
  0x0000020c43d9d800 JavaThread "jar transforms Thread 26" [_thread_blocked, id=1140, stack(0x000000ebf4200000,0x000000ebf4300000)]
  0x0000020c43da4000 JavaThread "jar transforms Thread 27" [_thread_blocked, id=2004, stack(0x000000ebf4300000,0x000000ebf4400000)]
  0x0000020c43da4800 JavaThread "jar transforms Thread 28" [_thread_blocked, id=12560, stack(0x000000ebf4400000,0x000000ebf4500000)]
  0x0000020c43d9f000 JavaThread "jar transforms Thread 29" [_thread_blocked, id=2060, stack(0x000000ebf4500000,0x000000ebf4600000)]
  0x0000020c43da5800 JavaThread "jar transforms Thread 30" [_thread_blocked, id=420, stack(0x000000ebf4600000,0x000000ebf4700000)]
  0x0000020c43da0000 JavaThread "jar transforms Thread 31" [_thread_blocked, id=11664, stack(0x000000ebf4700000,0x000000ebf4800000)]
  0x0000020c43daa800 JavaThread "jar transforms Thread 32" [_thread_blocked, id=12884, stack(0x000000ebf4800000,0x000000ebf4900000)]
  0x0000020c43dab000 JavaThread "jar transforms Thread 33" [_thread_blocked, id=2764, stack(0x000000ebf4900000,0x000000ebf4a00000)]
  0x0000020c43da9000 JavaThread "jar transforms Thread 34" [_thread_blocked, id=7544, stack(0x000000ebf4a00000,0x000000ebf4b00000)]
  0x0000020c43dac000 JavaThread "jar transforms Thread 35" [_thread_blocked, id=15580, stack(0x000000ebf4b00000,0x000000ebf4c00000)]
  0x0000020c43da7000 JavaThread "jar transforms Thread 36" [_thread_blocked, id=9952, stack(0x000000ebf4c00000,0x000000ebf4d00000)]
  0x0000020c43da6800 JavaThread "jar transforms Thread 37" [_thread_blocked, id=3860, stack(0x000000ebf4d00000,0x000000ebf4e00000)]
  0x0000020c43da9800 JavaThread "jar transforms Thread 38" [_thread_blocked, id=2000, stack(0x000000ebf4e00000,0x000000ebf4f00000)]
  0x0000020c43da8000 JavaThread "jar transforms Thread 39" [_thread_blocked, id=10864, stack(0x000000ebf4f00000,0x000000ebf5000000)]
  0x0000020c4199b000 JavaThread "jar transforms Thread 40" [_thread_blocked, id=12268, stack(0x000000ebf5000000,0x000000ebf5100000)]
  0x0000020c41998000 JavaThread "jar transforms Thread 41" [_thread_blocked, id=12888, stack(0x000000ebf5100000,0x000000ebf5200000)]
  0x0000020c4199a800 JavaThread "jar transforms Thread 42" [_thread_blocked, id=12960, stack(0x000000ebf5200000,0x000000ebf5300000)]
  0x0000020c4199c000 JavaThread "jar transforms Thread 43" [_thread_blocked, id=12920, stack(0x000000ebf5300000,0x000000ebf5400000)]
  0x0000020c41999000 JavaThread "jar transforms Thread 44" [_thread_blocked, id=8320, stack(0x000000ebf5400000,0x000000ebf5500000)]
  0x0000020c4199d000 JavaThread "jar transforms Thread 45" [_thread_blocked, id=12948, stack(0x000000ebf5500000,0x000000ebf5600000)]
  0x0000020c41997000 JavaThread "jar transforms Thread 46" [_thread_blocked, id=11144, stack(0x000000ebf5600000,0x000000ebf5700000)]
  0x0000020c4199e800 JavaThread "jar transforms Thread 47" [_thread_blocked, id=12952, stack(0x000000ebf5700000,0x000000ebf5800000)]
  0x0000020c4199d800 JavaThread "jar transforms Thread 48" [_thread_blocked, id=12136, stack(0x000000ebf5800000,0x000000ebf5900000)]
  0x0000020c4199f800 JavaThread "jar transforms Thread 49" [_thread_blocked, id=13016, stack(0x000000ebf5900000,0x000000ebf5a00000)]
  0x0000020c41999800 JavaThread "jar transforms Thread 50" [_thread_blocked, id=6608, stack(0x000000ebf5a00000,0x000000ebf5b00000)]
  0x0000020c419a3800 JavaThread "jar transforms Thread 51" [_thread_blocked, id=12956, stack(0x000000ebf5b00000,0x000000ebf5c00000)]
  0x0000020c419a4000 JavaThread "jar transforms Thread 52" [_thread_blocked, id=3216, stack(0x000000ebf5c00000,0x000000ebf5d00000)]
  0x0000020c419a5000 JavaThread "jar transforms Thread 53" [_thread_blocked, id=5300, stack(0x000000ebf5d00000,0x000000ebf5e00000)]
  0x0000020c419a6000 JavaThread "jar transforms Thread 54" [_thread_blocked, id=3208, stack(0x000000ebf5e00000,0x000000ebf5f00000)]
  0x0000020c419a0000 JavaThread "jar transforms Thread 55" [_thread_blocked, id=3212, stack(0x000000ebf5f00000,0x000000ebf6000000)]
  0x0000020c419a1000 JavaThread "jar transforms Thread 56" [_thread_blocked, id=5720, stack(0x000000ebf6000000,0x000000ebf6100000)]
  0x0000020c419a1800 JavaThread "jar transforms Thread 57" [_thread_blocked, id=11148, stack(0x000000ebf6100000,0x000000ebf6200000)]
  0x0000020c419a2800 JavaThread "jar transforms Thread 58" [_thread_blocked, id=8304, stack(0x000000ebf6200000,0x000000ebf6300000)]
  0x0000020c43398800 JavaThread "jar transforms Thread 59" [_thread_blocked, id=10580, stack(0x000000ebf6300000,0x000000ebf6400000)]
  0x0000020c4339b000 JavaThread "jar transforms Thread 60" [_thread_blocked, id=14100, stack(0x000000ebf6400000,0x000000ebf6500000)]
  0x0000020c43397800 JavaThread "jar transforms Thread 61" [_thread_blocked, id=14088, stack(0x000000ebf6500000,0x000000ebf6600000)]
  0x0000020c43399000 JavaThread "jar transforms Thread 62" [_thread_blocked, id=8316, stack(0x000000ebf6600000,0x000000ebf6700000)]
  0x0000020c4339a000 JavaThread "jar transforms Thread 63" [_thread_blocked, id=3264, stack(0x000000ebf6700000,0x000000ebf6800000)]
  0x0000020c43395000 JavaThread "jar transforms Thread 64" [_thread_blocked, id=8292, stack(0x000000ebf6800000,0x000000ebf6900000)]
  0x0000020c4339b800 JavaThread "jar transforms Thread 65" [_thread_blocked, id=8296, stack(0x000000ebf6900000,0x000000ebf6a00000)]
  0x0000020c43396000 JavaThread "jar transforms Thread 66" [_thread_blocked, id=8540, stack(0x000000ebf6a00000,0x000000ebf6b00000)]
  0x0000020c4339c800 JavaThread "jar transforms Thread 67" [_thread_blocked, id=9852, stack(0x000000ebf6b00000,0x000000ebf6c00000)]
  0x0000020c43397000 JavaThread "jar transforms Thread 68" [_thread_blocked, id=2664, stack(0x000000ebf6c00000,0x000000ebf6d00000)]
  0x0000020c433a1800 JavaThread "jar transforms Thread 69" [_thread_blocked, id=1420, stack(0x000000ebf6d00000,0x000000ebf6e00000)]
  0x0000020c433a0800 JavaThread "jar transforms Thread 70" [_thread_blocked, id=4668, stack(0x000000ebf6e00000,0x000000ebf6f00000)]
  0x0000020c433a3000 JavaThread "jar transforms Thread 71" [_thread_blocked, id=6396, stack(0x000000ebf6f00000,0x000000ebf7000000)]
  0x0000020c433a2000 JavaThread "jar transforms Thread 72" [_thread_blocked, id=15796, stack(0x000000ebf7000000,0x000000ebf7100000)]
  0x0000020c4339e000 JavaThread "jar transforms Thread 73" [_thread_blocked, id=5140, stack(0x000000ebf7100000,0x000000ebf7200000)]
  0x0000020c4339d800 JavaThread "jar transforms Thread 74" [_thread_blocked, id=9716, stack(0x000000ebf7200000,0x000000ebf7300000)]
  0x0000020c433a4000 JavaThread "jar transforms Thread 75" [_thread_blocked, id=12000, stack(0x000000ebf7300000,0x000000ebf7400000)]
  0x0000020c4339f000 JavaThread "jar transforms Thread 76" [_thread_blocked, id=15728, stack(0x000000ebf7400000,0x000000ebf7500000)]
  0x0000020c433a0000 JavaThread "jar transforms Thread 77" [_thread_blocked, id=11704, stack(0x000000ebf7500000,0x000000ebf7600000)]
  0x0000020c43d2d000 JavaThread "jar transforms Thread 78" [_thread_blocked, id=14824, stack(0x000000ebf7600000,0x000000ebf7700000)]
  0x0000020c43d30000 JavaThread "jar transforms Thread 79" [_thread_blocked, id=16132, stack(0x000000ebf7700000,0x000000ebf7800000)]
  0x0000020c43d31000 JavaThread "jar transforms Thread 80" [_thread_blocked, id=13344, stack(0x000000ebf7800000,0x000000ebf7900000)]
  0x0000020c43d31800 JavaThread "jar transforms Thread 81" [_thread_blocked, id=15848, stack(0x000000ebf7900000,0x000000ebf7a00000)]
  0x0000020c43d2e800 JavaThread "jar transforms Thread 82" [_thread_blocked, id=9456, stack(0x000000ebf7a00000,0x000000ebf7b00000)]
  0x0000020c43d2f800 JavaThread "jar transforms Thread 83" [_thread_blocked, id=13616, stack(0x000000ebf7b00000,0x000000ebf7c00000)]
  0x0000020c43d32800 JavaThread "jar transforms Thread 84" [_thread_blocked, id=7444, stack(0x000000ebf7c00000,0x000000ebf7d00000)]
  0x0000020c43d2d800 JavaThread "jar transforms Thread 85" [_thread_blocked, id=14024, stack(0x000000ebf7d00000,0x000000ebf7e00000)]
  0x0000020c43d33800 JavaThread "jar transforms Thread 86" [_thread_blocked, id=16356, stack(0x000000ebf7e00000,0x000000ebf7f00000)]
  0x0000020c43d3a000 JavaThread "jar transforms Thread 87" [_thread_blocked, id=10384, stack(0x000000ebf7f00000,0x000000ebf8000000)]
  0x0000020c43d39000 JavaThread "jar transforms Thread 88" [_thread_blocked, id=1260, stack(0x000000ebf8000000,0x000000ebf8100000)]
  0x0000020c43d37800 JavaThread "jar transforms Thread 89" [_thread_blocked, id=5040, stack(0x000000ebf8100000,0x000000ebf8200000)]
  0x0000020c43d38800 JavaThread "jar transforms Thread 90" [_thread_blocked, id=11716, stack(0x000000ebf8200000,0x000000ebf8300000)]
  0x0000020c43d34000 JavaThread "jar transforms Thread 91" [_thread_blocked, id=9784, stack(0x000000ebf8300000,0x000000ebf8400000)]
  0x0000020c43d3a800 JavaThread "jar transforms Thread 92" [_thread_blocked, id=768, stack(0x000000ebf8400000,0x000000ebf8500000)]
  0x0000020c43d35000 JavaThread "jar transforms Thread 93" [_thread_blocked, id=904, stack(0x000000ebf8500000,0x000000ebf8600000)]
  0x0000020c43d36000 JavaThread "jar transforms Thread 94" [_thread_blocked, id=14736, stack(0x000000ebf8600000,0x000000ebf8700000)]
  0x0000020c43d3b800 JavaThread "jar transforms Thread 95" [_thread_blocked, id=10212, stack(0x000000ebf8700000,0x000000ebf8800000)]
  0x0000020c43d36800 JavaThread "jar transforms Thread 96" [_thread_blocked, id=12436, stack(0x000000ebf8800000,0x000000ebf8900000)]
  0x0000020c42563000 JavaThread "jar transforms Thread 97" [_thread_blocked, id=9228, stack(0x000000ebf8900000,0x000000ebf8a00000)]
  0x0000020c4255e800 JavaThread "jar transforms Thread 98" [_thread_blocked, id=8244, stack(0x000000ebf8a00000,0x000000ebf8b00000)]
  0x0000020c4255f000 JavaThread "jar transforms Thread 99" [_thread_blocked, id=1264, stack(0x000000ebf8b00000,0x000000ebf8c00000)]
  0x0000020c42565800 JavaThread "Memory manager" [_thread_blocked, id=15760, stack(0x000000ebf8c00000,0x000000ebf8d00000)]
  0x0000020c42564000 JavaThread "pool-3-thread-1" [_thread_blocked, id=5652, stack(0x000000ebf8d00000,0x000000ebf8e00000)]

Other Threads:
  0x0000020c3bc0d000 VMThread "VM Thread" [stack: 0x000000ebef600000,0x000000ebef700000] [id=13796]
  0x0000020c3c6ec000 WatcherThread [stack: 0x000000ebf0000000,0x000000ebf0100000] [id=11348]
  0x0000020c21164000 GCTaskThread "GC Thread#0" [stack: 0x000000ebef100000,0x000000ebef200000] [id=15168]
  0x0000020c3d551800 GCTaskThread "GC Thread#1" [stack: 0x000000ebf0200000,0x000000ebf0300000] [id=15716]
  0x0000020c3d25a800 GCTaskThread "GC Thread#2" [stack: 0x000000ebf0300000,0x000000ebf0400000] [id=8120]
  0x0000020c3e493000 GCTaskThread "GC Thread#3" [stack: 0x000000ebf1000000,0x000000ebf1100000] [id=14160]
  0x0000020c3e96c800 GCTaskThread "GC Thread#4" [stack: 0x000000ebf1100000,0x000000ebf1200000] [id=14096]
  0x0000020c3e999800 GCTaskThread "GC Thread#5" [stack: 0x000000ebf1200000,0x000000ebf1300000] [id=9624]
  0x0000020c3e490000 GCTaskThread "GC Thread#6" [stack: 0x000000ebf1300000,0x000000ebf1400000] [id=8168]
  0x0000020c3ee3d000 GCTaskThread "GC Thread#7" [stack: 0x000000ebf1400000,0x000000ebf1500000] [id=13800]
  0x0000020c21195800 ConcurrentGCThread "G1 Main Marker" [stack: 0x000000ebef200000,0x000000ebef300000] [id=12988]
  0x0000020c21197000 ConcurrentGCThread "G1 Conc#0" [stack: 0x000000ebef300000,0x000000ebef400000] [id=15856]
  0x0000020c3e39b800 ConcurrentGCThread "G1 Conc#1" [stack: 0x000000ebf1700000,0x000000ebf1800000] [id=6180]
  0x0000020c3ba60800 ConcurrentGCThread "G1 Refine#0" [stack: 0x000000ebef400000,0x000000ebef500000] [id=7276]
  0x0000020c3ba61000 ConcurrentGCThread "G1 Young RemSet Sampling" [stack: 0x000000ebef500000,0x000000ebef600000] [id=15416]

Threads with active compile tasks:
C2 CompilerThread0   8068 7417       4       groovy.lang.MetaClassImpl::inheritInterfaceNewMetaMethods (199 bytes)
C2 CompilerThread1   8068 7341       4       java.beans.Introspector::addMethod (196 bytes)

VM state:not at safepoint (normal execution)

VM Mutex/Monitor currently owned by a thread: None

Heap address: 0x0000000080000000, size: 2048 MB, Compressed Oops mode: 32-bit
Narrow klass base: 0x0000000000000000, Narrow klass shift: 3
Compressed class space size: 1073741824 Address: 0x0000000100000000

Heap:
 garbage-first heap   total 187392K, used 85905K [0x0000000080000000, 0x0000000100000000)
  region size 1024K, 11 young (11264K), 5 survivors (5120K)
 Metaspace       used 79159K, capacity 81135K, committed 81228K, reserved 1120256K
  class space    used 10168K, capacity 10826K, committed 10880K, reserved 1048576K
Heap Regions: E=young(eden), S=young(survivor), O=old, HS=humongous(starts), HC=humongous(continues), CS=collection set, F=free, A=archive, TAMS=top-at-mark-start (previous, next)
|   0|0x0000000080000000, 0x0000000080100000, 0x0000000080100000|100%| O|  |TAMS 0x0000000080100000, 0x0000000080000000| Updating 
|   1|0x0000000080100000, 0x0000000080200000, 0x0000000080200000|100%| O|  |TAMS 0x0000000080200000, 0x0000000080100000| Updating 
|   2|0x0000000080200000, 0x0000000080300000, 0x0000000080300000|100%| O|  |TAMS 0x0000000080300000, 0x0000000080200000| Updating 
|   3|0x0000000080300000, 0x0000000080400000, 0x0000000080400000|100%|HS|  |TAMS 0x0000000080400000, 0x0000000080300000| Complete 
|   4|0x0000000080400000, 0x0000000080500000, 0x0000000080500000|100%|HC|  |TAMS 0x0000000080500000, 0x0000000080400000| Complete 
|   5|0x0000000080500000, 0x0000000080600000, 0x0000000080600000|100%|HC|  |TAMS 0x0000000080600000, 0x0000000080500000| Complete 
|   6|0x0000000080600000, 0x0000000080700000, 0x0000000080700000|100%| O|  |TAMS 0x0000000080700000, 0x0000000080600000| Updating 
|   7|0x0000000080700000, 0x0000000080800000, 0x0000000080800000|100%| O|  |TAMS 0x0000000080800000, 0x0000000080700000| Updating 
|   8|0x0000000080800000, 0x0000000080900000, 0x0000000080900000|100%| O|  |TAMS 0x0000000080900000, 0x0000000080800000| Updating 
|   9|0x0000000080900000, 0x0000000080a00000, 0x0000000080a00000|100%| O|  |TAMS 0x0000000080a00000, 0x0000000080900000| Updating 
|  10|0x0000000080a00000, 0x0000000080b00000, 0x0000000080b00000|100%| O|  |TAMS 0x0000000080b00000, 0x0000000080a00000| Updating 
|  11|0x0000000080b00000, 0x0000000080c00000, 0x0000000080c00000|100%| O|  |TAMS 0x0000000080c00000, 0x0000000080b00000| Updating 
|  12|0x0000000080c00000, 0x0000000080d00000, 0x0000000080d00000|100%| O|  |TAMS 0x0000000080d00000, 0x0000000080c00000| Updating 
|  13|0x0000000080d00000, 0x0000000080e00000, 0x0000000080e00000|100%| O|  |TAMS 0x0000000080e00000, 0x0000000080d00000| Updating 
|  14|0x0000000080e00000, 0x0000000080f00000, 0x0000000080f00000|100%| O|  |TAMS 0x0000000080f00000, 0x0000000080e00000| Updating 
|  15|0x0000000080f00000, 0x0000000081000000, 0x0000000081000000|100%|HS|  |TAMS 0x0000000081000000, 0x0000000080f00000| Complete 
|  16|0x0000000081000000, 0x0000000081100000, 0x0000000081100000|100%|HC|  |TAMS 0x0000000081100000, 0x0000000081000000| Complete 
|  17|0x0000000081100000, 0x0000000081200000, 0x0000000081200000|100%|HS|  |TAMS 0x0000000081200000, 0x0000000081100000| Complete 
|  18|0x0000000081200000, 0x0000000081300000, 0x0000000081300000|100%|HC|  |TAMS 0x0000000081300000, 0x0000000081200000| Complete 
|  19|0x0000000081300000, 0x0000000081400000, 0x0000000081400000|100%|HC|  |TAMS 0x0000000081400000, 0x0000000081300000| Complete 
|  20|0x0000000081400000, 0x0000000081500000, 0x0000000081500000|100%|HS|  |TAMS 0x0000000081500000, 0x0000000081400000| Complete 
|  21|0x0000000081500000, 0x0000000081600000, 0x0000000081600000|100%|HC|  |TAMS 0x0000000081600000, 0x0000000081500000| Complete 
|  22|0x0000000081600000, 0x0000000081700000, 0x0000000081700000|100%|HC|  |TAMS 0x0000000081700000, 0x0000000081600000| Complete 
|  23|0x0000000081700000, 0x0000000081800000, 0x0000000081800000|100%|HC|  |TAMS 0x0000000081800000, 0x0000000081700000| Complete 
|  24|0x0000000081800000, 0x0000000081900000, 0x0000000081900000|100%| O|  |TAMS 0x0000000081900000, 0x0000000081800000| Updating 
|  25|0x0000000081900000, 0x0000000081a00000, 0x0000000081a00000|100%|HS|  |TAMS 0x0000000081a00000, 0x0000000081900000| Complete 
|  26|0x0000000081a00000, 0x0000000081b00000, 0x0000000081b00000|100%|HC|  |TAMS 0x0000000081b00000, 0x0000000081a00000| Complete 
|  27|0x0000000081b00000, 0x0000000081c00000, 0x0000000081c00000|100%|HC|  |TAMS 0x0000000081c00000, 0x0000000081b00000| Complete 
|  28|0x0000000081c00000, 0x0000000081d00000, 0x0000000081d00000|100%|HS|  |TAMS 0x0000000081d00000, 0x0000000081c00000| Complete 
|  29|0x0000000081d00000, 0x0000000081e00000, 0x0000000081e00000|100%|HC|  |TAMS 0x0000000081e00000, 0x0000000081d00000| Complete 
|  30|0x0000000081e00000, 0x0000000081f00000, 0x0000000081f00000|100%|HC|  |TAMS 0x0000000081f00000, 0x0000000081e00000| Complete 
|  31|0x0000000081f00000, 0x0000000082000000, 0x0000000082000000|100%|HC|  |TAMS 0x0000000082000000, 0x0000000081f00000| Complete 
|  32|0x0000000082000000, 0x0000000082100000, 0x0000000082100000|100%| O|  |TAMS 0x0000000082100000, 0x0000000082000000| Updating 
|  33|0x0000000082100000, 0x0000000082200000, 0x0000000082200000|100%| O|  |TAMS 0x0000000082200000, 0x0000000082100000| Updating 
|  34|0x0000000082200000, 0x0000000082300000, 0x0000000082300000|100%| O|  |TAMS 0x0000000082300000, 0x0000000082200000| Updating 
|  35|0x0000000082300000, 0x0000000082400000, 0x0000000082400000|100%| O|  |TAMS 0x0000000082400000, 0x0000000082300000| Updating 
|  36|0x0000000082400000, 0x0000000082500000, 0x0000000082500000|100%| O|  |TAMS 0x0000000082500000, 0x0000000082400000| Updating 
|  37|0x0000000082500000, 0x0000000082600000, 0x0000000082600000|100%| O|  |TAMS 0x0000000082600000, 0x0000000082500000| Updating 
|  38|0x0000000082600000, 0x0000000082700000, 0x0000000082700000|100%| O|  |TAMS 0x0000000082700000, 0x0000000082600000| Updating 
|  39|0x0000000082700000, 0x0000000082800000, 0x0000000082800000|100%| O|  |TAMS 0x0000000082800000, 0x0000000082700000| Updating 
|  40|0x0000000082800000, 0x0000000082900000, 0x0000000082900000|100%| O|  |TAMS 0x0000000082900000, 0x0000000082800000| Updating 
|  41|0x0000000082900000, 0x0000000082a00000, 0x0000000082a00000|100%| O|  |TAMS 0x0000000082a00000, 0x0000000082900000| Updating 
|  42|0x0000000082a00000, 0x0000000082b00000, 0x0000000082b00000|100%| O|  |TAMS 0x0000000082b00000, 0x0000000082a00000| Updating 
|  43|0x0000000082b00000, 0x0000000082c00000, 0x0000000082c00000|100%| O|  |TAMS 0x0000000082c00000, 0x0000000082b00000| Updating 
|  44|0x0000000082c00000, 0x0000000082d00000, 0x0000000082d00000|100%| O|  |TAMS 0x0000000082d00000, 0x0000000082c00000| Updating 
|  45|0x0000000082d00000, 0x0000000082e00000, 0x0000000082e00000|100%| O|  |TAMS 0x0000000082e00000, 0x0000000082d00000| Updating 
|  46|0x0000000082e00000, 0x0000000082f00000, 0x0000000082f00000|100%| O|  |TAMS 0x0000000082f00000, 0x0000000082e00000| Updating 
|  47|0x0000000082f00000, 0x0000000083000000, 0x0000000083000000|100%| O|  |TAMS 0x0000000083000000, 0x0000000082f00000| Updating 
|  48|0x0000000083000000, 0x0000000083100000, 0x0000000083100000|100%| O|  |TAMS 0x0000000083100000, 0x0000000083000000| Updating 
|  49|0x0000000083100000, 0x0000000083200000, 0x0000000083200000|100%|HS|  |TAMS 0x0000000083200000, 0x0000000083100000| Complete 
|  50|0x0000000083200000, 0x0000000083300000, 0x0000000083300000|100%|HS|  |TAMS 0x0000000083300000, 0x0000000083200000| Complete 
|  51|0x0000000083300000, 0x0000000083400000, 0x0000000083400000|100%|HC|  |TAMS 0x0000000083400000, 0x0000000083300000| Complete 
|  52|0x0000000083400000, 0x0000000083500000, 0x0000000083500000|100%| O|  |TAMS 0x0000000083500000, 0x0000000083400000| Updating 
|  53|0x0000000083500000, 0x0000000083600000, 0x0000000083600000|100%| O|  |TAMS 0x0000000083600000, 0x0000000083500000| Updating 
|  54|0x0000000083600000, 0x0000000083700000, 0x0000000083700000|100%| O|  |TAMS 0x0000000083700000, 0x0000000083600000| Updating 
|  55|0x0000000083700000, 0x0000000083800000, 0x0000000083800000|100%| O|  |TAMS 0x0000000083800000, 0x0000000083700000| Updating 
|  56|0x0000000083800000, 0x0000000083900000, 0x0000000083900000|100%| O|  |TAMS 0x0000000083900000, 0x0000000083800000| Updating 
|  57|0x0000000083900000, 0x0000000083a00000, 0x0000000083a00000|100%| O|  |TAMS 0x0000000083a00000, 0x0000000083900000| Updating 
|  58|0x0000000083a00000, 0x0000000083b00000, 0x0000000083b00000|100%| O|  |TAMS 0x0000000083b00000, 0x0000000083a00000| Updating 
|  59|0x0000000083b00000, 0x0000000083c00000, 0x0000000083c00000|100%| O|  |TAMS 0x0000000083c00000, 0x0000000083b00000| Updating 
|  60|0x0000000083c00000, 0x0000000083d00000, 0x0000000083d00000|100%| O|  |TAMS 0x0000000083d00000, 0x0000000083c00000| Updating 
|  61|0x0000000083d00000, 0x0000000083e00000, 0x0000000083e00000|100%| O|  |TAMS 0x0000000083e00000, 0x0000000083d00000| Updating 
|  62|0x0000000083e00000, 0x0000000083f00000, 0x0000000083f00000|100%| O|  |TAMS 0x0000000083f00000, 0x0000000083e00000| Updating 
|  63|0x0000000083f00000, 0x0000000084000000, 0x0000000084000000|100%| O|  |TAMS 0x0000000084000000, 0x0000000083f00000| Updating 
|  64|0x0000000084000000, 0x0000000084100000, 0x0000000084100000|100%| O|  |TAMS 0x0000000084100000, 0x0000000084000000| Updating 
|  65|0x0000000084100000, 0x0000000084200000, 0x0000000084200000|100%| O|  |TAMS 0x0000000084200000, 0x0000000084100000| Updating 
|  66|0x0000000084200000, 0x0000000084300000, 0x0000000084300000|100%| O|  |TAMS 0x0000000084300000, 0x0000000084200000| Updating 
|  67|0x0000000084300000, 0x0000000084400000, 0x0000000084400000|100%| O|  |TAMS 0x0000000084400000, 0x0000000084300000| Updating 
|  68|0x0000000084400000, 0x0000000084500000, 0x0000000084500000|100%| O|  |TAMS 0x0000000084500000, 0x0000000084400000| Updating 
|  69|0x0000000084500000, 0x0000000084600000, 0x0000000084600000|100%| O|  |TAMS 0x0000000084600000, 0x0000000084500000| Updating 
|  70|0x0000000084600000, 0x0000000084700000, 0x0000000084700000|100%| O|  |TAMS 0x0000000084700000, 0x0000000084600000| Updating 
|  71|0x0000000084700000, 0x0000000084800000, 0x0000000084800000|100%| O|  |TAMS 0x0000000084800000, 0x0000000084700000| Updating 
|  72|0x0000000084800000, 0x0000000084900000, 0x0000000084900000|100%| O|  |TAMS 0x0000000084900000, 0x0000000084800000| Updating 
|  73|0x0000000084900000, 0x0000000084a00000, 0x0000000084a00000|100%| O|  |TAMS 0x0000000084a00000, 0x0000000084900000| Updating 
|  74|0x0000000084a00000, 0x0000000084a5ce00, 0x0000000084b00000| 36%| O|  |TAMS 0x0000000084a5ce00, 0x0000000084a00000| Updating 
|  75|0x0000000084b00000, 0x0000000084b00000, 0x0000000084c00000|  0%| F|  |TAMS 0x0000000084b00000, 0x0000000084b00000| Untracked 
|  76|0x0000000084c00000, 0x0000000084c00000, 0x0000000084d00000|  0%| F|  |TAMS 0x0000000084c00000, 0x0000000084c00000| Untracked 
|  77|0x0000000084d00000, 0x0000000084d00000, 0x0000000084e00000|  0%| F|  |TAMS 0x0000000084d00000, 0x0000000084d00000| Untracked 
|  78|0x0000000084e00000, 0x0000000084e00000, 0x0000000084f00000|  0%| F|  |TAMS 0x0000000084e00000, 0x0000000084e00000| Untracked 
|  79|0x0000000084f00000, 0x0000000084f00000, 0x0000000085000000|  0%| F|  |TAMS 0x0000000084f00000, 0x0000000084f00000| Untracked 
|  80|0x0000000085000000, 0x0000000085000000, 0x0000000085100000|  0%| F|  |TAMS 0x0000000085000000, 0x0000000085000000| Untracked 
|  81|0x0000000085100000, 0x0000000085100000, 0x0000000085200000|  0%| F|  |TAMS 0x0000000085100000, 0x0000000085100000| Untracked 
|  82|0x0000000085200000, 0x0000000085200000, 0x0000000085300000|  0%| F|  |TAMS 0x0000000085200000, 0x0000000085200000| Untracked 
|  83|0x0000000085300000, 0x0000000085300000, 0x0000000085400000|  0%| F|  |TAMS 0x0000000085300000, 0x0000000085300000| Untracked 
|  84|0x0000000085400000, 0x0000000085400000, 0x0000000085500000|  0%| F|  |TAMS 0x0000000085400000, 0x0000000085400000| Untracked 
|  85|0x0000000085500000, 0x0000000085500000, 0x0000000085600000|  0%| F|  |TAMS 0x0000000085500000, 0x0000000085500000| Untracked 
|  86|0x0000000085600000, 0x0000000085600000, 0x0000000085700000|  0%| F|  |TAMS 0x0000000085600000, 0x0000000085600000| Untracked 
|  87|0x0000000085700000, 0x0000000085700000, 0x0000000085800000|  0%| F|  |TAMS 0x0000000085700000, 0x0000000085700000| Untracked 
|  88|0x0000000085800000, 0x0000000085800000, 0x0000000085900000|  0%| F|  |TAMS 0x0000000085800000, 0x0000000085800000| Untracked 
|  89|0x0000000085900000, 0x0000000085900000, 0x0000000085a00000|  0%| F|  |TAMS 0x0000000085900000, 0x0000000085900000| Untracked 
|  90|0x0000000085a00000, 0x0000000085a00000, 0x0000000085b00000|  0%| F|  |TAMS 0x0000000085a00000, 0x0000000085a00000| Untracked 
|  91|0x0000000085b00000, 0x0000000085b00000, 0x0000000085c00000|  0%| F|  |TAMS 0x0000000085b00000, 0x0000000085b00000| Untracked 
|  92|0x0000000085c00000, 0x0000000085c00000, 0x0000000085d00000|  0%| F|  |TAMS 0x0000000085c00000, 0x0000000085c00000| Untracked 
|  93|0x0000000085d00000, 0x0000000085d00000, 0x0000000085e00000|  0%| F|  |TAMS 0x0000000085d00000, 0x0000000085d00000| Untracked 
|  94|0x0000000085e00000, 0x0000000085e00000, 0x0000000085f00000|  0%| F|  |TAMS 0x0000000085e00000, 0x0000000085e00000| Untracked 
|  95|0x0000000085f00000, 0x0000000085f00000, 0x0000000086000000|  0%| F|  |TAMS 0x0000000085f00000, 0x0000000085f00000| Untracked 
|  96|0x0000000086000000, 0x0000000086000000, 0x0000000086100000|  0%| F|  |TAMS 0x0000000086000000, 0x0000000086000000| Untracked 
|  97|0x0000000086100000, 0x0000000086100000, 0x0000000086200000|  0%| F|  |TAMS 0x0000000086100000, 0x0000000086100000| Untracked 
|  98|0x0000000086200000, 0x0000000086200000, 0x0000000086300000|  0%| F|  |TAMS 0x0000000086200000, 0x0000000086200000| Untracked 
|  99|0x0000000086300000, 0x0000000086300000, 0x0000000086400000|  0%| F|  |TAMS 0x0000000086300000, 0x0000000086300000| Untracked 
| 100|0x0000000086400000, 0x0000000086400000, 0x0000000086500000|  0%| F|  |TAMS 0x0000000086400000, 0x0000000086400000| Untracked 
| 101|0x0000000086500000, 0x0000000086500000, 0x0000000086600000|  0%| F|  |TAMS 0x0000000086500000, 0x0000000086500000| Untracked 
| 102|0x0000000086600000, 0x0000000086600000, 0x0000000086700000|  0%| F|  |TAMS 0x0000000086600000, 0x0000000086600000| Untracked 
| 103|0x0000000086700000, 0x00000000867877c0, 0x0000000086800000| 52%| S|CS|TAMS 0x0000000086700000, 0x0000000086700000| Complete 
| 104|0x0000000086800000, 0x0000000086900000, 0x0000000086900000|100%| S|CS|TAMS 0x0000000086800000, 0x0000000086800000| Complete 
| 105|0x0000000086900000, 0x0000000086a00000, 0x0000000086a00000|100%| S|CS|TAMS 0x0000000086900000, 0x0000000086900000| Complete 
| 106|0x0000000086a00000, 0x0000000086b00000, 0x0000000086b00000|100%| S|CS|TAMS 0x0000000086a00000, 0x0000000086a00000| Complete 
| 107|0x0000000086b00000, 0x0000000086c00000, 0x0000000086c00000|100%| S|CS|TAMS 0x0000000086b00000, 0x0000000086b00000| Complete 
| 108|0x0000000086c00000, 0x0000000086c00000, 0x0000000086d00000|  0%| F|  |TAMS 0x0000000086c00000, 0x0000000086c00000| Untracked 
| 109|0x0000000086d00000, 0x0000000086d00000, 0x0000000086e00000|  0%| F|  |TAMS 0x0000000086d00000, 0x0000000086d00000| Untracked 
| 110|0x0000000086e00000, 0x0000000086e00000, 0x0000000086f00000|  0%| F|  |TAMS 0x0000000086e00000, 0x0000000086e00000| Untracked 
| 111|0x0000000086f00000, 0x0000000086f00000, 0x0000000087000000|  0%| F|  |TAMS 0x0000000086f00000, 0x0000000086f00000| Untracked 
| 112|0x0000000087000000, 0x0000000087000000, 0x0000000087100000|  0%| F|  |TAMS 0x0000000087000000, 0x0000000087000000| Untracked 
| 113|0x0000000087100000, 0x0000000087100000, 0x0000000087200000|  0%| F|  |TAMS 0x0000000087100000, 0x0000000087100000| Untracked 
| 114|0x0000000087200000, 0x0000000087200000, 0x0000000087300000|  0%| F|  |TAMS 0x0000000087200000, 0x0000000087200000| Untracked 
| 115|0x0000000087300000, 0x0000000087300000, 0x0000000087400000|  0%| F|  |TAMS 0x0000000087300000, 0x0000000087300000| Untracked 
| 116|0x0000000087400000, 0x0000000087400000, 0x0000000087500000|  0%| F|  |TAMS 0x0000000087400000, 0x0000000087400000| Untracked 
| 117|0x0000000087500000, 0x0000000087500000, 0x0000000087600000|  0%| F|  |TAMS 0x0000000087500000, 0x0000000087500000| Untracked 
| 118|0x0000000087600000, 0x0000000087600000, 0x0000000087700000|  0%| F|  |TAMS 0x0000000087600000, 0x0000000087600000| Untracked 
| 119|0x0000000087700000, 0x0000000087700000, 0x0000000087800000|  0%| F|  |TAMS 0x0000000087700000, 0x0000000087700000| Untracked 
| 120|0x0000000087800000, 0x0000000087800000, 0x0000000087900000|  0%| F|  |TAMS 0x0000000087800000, 0x0000000087800000| Untracked 
| 121|0x0000000087900000, 0x0000000087900000, 0x0000000087a00000|  0%| F|  |TAMS 0x0000000087900000, 0x0000000087900000| Untracked 
| 122|0x0000000087a00000, 0x0000000087a00000, 0x0000000087b00000|  0%| F|  |TAMS 0x0000000087a00000, 0x0000000087a00000| Untracked 
| 123|0x0000000087b00000, 0x0000000087b00000, 0x0000000087c00000|  0%| F|  |TAMS 0x0000000087b00000, 0x0000000087b00000| Untracked 
| 124|0x0000000087c00000, 0x0000000087c00000, 0x0000000087d00000|  0%| F|  |TAMS 0x0000000087c00000, 0x0000000087c00000| Untracked 
| 125|0x0000000087d00000, 0x0000000087d00000, 0x0000000087e00000|  0%| F|  |TAMS 0x0000000087d00000, 0x0000000087d00000| Untracked 
| 126|0x0000000087e00000, 0x0000000087e00000, 0x0000000087f00000|  0%| F|  |TAMS 0x0000000087e00000, 0x0000000087e00000| Untracked 
| 127|0x0000000087f00000, 0x0000000087f00000, 0x0000000088000000|  0%| F|  |TAMS 0x0000000087f00000, 0x0000000087f00000| Untracked 
| 128|0x0000000088000000, 0x0000000088000000, 0x0000000088100000|  0%| F|  |TAMS 0x0000000088000000, 0x0000000088000000| Untracked 
| 129|0x0000000088100000, 0x0000000088100000, 0x0000000088200000|  0%| F|  |TAMS 0x0000000088100000, 0x0000000088100000| Untracked 
| 130|0x0000000088200000, 0x0000000088200000, 0x0000000088300000|  0%| F|  |TAMS 0x0000000088200000, 0x0000000088200000| Untracked 
| 131|0x0000000088300000, 0x0000000088300000, 0x0000000088400000|  0%| F|  |TAMS 0x0000000088300000, 0x0000000088300000| Untracked 
| 132|0x0000000088400000, 0x0000000088400000, 0x0000000088500000|  0%| F|  |TAMS 0x0000000088400000, 0x0000000088400000| Untracked 
| 133|0x0000000088500000, 0x0000000088500000, 0x0000000088600000|  0%| F|  |TAMS 0x0000000088500000, 0x0000000088500000| Untracked 
| 134|0x0000000088600000, 0x0000000088600000, 0x0000000088700000|  0%| F|  |TAMS 0x0000000088600000, 0x0000000088600000| Untracked 
| 135|0x0000000088700000, 0x0000000088700000, 0x0000000088800000|  0%| F|  |TAMS 0x0000000088700000, 0x0000000088700000| Untracked 
| 136|0x0000000088800000, 0x0000000088800000, 0x0000000088900000|  0%| F|  |TAMS 0x0000000088800000, 0x0000000088800000| Untracked 
| 137|0x0000000088900000, 0x0000000088900000, 0x0000000088a00000|  0%| F|  |TAMS 0x0000000088900000, 0x0000000088900000| Untracked 
| 138|0x0000000088a00000, 0x0000000088a00000, 0x0000000088b00000|  0%| F|  |TAMS 0x0000000088a00000, 0x0000000088a00000| Untracked 
| 139|0x0000000088b00000, 0x0000000088b00000, 0x0000000088c00000|  0%| F|  |TAMS 0x0000000088b00000, 0x0000000088b00000| Untracked 
| 140|0x0000000088c00000, 0x0000000088c00000, 0x0000000088d00000|  0%| F|  |TAMS 0x0000000088c00000, 0x0000000088c00000| Untracked 
| 141|0x0000000088d00000, 0x0000000088d00000, 0x0000000088e00000|  0%| F|  |TAMS 0x0000000088d00000, 0x0000000088d00000| Untracked 
| 142|0x0000000088e00000, 0x0000000088e00000, 0x0000000088f00000|  0%| F|  |TAMS 0x0000000088e00000, 0x0000000088e00000| Untracked 
| 143|0x0000000088f00000, 0x0000000088f00000, 0x0000000089000000|  0%| F|  |TAMS 0x0000000088f00000, 0x0000000088f00000| Untracked 
| 144|0x0000000089000000, 0x0000000089000000, 0x0000000089100000|  0%| F|  |TAMS 0x0000000089000000, 0x0000000089000000| Untracked 
| 145|0x0000000089100000, 0x0000000089100000, 0x0000000089200000|  0%| F|  |TAMS 0x0000000089100000, 0x0000000089100000| Untracked 
| 146|0x0000000089200000, 0x0000000089200000, 0x0000000089300000|  0%| F|  |TAMS 0x0000000089200000, 0x0000000089200000| Untracked 
| 147|0x0000000089300000, 0x0000000089300000, 0x0000000089400000|  0%| F|  |TAMS 0x0000000089300000, 0x0000000089300000| Untracked 
| 148|0x0000000089400000, 0x0000000089400000, 0x0000000089500000|  0%| F|  |TAMS 0x0000000089400000, 0x0000000089400000| Untracked 
| 149|0x0000000089500000, 0x0000000089500000, 0x0000000089600000|  0%| F|  |TAMS 0x0000000089500000, 0x0000000089500000| Untracked 
| 150|0x0000000089600000, 0x0000000089600000, 0x0000000089700000|  0%| F|  |TAMS 0x0000000089600000, 0x0000000089600000| Untracked 
| 151|0x0000000089700000, 0x0000000089700000, 0x0000000089800000|  0%| F|  |TAMS 0x0000000089700000, 0x0000000089700000| Untracked 
| 152|0x0000000089800000, 0x0000000089800000, 0x0000000089900000|  0%| F|  |TAMS 0x0000000089800000, 0x0000000089800000| Untracked 
| 153|0x0000000089900000, 0x0000000089900000, 0x0000000089a00000|  0%| F|  |TAMS 0x0000000089900000, 0x0000000089900000| Untracked 
| 154|0x0000000089a00000, 0x0000000089a00000, 0x0000000089b00000|  0%| F|  |TAMS 0x0000000089a00000, 0x0000000089a00000| Untracked 
| 155|0x0000000089b00000, 0x0000000089b00000, 0x0000000089c00000|  0%| F|  |TAMS 0x0000000089b00000, 0x0000000089b00000| Untracked 
| 156|0x0000000089c00000, 0x0000000089c00000, 0x0000000089d00000|  0%| F|  |TAMS 0x0000000089c00000, 0x0000000089c00000| Untracked 
| 157|0x0000000089d00000, 0x0000000089d00000, 0x0000000089e00000|  0%| F|  |TAMS 0x0000000089d00000, 0x0000000089d00000| Untracked 
| 158|0x0000000089e00000, 0x0000000089e00000, 0x0000000089f00000|  0%| F|  |TAMS 0x0000000089e00000, 0x0000000089e00000| Untracked 
| 159|0x0000000089f00000, 0x0000000089f00000, 0x000000008a000000|  0%| F|  |TAMS 0x0000000089f00000, 0x0000000089f00000| Untracked 
| 160|0x000000008a000000, 0x000000008a000000, 0x000000008a100000|  0%| F|  |TAMS 0x000000008a000000, 0x000000008a000000| Untracked 
| 161|0x000000008a100000, 0x000000008a100000, 0x000000008a200000|  0%| F|  |TAMS 0x000000008a100000, 0x000000008a100000| Untracked 
| 162|0x000000008a200000, 0x000000008a200000, 0x000000008a300000|  0%| F|  |TAMS 0x000000008a200000, 0x000000008a200000| Untracked 
| 163|0x000000008a300000, 0x000000008a300000, 0x000000008a400000|  0%| F|  |TAMS 0x000000008a300000, 0x000000008a300000| Untracked 
| 164|0x000000008a400000, 0x000000008a400000, 0x000000008a500000|  0%| F|  |TAMS 0x000000008a400000, 0x000000008a400000| Untracked 
| 165|0x000000008a500000, 0x000000008a500000, 0x000000008a600000|  0%| F|  |TAMS 0x000000008a500000, 0x000000008a500000| Untracked 
| 166|0x000000008a600000, 0x000000008a600000, 0x000000008a700000|  0%| F|  |TAMS 0x000000008a600000, 0x000000008a600000| Untracked 
| 167|0x000000008a700000, 0x000000008a700000, 0x000000008a800000|  0%| F|  |TAMS 0x000000008a700000, 0x000000008a700000| Untracked 
| 168|0x000000008a800000, 0x000000008a800000, 0x000000008a900000|  0%| F|  |TAMS 0x000000008a800000, 0x000000008a800000| Untracked 
| 169|0x000000008a900000, 0x000000008a900000, 0x000000008aa00000|  0%| F|  |TAMS 0x000000008a900000, 0x000000008a900000| Untracked 
| 170|0x000000008aa00000, 0x000000008aa00000, 0x000000008ab00000|  0%| F|  |TAMS 0x000000008aa00000, 0x000000008aa00000| Untracked 
| 171|0x000000008ab00000, 0x000000008ab00000, 0x000000008ac00000|  0%| F|  |TAMS 0x000000008ab00000, 0x000000008ab00000| Untracked 
| 172|0x000000008ac00000, 0x000000008ac00000, 0x000000008ad00000|  0%| F|  |TAMS 0x000000008ac00000, 0x000000008ac00000| Untracked 
| 173|0x000000008ad00000, 0x000000008ad00000, 0x000000008ae00000|  0%| F|  |TAMS 0x000000008ad00000, 0x000000008ad00000| Untracked 
| 174|0x000000008ae00000, 0x000000008ae00000, 0x000000008af00000|  0%| F|  |TAMS 0x000000008ae00000, 0x000000008ae00000| Untracked 
| 175|0x000000008af00000, 0x000000008af00000, 0x000000008b000000|  0%| F|  |TAMS 0x000000008af00000, 0x000000008af00000| Untracked 
| 176|0x000000008b000000, 0x000000008b000000, 0x000000008b100000|  0%| F|  |TAMS 0x000000008b000000, 0x000000008b000000| Untracked 
| 177|0x000000008b100000, 0x000000008b200000, 0x000000008b200000|100%| E|  |TAMS 0x000000008b100000, 0x000000008b100000| Complete 
| 178|0x000000008b200000, 0x000000008b300000, 0x000000008b300000|100%| E|CS|TAMS 0x000000008b200000, 0x000000008b200000| Complete 
| 179|0x000000008b300000, 0x000000008b400000, 0x000000008b400000|100%| E|CS|TAMS 0x000000008b300000, 0x000000008b300000| Complete 
| 180|0x000000008b400000, 0x000000008b500000, 0x000000008b500000|100%| E|CS|TAMS 0x000000008b400000, 0x000000008b400000| Complete 
| 181|0x000000008b500000, 0x000000008b600000, 0x000000008b600000|100%| E|CS|TAMS 0x000000008b500000, 0x000000008b500000| Complete 
| 182|0x000000008b600000, 0x000000008b700000, 0x000000008b700000|100%| E|CS|TAMS 0x000000008b600000, 0x000000008b600000| Complete 

Card table byte_map: [0x0000020c34930000,0x0000020c34d30000] _byte_map_base: 0x0000020c34530000

Marking Bits (Prev, Next): (CMBitMap*) 0x0000020c2118cb40, (CMBitMap*) 0x0000020c2118cb08
 Prev Bits: [0x0000020c37130000, 0x0000020c39130000)
 Next Bits: [0x0000020c35130000, 0x0000020c37130000)

Polling page: 0x0000020c1f8f0000

Metaspace:

Usage:
  Non-class:     68.66 MB capacity,    67.43 MB ( 98%) used,     1.06 MB (  2%) free+waste,   173.13 KB ( <1%) overhead. 
      Class:     10.57 MB capacity,     9.94 MB ( 94%) used,   567.05 KB (  5%) free+waste,    80.81 KB ( <1%) overhead. 
       Both:     79.23 MB capacity,    77.37 MB ( 98%) used,     1.62 MB (  2%) free+waste,   253.94 KB ( <1%) overhead. 

Virtual space:
  Non-class space:       70.00 MB reserved,      68.95 MB ( 98%) committed 
      Class space:        1.00 GB reserved,      10.63 MB (  1%) committed 
             Both:        1.07 GB reserved,      79.57 MB (  7%) committed 

Chunk freelists:
   Non-Class:  39.00 KB
       Class:  22.00 KB
        Both:  61.00 KB

MaxMetaspaceSize: 17179869184.00 GB
CompressedClassSpaceSize: 1.00 GB

CodeHeap 'non-profiled nmethods': size=120000Kb used=4946Kb max_used=4946Kb free=115053Kb
 bounds [0x0000020c2c5a0000, 0x0000020c2ca80000, 0x0000020c33ad0000]
CodeHeap 'profiled nmethods': size=120000Kb used=16078Kb max_used=16078Kb free=103921Kb
 bounds [0x0000020c25070000, 0x0000020c26030000, 0x0000020c2c5a0000]
CodeHeap 'non-nmethods': size=5760Kb used=2265Kb max_used=2325Kb free=3494Kb
 bounds [0x0000020c24ad0000, 0x0000020c24d40000, 0x0000020c25070000]
 total_blobs=8092 nmethods=7226 adapters=777
 compilation: enabled
              stopped_count=0, restarted_count=0
 full_count=0

Compilation events (20 events):
Event: 7.991 Thread 0x0000020c400fe000 nmethod 7469 0x0000020c2ca70a90 code [0x0000020c2ca70c40, 0x0000020c2ca70f18]
Event: 7.991 Thread 0x0000020c400fe000 7389       4       sun.reflect.generics.tree.SimpleClassTypeSignature::make (11 bytes)
Event: 7.997 Thread 0x0000020c400fe000 nmethod 7389 0x0000020c2ca71190 code [0x0000020c2ca71320, 0x0000020c2ca71538]
Event: 7.999 Thread 0x0000020c3c599000 7472       3       java.lang.invoke.LambdaForm::editor (5 bytes)
Event: 7.999 Thread 0x0000020c3c599000 nmethod 7472 0x0000020c26021b90 code [0x0000020c26021d60, 0x0000020c26022068]
Event: 7.999 Thread 0x0000020c3c599000 7473       3       java.lang.invoke.LambdaFormEditor::lambdaFormEditor (12 bytes)
Event: 7.999 Thread 0x0000020c3c599000 nmethod 7473 0x0000020c26022190 code [0x0000020c26022360, 0x0000020c260225e8]
Event: 7.999 Thread 0x0000020c3c599000 7475   !   3       jdk.internal.loader.URLClassPath$JarLoader::getResource (65 bytes)
Event: 7.999 Thread 0x0000020c400fe000 7476       4       java.nio.DirectByteBufferR::slice (62 bytes)
Event: 7.999 Thread 0x0000020c3c599000 nmethod 7475 0x0000020c26022710 code [0x0000020c26022980, 0x0000020c26023368]
Event: 7.999 Thread 0x0000020c3c599000 7474       3       java.lang.invoke.LambdaFormEditor::<init> (10 bytes)
Event: 8.000 Thread 0x0000020c3c599000 nmethod 7474 0x0000020c26023690 code [0x0000020c26023840, 0x0000020c260239f8]
Event: 8.002 Thread 0x0000020c400fe000 nmethod 7476 0x0000020c2ca71610 code [0x0000020c2ca717c0, 0x0000020c2ca719b8]
Event: 8.002 Thread 0x0000020c400fe000 7477       4       java.util.concurrent.ConcurrentHashMap$BaseIterator::hasNext (13 bytes)
Event: 8.002 Thread 0x0000020c400fe000 nmethod 7477 0x0000020c2ca71c90 code [0x0000020c2ca71e20, 0x0000020c2ca71e98]
Event: 8.002 Thread 0x0000020c400fe000 7478       4       jdk.internal.module.ModuleReferenceImpl::hashCode (56 bytes)
Event: 8.003 Thread 0x0000020c400fe000 nmethod 7478 0x0000020c2ca71f10 code [0x0000020c2ca720a0, 0x0000020c2ca72118]
Event: 8.009 Thread 0x0000020c400fe000 7479       4       java.util.concurrent.ConcurrentHashMap$ValueIterator::next (34 bytes)
Event: 8.014 Thread 0x0000020c400fe000 nmethod 7479 0x0000020c2ca72190 code [0x0000020c2ca72340, 0x0000020c2ca72758]
Event: 8.027 Thread 0x0000020c400fe000 7480   !   4       jdk.internal.loader.URLClassPath$JarLoader::getResource (65 bytes)

GC Heap History (20 events):
Event: 4.175 GC heap before
{Heap before GC invocations=8 (full 0):
 garbage-first heap   total 155648K, used 107703K [0x0000000080000000, 0x0000000100000000)
  region size 1024K, 70 young (71680K), 8 survivors (8192K)
 Metaspace       used 46694K, capacity 47815K, committed 47948K, reserved 1091584K
  class space    used 5806K, capacity 6181K, committed 6272K, reserved 1048576K
}
Event: 4.183 GC heap after
{Heap after GC invocations=9 (full 0):
 garbage-first heap   total 155648K, used 49434K [0x0000000080000000, 0x0000000100000000)
  region size 1024K, 9 young (9216K), 9 survivors (9216K)
 Metaspace       used 46694K, capacity 47815K, committed 47948K, reserved 1091584K
  class space    used 5806K, capacity 6181K, committed 6272K, reserved 1048576K
}
Event: 5.051 GC heap before
{Heap before GC invocations=9 (full 0):
 garbage-first heap   total 155648K, used 110874K [0x0000000080000000, 0x0000000100000000)
  region size 1024K, 69 young (70656K), 9 survivors (9216K)
 Metaspace       used 50413K, capacity 51789K, committed 51916K, reserved 1093632K
  class space    used 6343K, capacity 6820K, committed 6912K, reserved 1048576K
}
Event: 5.057 GC heap after
{Heap after GC invocations=10 (full 0):
 garbage-first heap   total 155648K, used 52603K [0x0000000080000000, 0x0000000100000000)
  region size 1024K, 4 young (4096K), 4 survivors (4096K)
 Metaspace       used 50413K, capacity 51789K, committed 51916K, reserved 1093632K
  class space    used 6343K, capacity 6820K, committed 6912K, reserved 1048576K
}
Event: 5.625 GC heap before
{Heap before GC invocations=10 (full 0):
 garbage-first heap   total 155648K, used 116091K [0x0000000080000000, 0x0000000100000000)
  region size 1024K, 64 young (65536K), 4 survivors (4096K)
 Metaspace       used 56626K, capacity 58277K, committed 58572K, reserved 1099776K
  class space    used 7118K, capacity 7639K, committed 7680K, reserved 1048576K
}
Event: 5.631 GC heap after
{Heap after GC invocations=11 (full 0):
 garbage-first heap   total 155648K, used 62613K [0x0000000080000000, 0x0000000100000000)
  region size 1024K, 8 young (8192K), 8 survivors (8192K)
 Metaspace       used 56626K, capacity 58277K, committed 58572K, reserved 1099776K
  class space    used 7118K, capacity 7639K, committed 7680K, reserved 1048576K
}
Event: 5.791 GC heap before
{Heap before GC invocations=11 (full 0):
 garbage-first heap   total 155648K, used 73877K [0x0000000080000000, 0x0000000100000000)
  region size 1024K, 20 young (20480K), 8 survivors (8192K)
 Metaspace       used 58355K, capacity 59965K, committed 60236K, reserved 1101824K
  class space    used 7302K, capacity 7792K, committed 7808K, reserved 1048576K
}
Event: 5.798 GC heap after
{Heap after GC invocations=12 (full 0):
 garbage-first heap   total 155648K, used 63567K [0x0000000080000000, 0x0000000100000000)
  region size 1024K, 2 young (2048K), 2 survivors (2048K)
 Metaspace       used 58355K, capacity 59965K, committed 60236K, reserved 1101824K
  class space    used 7302K, capacity 7792K, committed 7808K, reserved 1048576K
}
Event: 6.185 GC heap before
{Heap before GC invocations=13 (full 0):
 garbage-first heap   total 155648K, used 101455K [0x0000000080000000, 0x0000000100000000)
  region size 1024K, 40 young (40960K), 2 survivors (2048K)
 Metaspace       used 62796K, capacity 64408K, committed 64460K, reserved 1105920K
  class space    used 7894K, capacity 8436K, committed 8448K, reserved 1048576K
}
Event: 6.188 GC heap after
{Heap after GC invocations=14 (full 0):
 garbage-first heap   total 155648K, used 66358K [0x0000000080000000, 0x0000000100000000)
  region size 1024K, 4 young (4096K), 4 survivors (4096K)
 Metaspace       used 62796K, capacity 64408K, committed 64460K, reserved 1105920K
  class space    used 7894K, capacity 8436K, committed 8448K, reserved 1048576K
}
Event: 6.473 GC heap before
{Heap before GC invocations=14 (full 0):
 garbage-first heap   total 155648K, used 107318K [0x0000000080000000, 0x0000000100000000)
  region size 1024K, 44 young (45056K), 4 survivors (4096K)
 Metaspace       used 64782K, capacity 66589K, committed 66892K, reserved 1107968K
  class space    used 8139K, capacity 8727K, committed 8832K, reserved 1048576K
}
Event: 6.480 GC heap after
{Heap after GC invocations=15 (full 0):
 garbage-first heap   total 155648K, used 69883K [0x0000000080000000, 0x0000000100000000)
  region size 1024K, 4 young (4096K), 4 survivors (4096K)
 Metaspace       used 64782K, capacity 66589K, committed 66892K, reserved 1107968K
  class space    used 8139K, capacity 8727K, committed 8832K, reserved 1048576K
}
Event: 6.858 GC heap before
{Heap before GC invocations=15 (full 0):
 garbage-first heap   total 155648K, used 110843K [0x0000000080000000, 0x0000000100000000)
  region size 1024K, 44 young (45056K), 4 survivors (4096K)
 Metaspace       used 69574K, capacity 71408K, committed 71500K, reserved 1112064K
  class space    used 8918K, capacity 9518K, committed 9600K, reserved 1048576K
}
Event: 6.863 GC heap after
{Heap after GC invocations=16 (full 0):
 garbage-first heap   total 155648K, used 72395K [0x0000000080000000, 0x0000000100000000)
  region size 1024K, 3 young (3072K), 3 survivors (3072K)
 Metaspace       used 69574K, capacity 71408K, committed 71500K, reserved 1112064K
  class space    used 8918K, capacity 9518K, committed 9600K, reserved 1048576K
}
Event: 7.064 GC heap before
{Heap before GC invocations=16 (full 0):
 garbage-first heap   total 155648K, used 114379K [0x0000000080000000, 0x0000000100000000)
  region size 1024K, 44 young (45056K), 3 survivors (3072K)
 Metaspace       used 70928K, capacity 72759K, committed 72908K, reserved 1112064K
  class space    used 9129K, capacity 9714K, committed 9728K, reserved 1048576K
}
Event: 7.069 GC heap after
{Heap after GC invocations=17 (full 0):
 garbage-first heap   total 155648K, used 76238K [0x0000000080000000, 0x0000000100000000)
  region size 1024K, 6 young (6144K), 6 survivors (6144K)
 Metaspace       used 70928K, capacity 72759K, committed 72908K, reserved 1112064K
  class space    used 9129K, capacity 9714K, committed 9728K, reserved 1048576K
}
Event: 7.632 GC heap before
{Heap before GC invocations=18 (full 0):
 garbage-first heap   total 155648K, used 118222K [0x0000000080000000, 0x0000000100000000)
  region size 1024K, 47 young (48128K), 6 survivors (6144K)
 Metaspace       used 75183K, capacity 76980K, committed 77004K, reserved 1116160K
  class space    used 9641K, capacity 10237K, committed 10240K, reserved 1048576K
}
Event: 7.640 GC heap after
{Heap after GC invocations=19 (full 0):
 garbage-first heap   total 155648K, used 78580K [0x0000000080000000, 0x0000000100000000)
  region size 1024K, 3 young (3072K), 3 survivors (3072K)
 Metaspace       used 75183K, capacity 76980K, committed 77004K, reserved 1116160K
  class space    used 9641K, capacity 10237K, committed 10240K, reserved 1048576K
}
Event: 7.992 GC heap before
{Heap before GC invocations=19 (full 0):
 garbage-first heap   total 155648K, used 120564K [0x0000000080000000, 0x0000000100000000)
  region size 1024K, 44 young (45056K), 3 survivors (3072K)
 Metaspace       used 78540K, capacity 80463K, committed 80588K, reserved 1120256K
  class space    used 10086K, capacity 10730K, committed 10752K, reserved 1048576K
}
Event: 7.997 GC heap after
{Heap after GC invocations=20 (full 0):
 garbage-first heap   total 187392K, used 80785K [0x0000000080000000, 0x0000000100000000)
  region size 1024K, 5 young (5120K), 5 survivors (5120K)
 Metaspace       used 78540K, capacity 80463K, committed 80588K, reserved 1120256K
  class space    used 10086K, capacity 10730K, committed 10752K, reserved 1048576K
}

Deoptimization events (20 events):
Event: 7.833 Thread 0x0000020c3dc7c000 DEOPT PACKING pc=0x0000020c2c7faa34 sp=0x000000ebf0bf5ef0
Event: 7.833 Thread 0x0000020c3dc7c000 DEOPT UNPACKING pc=0x0000020c24af74af sp=0x000000ebf0bf5e68 mode 2
Event: 7.833 Thread 0x0000020c3dc7c000 Uncommon trap: trap_request=0xffffff4d fr.pc=0x0000020c2c7d4674 relative=0x0000000000001754
Event: 7.833 Thread 0x0000020c3dc7c000 Uncommon trap: reason=unstable_if action=reinterpret pc=0x0000020c2c7d4674 method=java.io.WinNTFileSystem.normalize(Ljava/lang/String;II)Ljava/lang/String; @ 100 c2
Event: 7.833 Thread 0x0000020c3dc7c000 DEOPT PACKING pc=0x0000020c2c7d4674 sp=0x000000ebf0bf5dc0
Event: 7.833 Thread 0x0000020c3dc7c000 DEOPT UNPACKING pc=0x0000020c24af74af sp=0x000000ebf0bf5dc8 mode 2
Event: 7.836 Thread 0x0000020c3dc7c000 DEOPT PACKING pc=0x0000020c25db4770 sp=0x000000ebf0bf9be0
Event: 7.836 Thread 0x0000020c3dc7c000 DEOPT UNPACKING pc=0x0000020c24af72ce sp=0x000000ebf0bf90b8 mode 0
Event: 7.861 Thread 0x0000020c3dc7c000 Uncommon trap: trap_request=0xffffffde fr.pc=0x0000020c2c94465c relative=0x0000000000000a1c
Event: 7.861 Thread 0x0000020c3dc7c000 Uncommon trap: reason=class_check action=maybe_recompile pc=0x0000020c2c94465c method=java.util.regex.Pattern$BnM.match(Ljava/util/regex/Matcher;ILjava/lang/CharSequence;)Z @ 111 c2
Event: 7.861 Thread 0x0000020c3dc7c000 DEOPT PACKING pc=0x0000020c2c94465c sp=0x000000ebf0bf9da0
Event: 7.861 Thread 0x0000020c3dc7c000 DEOPT UNPACKING pc=0x0000020c24af74af sp=0x000000ebf0bf9cc0 mode 2
Event: 7.922 Thread 0x0000020c3dc7c000 Uncommon trap: trap_request=0xffffffde fr.pc=0x0000020c2c743a54 relative=0x0000000000000514
Event: 7.922 Thread 0x0000020c3dc7c000 Uncommon trap: reason=class_check action=maybe_recompile pc=0x0000020c2c743a54 method=java.lang.Throwable.<init>(Ljava/lang/String;Ljava/lang/Throwable;)V @ 24 c2
Event: 7.922 Thread 0x0000020c3dc7c000 DEOPT PACKING pc=0x0000020c2c743a54 sp=0x000000ebf0bfa870
Event: 7.922 Thread 0x0000020c3dc7c000 DEOPT UNPACKING pc=0x0000020c24af74af sp=0x000000ebf0bfa838 mode 2
Event: 7.998 Thread 0x0000020c3dc7c000 Uncommon trap: trap_request=0xffffff4d fr.pc=0x0000020c2c75d6d0 relative=0x0000000000000c50
Event: 7.998 Thread 0x0000020c3dc7c000 Uncommon trap: reason=unstable_if action=reinterpret pc=0x0000020c2c75d6d0 method=java.util.jar.JarFile.getVersionedEntry(Ljava/lang/String;Ljava/util/jar/JarEntry;)Ljava/util/jar/JarEntry; @ 67 c2
Event: 7.998 Thread 0x0000020c3dc7c000 DEOPT PACKING pc=0x0000020c2c75d6d0 sp=0x000000ebf0bf6ed0
Event: 7.998 Thread 0x0000020c3dc7c000 DEOPT UNPACKING pc=0x0000020c24af74af sp=0x000000ebf0bf6d80 mode 2

Classes redefined (0 events):
No events

Internal exceptions (20 events):
Event: 7.771 Thread 0x0000020c3dc7c000 Exception <a 'java/lang/NoSuchMethodError'{0x000000008877b4d8}: 'int java.lang.invoke.DirectMethodHandle$Holder.invokeStatic(java.lang.Object, int, int, java.lang.Object)'> (0x000000008877b4d8) thrown at [./src/hotspot/share/interpreter/linkResolver.cpp, line 773]
Event: 7.775 Thread 0x0000020c3dc7c000 Exception <a 'java/lang/ClassNotFoundException'{0x00000000886317a8}: java/util/LinkedHashSetBeanInfo> (0x00000000886317a8) thrown at [./src/hotspot/share/classfile/systemDictionary.cpp, line 231]
Event: 7.775 Thread 0x0000020c3dc7c000 Exception <a 'java/lang/ClassNotFoundException'{0x0000000088638ae0}: java/util/HashSetBeanInfo> (0x0000000088638ae0) thrown at [./src/hotspot/share/classfile/systemDictionary.cpp, line 231]
Event: 7.775 Thread 0x0000020c3dc7c000 Exception <a 'java/lang/ClassNotFoundException'{0x0000000088640460}: java/util/AbstractSetBeanInfo> (0x0000000088640460) thrown at [./src/hotspot/share/classfile/systemDictionary.cpp, line 231]
Event: 7.775 Thread 0x0000020c3dc7c000 Exception <a 'java/lang/ClassNotFoundException'{0x0000000088647db8}: java/util/AbstractSetCustomizer> (0x0000000088647db8) thrown at [./src/hotspot/share/classfile/systemDictionary.cpp, line 231]
Event: 7.776 Thread 0x0000020c3dc7c000 Exception <a 'java/lang/ClassNotFoundException'{0x00000000886538b8}: java/util/HashSetCustomizer> (0x00000000886538b8) thrown at [./src/hotspot/share/classfile/systemDictionary.cpp, line 231]
Event: 7.776 Thread 0x0000020c3dc7c000 Exception <a 'java/lang/ClassNotFoundException'{0x0000000088663350}: java/util/LinkedHashSetCustomizer> (0x0000000088663350) thrown at [./src/hotspot/share/classfile/systemDictionary.cpp, line 231]
Event: 7.780 Thread 0x0000020c3dc7c000 Exception <a 'java/lang/ClassNotFoundException'{0x000000008853c4e8}: com/android/build/gradle/tasks/factory/AndroidUnitTest_DecoratedBeanInfo> (0x000000008853c4e8) thrown at [./src/hotspot/share/classfile/systemDictionary.cpp, line 231]
Event: 7.780 Thread 0x0000020c3dc7c000 Exception <a 'java/lang/ClassNotFoundException'{0x000000008854ff50}: com/android/build/gradle/tasks/factory/AndroidUnitTestBeanInfo> (0x000000008854ff50) thrown at [./src/hotspot/share/classfile/systemDictionary.cpp, line 231]
Event: 7.781 Thread 0x0000020c3dc7c000 Exception <a 'java/lang/ClassNotFoundException'{0x0000000088566e38}: org/gradle/api/tasks/testing/TestBeanInfo> (0x0000000088566e38) thrown at [./src/hotspot/share/classfile/systemDictionary.cpp, line 231]
Event: 7.781 Thread 0x0000020c3dc7c000 Exception <a 'java/lang/ClassNotFoundException'{0x0000000088582250}: org/gradle/api/tasks/testing/AbstractTestTaskBeanInfo> (0x0000000088582250) thrown at [./src/hotspot/share/classfile/systemDictionary.cpp, line 231]
Event: 7.781 Thread 0x0000020c3dc7c000 Exception <a 'java/lang/ClassNotFoundException'{0x000000008859cca8}: org/gradle/api/tasks/testing/AbstractTestTaskCustomizer> (0x000000008859cca8) thrown at [./src/hotspot/share/classfile/systemDictionary.cpp, line 231]
Event: 7.782 Thread 0x0000020c3dc7c000 Exception <a 'java/lang/ClassNotFoundException'{0x00000000885d2e38}: org/gradle/api/tasks/testing/TestCustomizer> (0x00000000885d2e38) thrown at [./src/hotspot/share/classfile/systemDictionary.cpp, line 231]
Event: 7.787 Thread 0x0000020c3dc7c000 Exception <a 'java/lang/ClassNotFoundException'{0x000000008847f5f8}: com/android/build/gradle/tasks/factory/AndroidUnitTestCustomizer> (0x000000008847f5f8) thrown at [./src/hotspot/share/classfile/systemDictionary.cpp, line 231]
Event: 7.788 Thread 0x0000020c3dc7c000 Exception <a 'java/lang/ClassNotFoundException'{0x00000000884b03b0}: com/android/build/gradle/tasks/factory/AndroidUnitTest_DecoratedCustomizer> (0x00000000884b03b0) thrown at [./src/hotspot/share/classfile/systemDictionary.cpp, line 231]
Event: 7.837 Thread 0x0000020c3dc7c000 Exception <a 'java/lang/ClassNotFoundException'{0x0000000087dfbb10}: org/gradle/api/internal/tasks/DefaultSourceSetContainer_DecoratedBeanInfo> (0x0000000087dfbb10) thrown at [./src/hotspot/share/classfile/systemDictionary.cpp, line 231]
Event: 7.838 Thread 0x0000020c3dc7c000 Exception <a 'java/lang/ClassNotFoundException'{0x0000000087c175c8}: org/gradle/api/internal/tasks/DefaultSourceSetContainerBeanInfo> (0x0000000087c175c8) thrown at [./src/hotspot/share/classfile/systemDictionary.cpp, line 231]
Event: 7.838 Thread 0x0000020c3dc7c000 Exception <a 'java/lang/ClassNotFoundException'{0x0000000087c319a8}: org/gradle/api/internal/tasks/DefaultSourceSetContainerCustomizer> (0x0000000087c319a8) thrown at [./src/hotspot/share/classfile/systemDictionary.cpp, line 231]
Event: 7.839 Thread 0x0000020c3dc7c000 Exception <a 'java/lang/ClassNotFoundException'{0x0000000087c5a170}: org/gradle/api/internal/tasks/DefaultSourceSetContainer_DecoratedCustomizer> (0x0000000087c5a170) thrown at [./src/hotspot/share/classfile/systemDictionary.cpp, line 231]
Event: 7.953 Thread 0x0000020c3dc7c000 Exception <a 'sun/nio/fs/WindowsException'{0x0000000087209588}> (0x0000000087209588) thrown at [./src/hotspot/share/prims/jni.cpp, line 615]

Events (20 events):
Event: 8.034 loading class com/sun/xml/bind/v2/model/impl/ElementInfoImpl
Event: 8.034 loading class com/sun/xml/bind/v2/model/impl/ElementInfoImpl done
Event: 8.035 loading class com/sun/xml/bind/v2/model/core/ElementInfo
Event: 8.035 loading class com/sun/xml/bind/v2/model/core/ElementInfo done
Event: 8.036 loading class com/sun/xml/bind/v2/model/core/Element
Event: 8.036 loading class com/sun/xml/bind/v2/model/core/Element done
Event: 8.036 loading class com/sun/xml/bind/v2/model/impl/TypeInfoImpl
Event: 8.036 loading class com/sun/xml/bind/v2/model/impl/TypeInfoImpl done
Event: 8.036 loading class com/sun/xml/bind/v2/model/impl/RuntimeElementInfoImpl
Event: 8.036 loading class com/sun/xml/bind/v2/model/impl/RuntimeElementInfoImpl done
Event: 8.037 loading class com/sun/xml/bind/v2/model/runtime/RuntimeElementInfo
Event: 8.037 loading class com/sun/xml/bind/v2/model/runtime/RuntimeElementInfo done
Event: 8.037 loading class com/sun/xml/bind/v2/model/runtime/RuntimeElement
Event: 8.037 loading class com/sun/xml/bind/v2/model/runtime/RuntimeElement done
Event: 8.038 loading class com/sun/xml/bind/v2/runtime/Transducer
Event: 8.038 loading class com/sun/xml/bind/v2/runtime/Transducer done
Event: 8.038 loading class com/sun/xml/bind/v2/model/impl/ClassInfoImpl
Event: 8.038 loading class com/sun/xml/bind/v2/model/impl/ClassInfoImpl done
Event: 8.039 loading class com/sun/xml/bind/v2/model/core/ClassInfo
Event: 8.039 loading class com/sun/xml/bind/v2/model/core/ClassInfo done


Dynamic libraries:
0x00007ff699e70000 - 0x00007ff699e7a000 	C:\Program Files\Android\Android Studio\jre\bin\java.exe
0x00007ffd10650000 - 0x00007ffd10845000 	C:\Windows\SYSTEM32\ntdll.dll
0x00007ffd0fd60000 - 0x00007ffd0fe1d000 	C:\Windows\System32\KERNEL32.DLL
0x00007ffd0df40000 - 0x00007ffd0e208000 	C:\Windows\System32\KERNELBASE.dll
0x00007ffd0e5c0000 - 0x00007ffd0e6c0000 	C:\Windows\System32\ucrtbase.dll
0x00007ffd07260000 - 0x00007ffd07277000 	C:\Program Files\Android\Android Studio\jre\bin\VCRUNTIME140.dll
0x00007ffd07220000 - 0x00007ffd07239000 	C:\Program Files\Android\Android Studio\jre\bin\jli.dll
0x00007ffd0ee60000 - 0x00007ffd0f000000 	C:\Windows\System32\USER32.dll
0x00007ffd0e430000 - 0x00007ffd0e452000 	C:\Windows\System32\win32u.dll
0x00007ffd10450000 - 0x00007ffd1047a000 	C:\Windows\System32\GDI32.dll
0x00007ffcee760000 - 0x00007ffcee9fa000 	C:\Windows\WinSxS\amd64_microsoft.windows.common-controls_6595b64144ccf1df_6.0.19041.1052_none_60b8f8fd71f5e8cb\COMCTL32.dll
0x00007ffd0e210000 - 0x00007ffd0e31b000 	C:\Windows\System32\gdi32full.dll
0x00007ffd0ec00000 - 0x00007ffd0ec9e000 	C:\Windows\System32\msvcrt.dll
0x00007ffd0ddf0000 - 0x00007ffd0de8d000 	C:\Windows\System32\msvcp_win.dll
0x00007ffd0edd0000 - 0x00007ffd0ee00000 	C:\Windows\System32\IMM32.DLL
0x00007ffcd9000000 - 0x00007ffcd909d000 	C:\Program Files\Android\Android Studio\jre\bin\msvcp140.dll
0x00007ffc91870000 - 0x00007ffc9232c000 	C:\Program Files\Android\Android Studio\jre\bin\server\jvm.dll
0x00007ffd0e6c0000 - 0x00007ffd0e76c000 	C:\Windows\System32\ADVAPI32.dll
0x00007ffd0fe30000 - 0x00007ffd0fecb000 	C:\Windows\System32\sechost.dll
0x00007ffd0f740000 - 0x00007ffd0f86b000 	C:\Windows\System32\RPCRT4.dll
0x00007ffd0fe20000 - 0x00007ffd0fe28000 	C:\Windows\System32\PSAPI.DLL
0x00007ffcefd50000 - 0x00007ffcefd77000 	C:\Windows\SYSTEM32\WINMM.dll
0x00007ffd07760000 - 0x00007ffd0776a000 	C:\Windows\SYSTEM32\VERSION.dll
0x00007ffd0aff0000 - 0x00007ffd0aff9000 	C:\Windows\SYSTEM32\WSOCK32.dll
0x00007ffd0f8f0000 - 0x00007ffd0f95b000 	C:\Windows\System32\WS2_32.dll
0x00007ffd0c680000 - 0x00007ffd0c692000 	C:\Windows\SYSTEM32\kernel.appcore.dll
0x00007ffcfd1f0000 - 0x00007ffcfd201000 	C:\Program Files\Android\Android Studio\jre\bin\verify.dll
0x00007ffd0bc90000 - 0x00007ffd0be74000 	C:\Windows\SYSTEM32\DBGHELP.DLL
0x00007ffcf2750000 - 0x00007ffcf277c000 	C:\Windows\SYSTEM32\dbgcore.DLL
0x00007ffd0e3a0000 - 0x00007ffd0e423000 	C:\Windows\System32\bcryptPrimitives.dll
0x00007ffce6580000 - 0x00007ffce65a9000 	C:\Program Files\Android\Android Studio\jre\bin\java.dll
0x00007ffd0afe0000 - 0x00007ffd0afeb000 	C:\Program Files\Android\Android Studio\jre\bin\jimage.dll
0x00007ffcc94b0000 - 0x00007ffcc94c8000 	C:\Program Files\Android\Android Studio\jre\bin\zip.dll
0x00007ffd0f000000 - 0x00007ffd0f73f000 	C:\Windows\System32\SHELL32.dll
0x00007ffd0bea0000 - 0x00007ffd0c630000 	C:\Windows\SYSTEM32\windows.storage.dll
0x00007ffd0ff40000 - 0x00007ffd10295000 	C:\Windows\System32\combase.dll
0x00007ffd0d800000 - 0x00007ffd0d82c000 	C:\Windows\SYSTEM32\Wldp.dll
0x00007ffd0fb80000 - 0x00007ffd0fc2e000 	C:\Windows\System32\SHCORE.dll
0x00007ffd0f9f0000 - 0x00007ffd0fa45000 	C:\Windows\System32\shlwapi.dll
0x00007ffd0dcd0000 - 0x00007ffd0dcef000 	C:\Windows\SYSTEM32\profapi.dll
0x00007ffcc9490000 - 0x00007ffcc94aa000 	C:\Program Files\Android\Android Studio\jre\bin\net.dll
0x00007ffcfb580000 - 0x00007ffcfb68b000 	C:\Windows\SYSTEM32\WINHTTP.dll
0x00007ffd0d570000 - 0x00007ffd0d5da000 	C:\Windows\system32\mswsock.dll
0x00007ffcc9470000 - 0x00007ffcc9484000 	C:\Program Files\Android\Android Studio\jre\bin\nio.dll
0x00007ffc924c0000 - 0x00007ffc924e7000 	C:\Users\maddy\.gradle\native\fdc75f09e3144964f2cf3f50f0aa648679c211496f362492102eb8c894070792\windows-amd64\native-platform.dll
0x00007ffc914b0000 - 0x00007ffc91646000 	C:\Users\maddy\.gradle\native\12488b8bf47d2d4c9fbf2f6322a914ad602e24e48041cd04a747c6da556b65c4\windows-amd64\native-platform-file-events.dll
0x00007ffd06380000 - 0x00007ffd0638a000 	C:\Program Files\Android\Android Studio\jre\bin\management.dll
0x00007ffd06350000 - 0x00007ffd0635c000 	C:\Program Files\Android\Android Studio\jre\bin\management_ext.dll
0x00007ffd0d740000 - 0x00007ffd0d758000 	C:\Windows\SYSTEM32\CRYPTSP.dll
0x00007ffd0cea0000 - 0x00007ffd0ced4000 	C:\Windows\system32\rsaenh.dll
0x00007ffd0e320000 - 0x00007ffd0e347000 	C:\Windows\System32\bcrypt.dll
0x00007ffd0dc90000 - 0x00007ffd0dcbe000 	C:\Windows\SYSTEM32\USERENV.dll
0x00007ffd0d760000 - 0x00007ffd0d76c000 	C:\Windows\SYSTEM32\CRYPTBASE.dll
0x00007ffd0d210000 - 0x00007ffd0d24b000 	C:\Windows\SYSTEM32\IPHLPAPI.DLL
0x00007ffd0fa50000 - 0x00007ffd0fa58000 	C:\Windows\System32\NSI.dll
0x00007ffd0ba60000 - 0x00007ffd0ba77000 	C:\Windows\SYSTEM32\dhcpcsvc6.DLL
0x00007ffd0ba40000 - 0x00007ffd0ba5d000 	C:\Windows\SYSTEM32\dhcpcsvc.DLL
0x00007ffd0d260000 - 0x00007ffd0d32c000 	C:\Windows\SYSTEM32\DNSAPI.dll
0x00007ffd063c0000 - 0x00007ffd063cb000 	C:\Windows\SYSTEM32\WINNSI.DLL

dbghelp: loaded successfully - version: 4.0.5 - missing functions: none
symbol engine: initialized successfully - sym options: 0x614 - pdb path: .;C:\Program Files\Android\Android Studio\jre\bin;C:\Windows\SYSTEM32;C:\Windows\WinSxS\amd64_microsoft.windows.common-controls_6595b64144ccf1df_6.0.19041.1052_none_60b8f8fd71f5e8cb;C:\Program Files\Android\Android Studio\jre\bin\server;C:\Users\maddy\.gradle\native\fdc75f09e3144964f2cf3f50f0aa648679c211496f362492102eb8c894070792\windows-amd64;C:\Users\maddy\.gradle\native\12488b8bf47d2d4c9fbf2f6322a914ad602e24e48041cd04a747c6da556b65c4\windows-amd64

VM Arguments:
jvm_args: --add-opens=java.base/java.util=ALL-UNNAMED --add-opens=java.base/java.lang=ALL-UNNAMED --add-opens=java.base/java.lang.invoke=ALL-UNNAMED --add-opens=java.prefs/java.util.prefs=ALL-UNNAMED -Xmx2048m -Dfile.encoding=UTF-8 -Duser.country=US -Duser.language=en -Duser.variant 
java_command: org.gradle.launcher.daemon.bootstrap.GradleDaemon 6.7.1
java_class_path (initial): C:\Users\maddy\.gradle\wrapper\dists\gradle-6.7.1-bin\bwlcbys1h7rz3272sye1xwiv6\gradle-6.7.1\lib\gradle-launcher-6.7.1.jar
Launcher Type: SUN_STANDARD

[Global flags]
     intx CICompilerCount                          = 4                                         {product} {ergonomic}
     uint ConcGCThreads                            = 2                                         {product} {ergonomic}
     uint G1ConcRefinementThreads                  = 8                                         {product} {ergonomic}
   size_t G1HeapRegionSize                         = 1048576                                   {product} {ergonomic}
    uintx GCDrainStackTargetSize                   = 64                                        {product} {ergonomic}
   size_t InitialHeapSize                          = 132120576                                 {product} {ergonomic}
   size_t MarkStackSize                            = 4194304                                   {product} {ergonomic}
   size_t MaxHeapSize                              = 2147483648                                {product} {command line}
   size_t MaxNewSize                               = 1287651328                                {product} {ergonomic}
   size_t MinHeapDeltaBytes                        = 1048576                                   {product} {ergonomic}
    uintx NonNMethodCodeHeapSize                   = 5836300                                {pd product} {ergonomic}
    uintx NonProfiledCodeHeapSize                  = 122910970                              {pd product} {ergonomic}
    uintx ProfiledCodeHeapSize                     = 122910970                              {pd product} {ergonomic}
    uintx ReservedCodeCacheSize                    = 251658240                              {pd product} {ergonomic}
     bool SegmentedCodeCache                       = true                                      {product} {ergonomic}
     bool UseCompressedClassPointers               = true                                 {lp64_product} {ergonomic}
     bool UseCompressedOops                        = true                                 {lp64_product} {ergonomic}
     bool UseG1GC                                  = true                                      {product} {ergonomic}
     bool UseLargePagesIndividualAllocation        = false                                  {pd product} {ergonomic}

Logging:
Log output configuration:
 #0: stdout all=warning uptime,level,tags
 #1: stderr all=off uptime,level,tags

Environment Variables:
PATH=C:\Program Files (x86)\Google\Chrome\Application;C:\Python39\Scripts\;C:\Python39\;C:\Windows\system32;C:\Windows;C:\Windows\System32\Wbem;C:\Windows\System32\WindowsPowerShell\v1.0\;C:\Windows\System32\OpenSSH\;C:\Program Files (x86)\NVIDIA Corporation\PhysX\Common;C:\Program Files\NVIDIA Corporation\NVIDIA NvDLISR;C:\Users\maddy\AppData\Local\Microsoft\WindowsApps;C:\adb;C:\Program Files\Git\cmd;C:\ProgramData\chocolatey\bin;;C:\TDM-GCC-64\bin;C:\xampp\php;C:\ProgramData\ComposerSetup\bin;C:\Windows\system32;C:\Windows;C:\Windows\System32\Wbem;C:\Windows\System32\WindowsPowerShell\v1.0\;C:\Windows\System32\OpenSSH\;C:\Program Files\nodejs\;C:\Users\maddy\AppData\Local\Programs\Python\Python36\Scripts\;C:\Users\maddy\AppData\Local\Programs\Python\Python36\;C:\Users\maddy\AppData\Local\Microsoft\WindowsApps;C:\Program Files\Java\jdk-13.0.2\bin;C:\Users\maddy\AppData\Local\Programs\Python\Python38\Scripts;;C:\Program Files\JetBrains\PyCharm 2020.2.2\bin;;C:\Users\maddy\AppData\Roaming\Composer\vendor\bin;C:\Users\maddy\AppData\Roaming\npm
USERNAME=maddy
OS=Windows_NT
PROCESSOR_IDENTIFIER=Intel64 Family 6 Model 158 Stepping 10, GenuineIntel



---------------  S Y S T E M  ---------------

OS: Windows 10 , 64 bit Build 19041 (10.0.19041.1023)
OS uptime: 0 days 2:48 hours

CPU:total 8 (initial active 8) (4 cores per cpu, 2 threads per core) family 6 model 158 stepping 10, cmov, cx8, fxsr, mmx, sse, sse2, sse3, ssse3, sse4.1, sse4.2, popcnt, avx, avx2, aes, clmul, erms, 3dnowpref, lzcnt, ht, tsc, tscinvbit, bmi1, bmi2, adx, fma

Memory: 4k page, system-wide physical 7999M (1497M free)
TotalPageFile size 8531M (AvailPageFile size 6M)
current process WorkingSet (physical memory assigned to process): 413M, peak: 413M
current process commit charge ("private bytes"): 481M, peak: 483M

vm_info: OpenJDK 64-Bit Server VM (11.0.8+10-b944.6842174) for windows-amd64 JRE (11.0.8+10-b944.6842174), built on Sep 19 2020 01:11:42 by "builder" with MS VC++ 14.0 (VS2015)

END.
